[0.142s] Invoking command in '/home/ws/build/my_robot_interfaces': CMAKE_PREFIX_PATH=${CMAKE_PREFIX_PATH}:/home/ws/install/my_py_pkg:/opt/ros/jazzy /usr/bin/cmake --build /home/ws/build/my_robot_interfaces -- -j4 -l4
[1.196s] -- Found ament_cmake: 2.5.4 (/opt/ros/jazzy/share/ament_cmake/cmake)
[1.461s] -- Found Python3: /usr/bin/python3 (found version "3.12.3") found components: Interpreter 
[1.899s] -- Found rosidl_default_generators: 1.6.0 (/opt/ros/jazzy/share/rosidl_default_generators/cmake)
[2.026s] -- Using all available rosidl_typesupport_c: rosidl_typesupport_fastrtps_c;rosidl_typesupport_introspection_c
[2.393s] -- Using all available rosidl_typesupport_cpp: rosidl_typesupport_fastrtps_cpp;rosidl_typesupport_introspection_cpp
[2.472s] -- Found rosidl_adapter: 4.6.6 (/opt/ros/jazzy/share/rosidl_adapter/cmake)
[3.869s] -- Found ament_cmake_ros: 0.12.0 (/opt/ros/jazzy/share/ament_cmake_ros/cmake)
[4.099s] -- Using all available rosidl_typesupport_c: rosidl_typesupport_fastrtps_c;rosidl_typesupport_introspection_c
[4.258s] -- Using all available rosidl_typesupport_cpp: rosidl_typesupport_fastrtps_cpp;rosidl_typesupport_introspection_cpp
[4.284s] -- Found python_cmake_module: 0.11.1 (/opt/ros/jazzy/share/python_cmake_module/cmake)
[4.717s] -- Found Python3: /usr/bin/python3 (found version "3.12.3") found components: Interpreter Development NumPy Development.Module Development.Embed 
[4.910s] -- Configuring done (4.2s)
[5.803s] -- Generating done (0.8s)
[5.845s] -- Build files have been written to: /home/ws/build/my_robot_interfaces
[5.893s] [  1%] [34m[1mGenerating type hashes for ROS interfaces[0m
[6.390s] [  1%] Built target ament_cmake_python_copy_my_robot_interfaces
[6.538s] [  1%] Built target my_robot_interfaces__rosidl_generator_type_description
[6.553s] [  3%] [34m[1mGenerating C code for ROS interfaces[0m
[6.590s] [  4%] [34m[1mGenerating C++ code for ROS interfaces[0m
[6.911s] running egg_info
[6.931s] writing my_robot_interfaces.egg-info/PKG-INFO
[6.931s] writing dependency_links to my_robot_interfaces.egg-info/dependency_links.txt
[6.931s] writing top-level names to my_robot_interfaces.egg-info/top_level.txt
[6.998s] reading manifest file 'my_robot_interfaces.egg-info/SOURCES.txt'
[7.049s] writing manifest file 'my_robot_interfaces.egg-info/SOURCES.txt'
[7.082s] [  4%] Built target ament_cmake_python_build_my_robot_interfaces_egg
[7.296s] [  4%] Built target my_robot_interfaces__cpp
[7.853s] [  6%] [32mBuilding C object CMakeFiles/my_robot_interfaces__rosidl_generator_c.dir/rosidl_generator_c/my_robot_interfaces/msg/detail/hardware_status__description.c.o[0m
[7.860s] [  7%] [32mBuilding C object CMakeFiles/my_robot_interfaces__rosidl_generator_c.dir/rosidl_generator_c/my_robot_interfaces/msg/detail/led_state_array__description.c.o[0m
[7.863s] [  9%] [32mBuilding C object CMakeFiles/my_robot_interfaces__rosidl_generator_c.dir/rosidl_generator_c/my_robot_interfaces/msg/detail/hardware_status__type_support.c.o[0m
[7.872s] [ 10%] [32mBuilding C object CMakeFiles/my_robot_interfaces__rosidl_generator_c.dir/rosidl_generator_c/my_robot_interfaces/msg/detail/hardware_status__functions.c.o[0m
[9.828s] [ 12%] [32mBuilding C object CMakeFiles/my_robot_interfaces__rosidl_generator_c.dir/rosidl_generator_c/my_robot_interfaces/msg/detail/led_state_array__functions.c.o[0m
[10.441s] [ 14%] [32mBuilding C object CMakeFiles/my_robot_interfaces__rosidl_generator_c.dir/rosidl_generator_c/my_robot_interfaces/msg/detail/led_state_array__type_support.c.o[0m
[10.441s] [ 15%] [32mBuilding C object CMakeFiles/my_robot_interfaces__rosidl_generator_c.dir/rosidl_generator_c/my_robot_interfaces/srv/detail/compute_rectangle_area__description.c.o[0m
[10.485s] [ 17%] [32mBuilding C object CMakeFiles/my_robot_interfaces__rosidl_generator_c.dir/rosidl_generator_c/my_robot_interfaces/srv/detail/compute_rectangle_area__functions.c.o[0m
[10.895s] [ 20%] [32mBuilding C object CMakeFiles/my_robot_interfaces__rosidl_generator_c.dir/rosidl_generator_c/my_robot_interfaces/srv/detail/compute_rectangle_area__type_support.c.o[0m
[10.895s] [ 20%] [32mBuilding C object CMakeFiles/my_robot_interfaces__rosidl_generator_c.dir/rosidl_generator_c/my_robot_interfaces/srv/detail/set_led__description.c.o[0m
[10.902s] [ 21%] [32mBuilding C object CMakeFiles/my_robot_interfaces__rosidl_generator_c.dir/rosidl_generator_c/my_robot_interfaces/srv/detail/set_led__functions.c.o[0m
[10.939s] [ 23%] [32mBuilding C object CMakeFiles/my_robot_interfaces__rosidl_generator_c.dir/rosidl_generator_c/my_robot_interfaces/srv/detail/set_led__type_support.c.o[0m
[10.993s] [ 25%] [32m[1mLinking C shared library libmy_robot_interfaces__rosidl_generator_c.so[0m
[11.966s] [ 25%] Built target my_robot_interfaces__rosidl_generator_c
[12.024s] [ 26%] [34m[1mGenerating C++ type support dispatch for ROS interfaces[0m
[12.027s] [ 28%] [34m[1mGenerating C introspection for ROS interfaces[0m
[12.039s] [ 29%] [34m[1mGenerating C type support dispatch for ROS interfaces[0m
[12.046s] [ 31%] [34m[1mGenerating C type support for eProsima Fast-RTPS[0m
[13.053s] [ 32%] [32mBuilding CXX object CMakeFiles/my_robot_interfaces__rosidl_typesupport_c.dir/rosidl_typesupport_c/my_robot_interfaces/msg/hardware_status__type_support.cpp.o[0m
[13.154s] [ 34%] [32mBuilding CXX object CMakeFiles/my_robot_interfaces__rosidl_typesupport_cpp.dir/rosidl_typesupport_cpp/my_robot_interfaces/msg/hardware_status__type_support.cpp.o[0m
[13.277s] [ 35%] [32mBuilding C object CMakeFiles/my_robot_interfaces__rosidl_typesupport_introspection_c.dir/rosidl_typesupport_introspection_c/my_robot_interfaces/msg/detail/hardware_status__type_support.c.o[0m
[13.608s] [ 37%] [32mBuilding C object CMakeFiles/my_robot_interfaces__rosidl_typesupport_introspection_c.dir/rosidl_typesupport_introspection_c/my_robot_interfaces/msg/detail/led_state_array__type_support.c.o[0m
[13.623s] [ 39%] [32mBuilding CXX object CMakeFiles/my_robot_interfaces__rosidl_typesupport_fastrtps_c.dir/rosidl_typesupport_fastrtps_c/my_robot_interfaces/msg/detail/hardware_status__type_support_c.cpp.o[0m
[13.659s] [ 40%] [32mBuilding C object CMakeFiles/my_robot_interfaces__rosidl_typesupport_introspection_c.dir/rosidl_typesupport_introspection_c/my_robot_interfaces/srv/detail/compute_rectangle_area__type_support.c.o[0m
[13.992s] [ 42%] [32mBuilding C object CMakeFiles/my_robot_interfaces__rosidl_typesupport_introspection_c.dir/rosidl_typesupport_introspection_c/my_robot_interfaces/srv/detail/set_led__type_support.c.o[0m
[14.050s] [ 43%] [32m[1mLinking C shared library libmy_robot_interfaces__rosidl_typesupport_introspection_c.so[0m
[14.089s] [ 43%] Built target my_robot_interfaces__rosidl_typesupport_introspection_c
[14.101s] [ 45%] [34m[1mGenerating C++ type support for eProsima Fast-RTPS[0m
[16.078s] [ 46%] [32mBuilding CXX object CMakeFiles/my_robot_interfaces__rosidl_typesupport_fastrtps_cpp.dir/rosidl_typesupport_fastrtps_cpp/my_robot_interfaces/msg/detail/dds_fastrtps/hardware_status__type_support.cpp.o[0m
[17.260s] [ 48%] [32mBuilding CXX object CMakeFiles/my_robot_interfaces__rosidl_typesupport_c.dir/rosidl_typesupport_c/my_robot_interfaces/msg/led_state_array__type_support.cpp.o[0m
[17.323s] [ 50%] [32mBuilding CXX object CMakeFiles/my_robot_interfaces__rosidl_typesupport_c.dir/rosidl_typesupport_c/my_robot_interfaces/srv/compute_rectangle_area__type_support.cpp.o[0m
[17.497s] [ 51%] [32mBuilding CXX object CMakeFiles/my_robot_interfaces__rosidl_typesupport_c.dir/rosidl_typesupport_c/my_robot_interfaces/srv/set_led__type_support.cpp.o[0m
[17.561s] [ 53%] [32m[1mLinking CXX shared library libmy_robot_interfaces__rosidl_typesupport_c.so[0m
[17.772s] [ 53%] Built target my_robot_interfaces__rosidl_typesupport_c
[17.814s] [ 54%] [34m[1mGenerating C++ introspection for ROS interfaces[0m
[19.854s] [ 56%] [32mBuilding CXX object CMakeFiles/my_robot_interfaces__rosidl_typesupport_cpp.dir/rosidl_typesupport_cpp/my_robot_interfaces/msg/led_state_array__type_support.cpp.o[0m
[21.577s] [ 57%] [32mBuilding CXX object CMakeFiles/my_robot_interfaces__rosidl_typesupport_fastrtps_cpp.dir/rosidl_typesupport_fastrtps_cpp/my_robot_interfaces/msg/detail/dds_fastrtps/led_state_array__type_support.cpp.o[0m
[21.602s] [ 59%] [32mBuilding CXX object CMakeFiles/my_robot_interfaces__rosidl_typesupport_fastrtps_c.dir/rosidl_typesupport_fastrtps_c/my_robot_interfaces/msg/detail/led_state_array__type_support_c.cpp.o[0m
[22.615s] [ 60%] [32mBuilding CXX object CMakeFiles/my_robot_interfaces__rosidl_typesupport_introspection_cpp.dir/rosidl_typesupport_introspection_cpp/my_robot_interfaces/msg/detail/hardware_status__type_support.cpp.o[0m
[24.678s] [ 62%] [32mBuilding CXX object CMakeFiles/my_robot_interfaces__rosidl_typesupport_cpp.dir/rosidl_typesupport_cpp/my_robot_interfaces/srv/compute_rectangle_area__type_support.cpp.o[0m
[24.734s] [ 64%] [32mBuilding CXX object CMakeFiles/my_robot_interfaces__rosidl_typesupport_introspection_cpp.dir/rosidl_typesupport_introspection_cpp/my_robot_interfaces/msg/detail/led_state_array__type_support.cpp.o[0m
[25.476s] [ 65%] [32mBuilding CXX object CMakeFiles/my_robot_interfaces__rosidl_typesupport_introspection_cpp.dir/rosidl_typesupport_introspection_cpp/my_robot_interfaces/srv/detail/compute_rectangle_area__type_support.cpp.o[0m
[25.488s] [ 67%] [32mBuilding CXX object CMakeFiles/my_robot_interfaces__rosidl_typesupport_fastrtps_cpp.dir/rosidl_typesupport_fastrtps_cpp/my_robot_interfaces/srv/detail/dds_fastrtps/compute_rectangle_area__type_support.cpp.o[0m
[25.576s] [ 68%] [32mBuilding CXX object CMakeFiles/my_robot_interfaces__rosidl_typesupport_fastrtps_c.dir/rosidl_typesupport_fastrtps_c/my_robot_interfaces/srv/detail/compute_rectangle_area__type_support_c.cpp.o[0m
[26.249s] [ 70%] [32mBuilding CXX object CMakeFiles/my_robot_interfaces__rosidl_typesupport_cpp.dir/rosidl_typesupport_cpp/my_robot_interfaces/srv/set_led__type_support.cpp.o[0m
[26.258s] [ 71%] [32mBuilding CXX object CMakeFiles/my_robot_interfaces__rosidl_typesupport_introspection_cpp.dir/rosidl_typesupport_introspection_cpp/my_robot_interfaces/srv/detail/set_led__type_support.cpp.o[0m
[26.816s] [ 73%] [32m[1mLinking CXX shared library libmy_robot_interfaces__rosidl_typesupport_introspection_cpp.so[0m
[26.848s] [ 75%] [32m[1mLinking CXX shared library libmy_robot_interfaces__rosidl_typesupport_cpp.so[0m
[27.214s] [ 76%] [32mBuilding CXX object CMakeFiles/my_robot_interfaces__rosidl_typesupport_fastrtps_c.dir/rosidl_typesupport_fastrtps_c/my_robot_interfaces/srv/detail/set_led__type_support_c.cpp.o[0m
[27.464s] [ 76%] Built target my_robot_interfaces__rosidl_typesupport_introspection_cpp
[27.475s] [ 76%] Built target my_robot_interfaces__rosidl_typesupport_cpp
[27.540s] [ 78%] [32mBuilding CXX object CMakeFiles/my_robot_interfaces__rosidl_typesupport_fastrtps_cpp.dir/rosidl_typesupport_fastrtps_cpp/my_robot_interfaces/srv/detail/dds_fastrtps/set_led__type_support.cpp.o[0m
[27.915s] [ 79%] [32m[1mLinking CXX shared library libmy_robot_interfaces__rosidl_typesupport_fastrtps_c.so[0m
[28.298s] [ 79%] Built target my_robot_interfaces__rosidl_typesupport_fastrtps_c
[28.437s] [ 81%] [32m[1mLinking CXX shared library libmy_robot_interfaces__rosidl_typesupport_fastrtps_cpp.so[0m
[28.772s] [ 81%] Built target my_robot_interfaces__rosidl_typesupport_fastrtps_cpp
[29.020s] [ 81%] Built target my_robot_interfaces
[29.109s] [ 82%] [34m[1mGenerating Python code for ROS interfaces[0m
[31.444s] [ 82%] Built target my_robot_interfaces__py
[31.718s] [ 84%] [32mBuilding C object CMakeFiles/my_robot_interfaces__rosidl_generator_py.dir/rosidl_generator_py/my_robot_interfaces/msg/_hardware_status_s.c.o[0m
[34.505s] [ 85%] [32mBuilding C object CMakeFiles/my_robot_interfaces__rosidl_generator_py.dir/rosidl_generator_py/my_robot_interfaces/srv/_set_led_s.c.o[0m
[34.729s] [ 87%] [32mBuilding C object CMakeFiles/my_robot_interfaces__rosidl_generator_py.dir/rosidl_generator_py/my_robot_interfaces/srv/_compute_rectangle_area_s.c.o[0m
[34.920s] [ 89%] [32mBuilding C object CMakeFiles/my_robot_interfaces__rosidl_generator_py.dir/rosidl_generator_py/my_robot_interfaces/msg/_led_state_array_s.c.o[0m
[35.135s] [ 90%] [32m[1mLinking C shared library libmy_robot_interfaces__rosidl_generator_py.so[0m
[35.518s] [ 90%] Built target my_robot_interfaces__rosidl_generator_py
[35.732s] [ 92%] [32mBuilding C object CMakeFiles/my_robot_interfaces_s__rosidl_typesupport_fastrtps_c.dir/rosidl_generator_py/my_robot_interfaces/_my_robot_interfaces_s.ep.rosidl_typesupport_fastrtps_c.c.o[0m
[36.041s] [ 93%] [32m[1mLinking C shared module rosidl_generator_py/my_robot_interfaces/my_robot_interfaces_s__rosidl_typesupport_fastrtps_c.so[0m
[36.105s] [ 93%] Built target my_robot_interfaces_s__rosidl_typesupport_fastrtps_c
[36.315s] [ 95%] [32mBuilding C object CMakeFiles/my_robot_interfaces_s__rosidl_typesupport_c.dir/rosidl_generator_py/my_robot_interfaces/_my_robot_interfaces_s.ep.rosidl_typesupport_c.c.o[0m
[36.574s] [ 96%] [32m[1mLinking C shared module rosidl_generator_py/my_robot_interfaces/my_robot_interfaces_s__rosidl_typesupport_c.so[0m
[36.619s] [ 96%] Built target my_robot_interfaces_s__rosidl_typesupport_c
[36.666s] [ 98%] [32mBuilding C object CMakeFiles/my_robot_interfaces_s__rosidl_typesupport_introspection_c.dir/rosidl_generator_py/my_robot_interfaces/_my_robot_interfaces_s.ep.rosidl_typesupport_introspection_c.c.o[0m
[36.827s] [100%] [32m[1mLinking C shared module rosidl_generator_py/my_robot_interfaces/my_robot_interfaces_s__rosidl_typesupport_introspection_c.so[0m
[36.871s] [100%] Built target my_robot_interfaces_s__rosidl_typesupport_introspection_c
[36.887s] Invoked command in '/home/ws/build/my_robot_interfaces' returned '0': CMAKE_PREFIX_PATH=${CMAKE_PREFIX_PATH}:/home/ws/install/my_py_pkg:/opt/ros/jazzy /usr/bin/cmake --build /home/ws/build/my_robot_interfaces -- -j4 -l4
[36.899s] Invoking command in '/home/ws/build/my_robot_interfaces': CMAKE_PREFIX_PATH=${CMAKE_PREFIX_PATH}:/home/ws/install/my_py_pkg:/opt/ros/jazzy /usr/bin/cmake --install /home/ws/build/my_robot_interfaces
[36.944s] -- Install configuration: ""
[36.944s] -- Installing: /home/ws/install/my_robot_interfaces/share/ament_index/resource_index/rosidl_interfaces/my_robot_interfaces
[36.976s] -- Installing: /home/ws/install/my_robot_interfaces/share/my_robot_interfaces/msg/HardwareStatus.json
[36.978s] -- Installing: /home/ws/install/my_robot_interfaces/share/my_robot_interfaces/msg/LedStateArray.json
[37.010s] -- Installing: /home/ws/install/my_robot_interfaces/share/my_robot_interfaces/srv/ComputeRectangleArea.json
[37.034s] -- Installing: /home/ws/install/my_robot_interfaces/share/my_robot_interfaces/srv/SetLed.json
[37.034s] -- Up-to-date: /home/ws/install/my_robot_interfaces/include/my_robot_interfaces/my_robot_interfaces
[37.034s] -- Up-to-date: /home/ws/install/my_robot_interfaces/include/my_robot_interfaces/my_robot_interfaces/srv
[37.034s] -- Installing: /home/ws/install/my_robot_interfaces/include/my_robot_interfaces/my_robot_interfaces/srv/set_led.h
[37.034s] -- Installing: /home/ws/install/my_robot_interfaces/include/my_robot_interfaces/my_robot_interfaces/srv/compute_rectangle_area.h
[37.034s] -- Up-to-date: /home/ws/install/my_robot_interfaces/include/my_robot_interfaces/my_robot_interfaces/srv/detail
[37.034s] -- Installing: /home/ws/install/my_robot_interfaces/include/my_robot_interfaces/my_robot_interfaces/srv/detail/compute_rectangle_area__description.c
[37.037s] -- Installing: /home/ws/install/my_robot_interfaces/include/my_robot_interfaces/my_robot_interfaces/srv/detail/set_led__struct.h
[37.037s] -- Installing: /home/ws/install/my_robot_interfaces/include/my_robot_interfaces/my_robot_interfaces/srv/detail/compute_rectangle_area__functions.h
[37.038s] -- Installing: /home/ws/install/my_robot_interfaces/include/my_robot_interfaces/my_robot_interfaces/srv/detail/set_led__type_support.h
[37.038s] -- Installing: /home/ws/install/my_robot_interfaces/include/my_robot_interfaces/my_robot_interfaces/srv/detail/set_led__functions.c
[37.038s] -- Installing: /home/ws/install/my_robot_interfaces/include/my_robot_interfaces/my_robot_interfaces/srv/detail/compute_rectangle_area__struct.h
[37.038s] -- Installing: /home/ws/install/my_robot_interfaces/include/my_robot_interfaces/my_robot_interfaces/srv/detail/compute_rectangle_area__type_support.h
[37.038s] -- Installing: /home/ws/install/my_robot_interfaces/include/my_robot_interfaces/my_robot_interfaces/srv/detail/compute_rectangle_area__functions.c
[37.041s] -- Installing: /home/ws/install/my_robot_interfaces/include/my_robot_interfaces/my_robot_interfaces/srv/detail/set_led__functions.h
[37.041s] -- Installing: /home/ws/install/my_robot_interfaces/include/my_robot_interfaces/my_robot_interfaces/srv/detail/set_led__type_support.c
[37.042s] -- Installing: /home/ws/install/my_robot_interfaces/include/my_robot_interfaces/my_robot_interfaces/srv/detail/compute_rectangle_area__type_support.c
[37.042s] -- Installing: /home/ws/install/my_robot_interfaces/include/my_robot_interfaces/my_robot_interfaces/srv/detail/set_led__description.c
[37.042s] -- Up-to-date: /home/ws/install/my_robot_interfaces/include/my_robot_interfaces/my_robot_interfaces/msg
[37.042s] -- Up-to-date: /home/ws/install/my_robot_interfaces/include/my_robot_interfaces/my_robot_interfaces/msg/rosidl_generator_c__visibility_control.h
[37.043s] -- Installing: /home/ws/install/my_robot_interfaces/include/my_robot_interfaces/my_robot_interfaces/msg/hardware_status.h
[37.085s] -- Installing: /home/ws/install/my_robot_interfaces/include/my_robot_interfaces/my_robot_interfaces/msg/led_state_array.h
[37.086s] -- Up-to-date: /home/ws/install/my_robot_interfaces/include/my_robot_interfaces/my_robot_interfaces/msg/detail
[37.087s] -- Installing: /home/ws/install/my_robot_interfaces/include/my_robot_interfaces/my_robot_interfaces/msg/detail/led_state_array__functions.c
[37.091s] -- Installing: /home/ws/install/my_robot_interfaces/include/my_robot_interfaces/my_robot_interfaces/msg/detail/led_state_array__struct.h
[37.091s] -- Installing: /home/ws/install/my_robot_interfaces/include/my_robot_interfaces/my_robot_interfaces/msg/detail/hardware_status__description.c
[37.120s] -- Installing: /home/ws/install/my_robot_interfaces/include/my_robot_interfaces/my_robot_interfaces/msg/detail/hardware_status__type_support.c
[37.123s] -- Installing: /home/ws/install/my_robot_interfaces/include/my_robot_interfaces/my_robot_interfaces/msg/detail/led_state_array__description.c
[37.145s] -- Installing: /home/ws/install/my_robot_interfaces/include/my_robot_interfaces/my_robot_interfaces/msg/detail/hardware_status__functions.c
[37.159s] -- Installing: /home/ws/install/my_robot_interfaces/include/my_robot_interfaces/my_robot_interfaces/msg/detail/led_state_array__type_support.c
[37.182s] -- Installing: /home/ws/install/my_robot_interfaces/include/my_robot_interfaces/my_robot_interfaces/msg/detail/led_state_array__functions.h
[37.183s] -- Installing: /home/ws/install/my_robot_interfaces/include/my_robot_interfaces/my_robot_interfaces/msg/detail/hardware_status__struct.h
[37.183s] -- Installing: /home/ws/install/my_robot_interfaces/include/my_robot_interfaces/my_robot_interfaces/msg/detail/led_state_array__type_support.h
[37.183s] -- Installing: /home/ws/install/my_robot_interfaces/include/my_robot_interfaces/my_robot_interfaces/msg/detail/hardware_status__functions.h
[37.183s] -- Installing: /home/ws/install/my_robot_interfaces/include/my_robot_interfaces/my_robot_interfaces/msg/detail/hardware_status__type_support.h
[37.183s] -- Up-to-date: /home/ws/install/my_robot_interfaces/share/my_robot_interfaces/environment/library_path.sh
[37.183s] -- Up-to-date: /home/ws/install/my_robot_interfaces/share/my_robot_interfaces/environment/library_path.dsv
[37.226s] -- Installing: /home/ws/install/my_robot_interfaces/lib/libmy_robot_interfaces__rosidl_generator_c.so
[37.227s] -- Set non-toolchain portion of runtime path of "/home/ws/install/my_robot_interfaces/lib/libmy_robot_interfaces__rosidl_generator_c.so" to ""
[37.227s] -- Up-to-date: /home/ws/install/my_robot_interfaces/include/my_robot_interfaces/my_robot_interfaces
[37.227s] -- Up-to-date: /home/ws/install/my_robot_interfaces/include/my_robot_interfaces/my_robot_interfaces/srv
[37.227s] -- Up-to-date: /home/ws/install/my_robot_interfaces/include/my_robot_interfaces/my_robot_interfaces/srv/detail
[37.227s] -- Installing: /home/ws/install/my_robot_interfaces/include/my_robot_interfaces/my_robot_interfaces/srv/detail/set_led__rosidl_typesupport_fastrtps_c.h
[37.227s] -- Installing: /home/ws/install/my_robot_interfaces/include/my_robot_interfaces/my_robot_interfaces/srv/detail/compute_rectangle_area__rosidl_typesupport_fastrtps_c.h
[37.227s] -- Up-to-date: /home/ws/install/my_robot_interfaces/include/my_robot_interfaces/my_robot_interfaces/msg
[37.228s] -- Up-to-date: /home/ws/install/my_robot_interfaces/include/my_robot_interfaces/my_robot_interfaces/msg/rosidl_typesupport_fastrtps_c__visibility_control.h
[37.228s] -- Up-to-date: /home/ws/install/my_robot_interfaces/include/my_robot_interfaces/my_robot_interfaces/msg/detail
[37.228s] -- Installing: /home/ws/install/my_robot_interfaces/include/my_robot_interfaces/my_robot_interfaces/msg/detail/hardware_status__rosidl_typesupport_fastrtps_c.h
[37.314s] -- Installing: /home/ws/install/my_robot_interfaces/include/my_robot_interfaces/my_robot_interfaces/msg/detail/led_state_array__rosidl_typesupport_fastrtps_c.h
[37.318s] -- Installing: /home/ws/install/my_robot_interfaces/lib/libmy_robot_interfaces__rosidl_typesupport_fastrtps_c.so
[37.321s] -- Set non-toolchain portion of runtime path of "/home/ws/install/my_robot_interfaces/lib/libmy_robot_interfaces__rosidl_typesupport_fastrtps_c.so" to ""
[37.322s] -- Up-to-date: /home/ws/install/my_robot_interfaces/include/my_robot_interfaces/my_robot_interfaces
[37.322s] -- Up-to-date: /home/ws/install/my_robot_interfaces/include/my_robot_interfaces/my_robot_interfaces/srv
[37.323s] -- Up-to-date: /home/ws/install/my_robot_interfaces/include/my_robot_interfaces/my_robot_interfaces/srv/detail
[37.323s] -- Installing: /home/ws/install/my_robot_interfaces/include/my_robot_interfaces/my_robot_interfaces/srv/detail/set_led__rosidl_typesupport_introspection_c.h
[37.324s] -- Installing: /home/ws/install/my_robot_interfaces/include/my_robot_interfaces/my_robot_interfaces/srv/detail/compute_rectangle_area__rosidl_typesupport_introspection_c.h
[37.335s] -- Installing: /home/ws/install/my_robot_interfaces/include/my_robot_interfaces/my_robot_interfaces/srv/detail/set_led__type_support.c
[37.335s] -- Installing: /home/ws/install/my_robot_interfaces/include/my_robot_interfaces/my_robot_interfaces/srv/detail/compute_rectangle_area__type_support.c
[37.412s] -- Up-to-date: /home/ws/install/my_robot_interfaces/include/my_robot_interfaces/my_robot_interfaces/msg
[37.413s] -- Up-to-date: /home/ws/install/my_robot_interfaces/include/my_robot_interfaces/my_robot_interfaces/msg/rosidl_typesupport_introspection_c__visibility_control.h
[37.413s] -- Up-to-date: /home/ws/install/my_robot_interfaces/include/my_robot_interfaces/my_robot_interfaces/msg/detail
[37.414s] -- Installing: /home/ws/install/my_robot_interfaces/include/my_robot_interfaces/my_robot_interfaces/msg/detail/hardware_status__type_support.c
[37.414s] -- Installing: /home/ws/install/my_robot_interfaces/include/my_robot_interfaces/my_robot_interfaces/msg/detail/led_state_array__rosidl_typesupport_introspection_c.h
[37.426s] -- Installing: /home/ws/install/my_robot_interfaces/include/my_robot_interfaces/my_robot_interfaces/msg/detail/led_state_array__type_support.c
[37.442s] -- Installing: /home/ws/install/my_robot_interfaces/include/my_robot_interfaces/my_robot_interfaces/msg/detail/hardware_status__rosidl_typesupport_introspection_c.h
[37.530s] -- Installing: /home/ws/install/my_robot_interfaces/lib/libmy_robot_interfaces__rosidl_typesupport_introspection_c.so
[37.532s] -- Set non-toolchain portion of runtime path of "/home/ws/install/my_robot_interfaces/lib/libmy_robot_interfaces__rosidl_typesupport_introspection_c.so" to ""
[37.534s] -- Installing: /home/ws/install/my_robot_interfaces/lib/libmy_robot_interfaces__rosidl_typesupport_c.so
[37.537s] -- Set non-toolchain portion of runtime path of "/home/ws/install/my_robot_interfaces/lib/libmy_robot_interfaces__rosidl_typesupport_c.so" to ""
[37.538s] -- Up-to-date: /home/ws/install/my_robot_interfaces/include/my_robot_interfaces/my_robot_interfaces
[37.538s] -- Up-to-date: /home/ws/install/my_robot_interfaces/include/my_robot_interfaces/my_robot_interfaces/srv
[37.538s] -- Installing: /home/ws/install/my_robot_interfaces/include/my_robot_interfaces/my_robot_interfaces/srv/compute_rectangle_area.hpp
[37.548s] -- Installing: /home/ws/install/my_robot_interfaces/include/my_robot_interfaces/my_robot_interfaces/srv/set_led.hpp
[37.550s] -- Up-to-date: /home/ws/install/my_robot_interfaces/include/my_robot_interfaces/my_robot_interfaces/srv/detail
[37.551s] -- Installing: /home/ws/install/my_robot_interfaces/include/my_robot_interfaces/my_robot_interfaces/srv/detail/set_led__type_support.hpp
[37.551s] -- Installing: /home/ws/install/my_robot_interfaces/include/my_robot_interfaces/my_robot_interfaces/srv/detail/set_led__builder.hpp
[37.551s] -- Installing: /home/ws/install/my_robot_interfaces/include/my_robot_interfaces/my_robot_interfaces/srv/detail/compute_rectangle_area__builder.hpp
[37.571s] -- Installing: /home/ws/install/my_robot_interfaces/include/my_robot_interfaces/my_robot_interfaces/srv/detail/set_led__traits.hpp
[37.571s] -- Installing: /home/ws/install/my_robot_interfaces/include/my_robot_interfaces/my_robot_interfaces/srv/detail/compute_rectangle_area__struct.hpp
[37.571s] -- Installing: /home/ws/install/my_robot_interfaces/include/my_robot_interfaces/my_robot_interfaces/srv/detail/compute_rectangle_area__type_support.hpp
[37.583s] -- Installing: /home/ws/install/my_robot_interfaces/include/my_robot_interfaces/my_robot_interfaces/srv/detail/compute_rectangle_area__traits.hpp
[37.590s] -- Installing: /home/ws/install/my_robot_interfaces/include/my_robot_interfaces/my_robot_interfaces/srv/detail/set_led__struct.hpp
[37.591s] -- Up-to-date: /home/ws/install/my_robot_interfaces/include/my_robot_interfaces/my_robot_interfaces/msg
[37.591s] -- Installing: /home/ws/install/my_robot_interfaces/include/my_robot_interfaces/my_robot_interfaces/msg/rosidl_generator_cpp__visibility_control.hpp
[37.639s] -- Installing: /home/ws/install/my_robot_interfaces/include/my_robot_interfaces/my_robot_interfaces/msg/hardware_status.hpp
[37.639s] -- Installing: /home/ws/install/my_robot_interfaces/include/my_robot_interfaces/my_robot_interfaces/msg/led_state_array.hpp
[37.640s] -- Up-to-date: /home/ws/install/my_robot_interfaces/include/my_robot_interfaces/my_robot_interfaces/msg/detail
[37.641s] -- Installing: /home/ws/install/my_robot_interfaces/include/my_robot_interfaces/my_robot_interfaces/msg/detail/hardware_status__struct.hpp
[37.641s] -- Installing: /home/ws/install/my_robot_interfaces/include/my_robot_interfaces/my_robot_interfaces/msg/detail/hardware_status__traits.hpp
[37.660s] -- Installing: /home/ws/install/my_robot_interfaces/include/my_robot_interfaces/my_robot_interfaces/msg/detail/hardware_status__type_support.hpp
[37.675s] -- Installing: /home/ws/install/my_robot_interfaces/include/my_robot_interfaces/my_robot_interfaces/msg/detail/hardware_status__builder.hpp
[37.677s] -- Installing: /home/ws/install/my_robot_interfaces/include/my_robot_interfaces/my_robot_interfaces/msg/detail/led_state_array__builder.hpp
[37.694s] -- Installing: /home/ws/install/my_robot_interfaces/include/my_robot_interfaces/my_robot_interfaces/msg/detail/led_state_array__type_support.hpp
[37.701s] -- Installing: /home/ws/install/my_robot_interfaces/include/my_robot_interfaces/my_robot_interfaces/msg/detail/led_state_array__struct.hpp
[37.701s] -- Installing: /home/ws/install/my_robot_interfaces/include/my_robot_interfaces/my_robot_interfaces/msg/detail/led_state_array__traits.hpp
[37.719s] -- Up-to-date: /home/ws/install/my_robot_interfaces/include/my_robot_interfaces/my_robot_interfaces
[37.719s] -- Up-to-date: /home/ws/install/my_robot_interfaces/include/my_robot_interfaces/my_robot_interfaces/srv
[37.719s] -- Up-to-date: /home/ws/install/my_robot_interfaces/include/my_robot_interfaces/my_robot_interfaces/srv/detail
[37.720s] -- Installing: /home/ws/install/my_robot_interfaces/include/my_robot_interfaces/my_robot_interfaces/srv/detail/set_led__rosidl_typesupport_fastrtps_cpp.hpp
[37.720s] -- Installing: /home/ws/install/my_robot_interfaces/include/my_robot_interfaces/my_robot_interfaces/srv/detail/compute_rectangle_area__rosidl_typesupport_fastrtps_cpp.hpp
[37.720s] -- Up-to-date: /home/ws/install/my_robot_interfaces/include/my_robot_interfaces/my_robot_interfaces/srv/detail/dds_fastrtps
[37.722s] -- Up-to-date: /home/ws/install/my_robot_interfaces/include/my_robot_interfaces/my_robot_interfaces/msg
[37.722s] -- Up-to-date: /home/ws/install/my_robot_interfaces/include/my_robot_interfaces/my_robot_interfaces/msg/rosidl_typesupport_fastrtps_cpp__visibility_control.h
[37.722s] -- Up-to-date: /home/ws/install/my_robot_interfaces/include/my_robot_interfaces/my_robot_interfaces/msg/detail
[37.722s] -- Installing: /home/ws/install/my_robot_interfaces/include/my_robot_interfaces/my_robot_interfaces/msg/detail/led_state_array__rosidl_typesupport_fastrtps_cpp.hpp
[37.727s] -- Installing: /home/ws/install/my_robot_interfaces/include/my_robot_interfaces/my_robot_interfaces/msg/detail/hardware_status__rosidl_typesupport_fastrtps_cpp.hpp
[37.738s] -- Up-to-date: /home/ws/install/my_robot_interfaces/include/my_robot_interfaces/my_robot_interfaces/msg/detail/dds_fastrtps
[37.811s] -- Installing: /home/ws/install/my_robot_interfaces/lib/libmy_robot_interfaces__rosidl_typesupport_fastrtps_cpp.so
[37.812s] -- Set non-toolchain portion of runtime path of "/home/ws/install/my_robot_interfaces/lib/libmy_robot_interfaces__rosidl_typesupport_fastrtps_cpp.so" to ""
[37.812s] -- Up-to-date: /home/ws/install/my_robot_interfaces/include/my_robot_interfaces/my_robot_interfaces
[37.812s] -- Up-to-date: /home/ws/install/my_robot_interfaces/include/my_robot_interfaces/my_robot_interfaces/srv
[37.812s] -- Up-to-date: /home/ws/install/my_robot_interfaces/include/my_robot_interfaces/my_robot_interfaces/srv/detail
[37.812s] -- Installing: /home/ws/install/my_robot_interfaces/include/my_robot_interfaces/my_robot_interfaces/srv/detail/compute_rectangle_area__rosidl_typesupport_introspection_cpp.hpp
[37.812s] -- Installing: /home/ws/install/my_robot_interfaces/include/my_robot_interfaces/my_robot_interfaces/srv/detail/set_led__type_support.cpp
[37.813s] -- Installing: /home/ws/install/my_robot_interfaces/include/my_robot_interfaces/my_robot_interfaces/srv/detail/set_led__rosidl_typesupport_introspection_cpp.hpp
[37.813s] -- Installing: /home/ws/install/my_robot_interfaces/include/my_robot_interfaces/my_robot_interfaces/srv/detail/compute_rectangle_area__type_support.cpp
[37.813s] -- Up-to-date: /home/ws/install/my_robot_interfaces/include/my_robot_interfaces/my_robot_interfaces/msg
[37.813s] -- Up-to-date: /home/ws/install/my_robot_interfaces/include/my_robot_interfaces/my_robot_interfaces/msg/detail
[37.813s] -- Installing: /home/ws/install/my_robot_interfaces/include/my_robot_interfaces/my_robot_interfaces/msg/detail/led_state_array__rosidl_typesupport_introspection_cpp.hpp
[37.813s] -- Installing: /home/ws/install/my_robot_interfaces/include/my_robot_interfaces/my_robot_interfaces/msg/detail/hardware_status__type_support.cpp
[37.813s] -- Installing: /home/ws/install/my_robot_interfaces/include/my_robot_interfaces/my_robot_interfaces/msg/detail/led_state_array__type_support.cpp
[37.813s] -- Installing: /home/ws/install/my_robot_interfaces/include/my_robot_interfaces/my_robot_interfaces/msg/detail/hardware_status__rosidl_typesupport_introspection_cpp.hpp
[37.876s] -- Installing: /home/ws/install/my_robot_interfaces/lib/libmy_robot_interfaces__rosidl_typesupport_introspection_cpp.so
[37.877s] -- Set non-toolchain portion of runtime path of "/home/ws/install/my_robot_interfaces/lib/libmy_robot_interfaces__rosidl_typesupport_introspection_cpp.so" to ""
[37.939s] -- Installing: /home/ws/install/my_robot_interfaces/lib/libmy_robot_interfaces__rosidl_typesupport_cpp.so
[37.939s] -- Set non-toolchain portion of runtime path of "/home/ws/install/my_robot_interfaces/lib/libmy_robot_interfaces__rosidl_typesupport_cpp.so" to ""
[37.939s] -- Up-to-date: /home/ws/install/my_robot_interfaces/share/my_robot_interfaces/environment/pythonpath.sh
[37.939s] -- Up-to-date: /home/ws/install/my_robot_interfaces/share/my_robot_interfaces/environment/pythonpath.dsv
[37.940s] -- Up-to-date: /home/ws/install/my_robot_interfaces/lib/python3.12/site-packages/my_robot_interfaces-0.0.0-py3.12.egg-info
[37.940s] -- Installing: /home/ws/install/my_robot_interfaces/lib/python3.12/site-packages/my_robot_interfaces-0.0.0-py3.12.egg-info/SOURCES.txt
[37.983s] -- Installing: /home/ws/install/my_robot_interfaces/lib/python3.12/site-packages/my_robot_interfaces-0.0.0-py3.12.egg-info/top_level.txt
[38.024s] -- Installing: /home/ws/install/my_robot_interfaces/lib/python3.12/site-packages/my_robot_interfaces-0.0.0-py3.12.egg-info/dependency_links.txt
[38.115s] -- Installing: /home/ws/install/my_robot_interfaces/lib/python3.12/site-packages/my_robot_interfaces-0.0.0-py3.12.egg-info/PKG-INFO
[38.157s] -- Up-to-date: /home/ws/install/my_robot_interfaces/lib/python3.12/site-packages/my_robot_interfaces
[38.157s] -- Installing: /home/ws/install/my_robot_interfaces/lib/python3.12/site-packages/my_robot_interfaces/_my_robot_interfaces_s.ep.rosidl_typesupport_c.c
[38.161s] -- Installing: /home/ws/install/my_robot_interfaces/lib/python3.12/site-packages/my_robot_interfaces/_my_robot_interfaces_s.ep.rosidl_typesupport_introspection_c.c
[38.161s] -- Installing: /home/ws/install/my_robot_interfaces/lib/python3.12/site-packages/my_robot_interfaces/my_robot_interfaces_s__rosidl_typesupport_introspection_c.so
[38.161s] -- Installing: /home/ws/install/my_robot_interfaces/lib/python3.12/site-packages/my_robot_interfaces/my_robot_interfaces_s__rosidl_typesupport_fastrtps_c.so
[38.162s] -- Up-to-date: /home/ws/install/my_robot_interfaces/lib/python3.12/site-packages/my_robot_interfaces/srv
[38.162s] -- Installing: /home/ws/install/my_robot_interfaces/lib/python3.12/site-packages/my_robot_interfaces/srv/_compute_rectangle_area.py
[38.162s] -- Installing: /home/ws/install/my_robot_interfaces/lib/python3.12/site-packages/my_robot_interfaces/srv/_set_led_s.c
[38.163s] -- Installing: /home/ws/install/my_robot_interfaces/lib/python3.12/site-packages/my_robot_interfaces/srv/__init__.py
[38.163s] -- Installing: /home/ws/install/my_robot_interfaces/lib/python3.12/site-packages/my_robot_interfaces/srv/_compute_rectangle_area_s.c
[38.164s] -- Installing: /home/ws/install/my_robot_interfaces/lib/python3.12/site-packages/my_robot_interfaces/srv/_set_led.py
[38.164s] -- Installing: /home/ws/install/my_robot_interfaces/lib/python3.12/site-packages/my_robot_interfaces/__init__.py
[38.164s] -- Installing: /home/ws/install/my_robot_interfaces/lib/python3.12/site-packages/my_robot_interfaces/my_robot_interfaces_s__rosidl_typesupport_c.so
[38.164s] -- Up-to-date: /home/ws/install/my_robot_interfaces/lib/python3.12/site-packages/my_robot_interfaces/msg
[38.164s] -- Installing: /home/ws/install/my_robot_interfaces/lib/python3.12/site-packages/my_robot_interfaces/msg/_hardware_status_s.c
[38.165s] -- Installing: /home/ws/install/my_robot_interfaces/lib/python3.12/site-packages/my_robot_interfaces/msg/_led_state_array_s.c
[38.165s] -- Installing: /home/ws/install/my_robot_interfaces/lib/python3.12/site-packages/my_robot_interfaces/msg/__init__.py
[38.165s] -- Installing: /home/ws/install/my_robot_interfaces/lib/python3.12/site-packages/my_robot_interfaces/msg/_hardware_status.py
[38.165s] -- Installing: /home/ws/install/my_robot_interfaces/lib/python3.12/site-packages/my_robot_interfaces/msg/_led_state_array.py
[38.165s] -- Installing: /home/ws/install/my_robot_interfaces/lib/python3.12/site-packages/my_robot_interfaces/_my_robot_interfaces_s.ep.rosidl_typesupport_fastrtps_c.c
[38.539s] Listing '/home/ws/install/my_robot_interfaces/lib/python3.12/site-packages/my_robot_interfaces'...
[38.539s] Compiling '/home/ws/install/my_robot_interfaces/lib/python3.12/site-packages/my_robot_interfaces/__init__.py'...
[38.539s] Listing '/home/ws/install/my_robot_interfaces/lib/python3.12/site-packages/my_robot_interfaces/msg'...
[38.540s] Compiling '/home/ws/install/my_robot_interfaces/lib/python3.12/site-packages/my_robot_interfaces/msg/__init__.py'...
[38.541s] Compiling '/home/ws/install/my_robot_interfaces/lib/python3.12/site-packages/my_robot_interfaces/msg/_hardware_status.py'...
[38.543s] Compiling '/home/ws/install/my_robot_interfaces/lib/python3.12/site-packages/my_robot_interfaces/msg/_led_state_array.py'...
[38.543s] Listing '/home/ws/install/my_robot_interfaces/lib/python3.12/site-packages/my_robot_interfaces/srv'...
[38.543s] Compiling '/home/ws/install/my_robot_interfaces/lib/python3.12/site-packages/my_robot_interfaces/srv/__init__.py'...
[38.545s] Compiling '/home/ws/install/my_robot_interfaces/lib/python3.12/site-packages/my_robot_interfaces/srv/_compute_rectangle_area.py'...
[38.545s] Compiling '/home/ws/install/my_robot_interfaces/lib/python3.12/site-packages/my_robot_interfaces/srv/_set_led.py'...
[38.557s] -- Installing: /home/ws/install/my_robot_interfaces/lib/python3.12/site-packages/my_robot_interfaces/my_robot_interfaces_s__rosidl_typesupport_fastrtps_c.so
[38.557s] -- Set non-toolchain portion of runtime path of "/home/ws/install/my_robot_interfaces/lib/python3.12/site-packages/my_robot_interfaces/my_robot_interfaces_s__rosidl_typesupport_fastrtps_c.so" to ""
[38.557s] -- Installing: /home/ws/install/my_robot_interfaces/lib/python3.12/site-packages/my_robot_interfaces/my_robot_interfaces_s__rosidl_typesupport_introspection_c.so
[38.558s] -- Set non-toolchain portion of runtime path of "/home/ws/install/my_robot_interfaces/lib/python3.12/site-packages/my_robot_interfaces/my_robot_interfaces_s__rosidl_typesupport_introspection_c.so" to ""
[38.559s] -- Installing: /home/ws/install/my_robot_interfaces/lib/python3.12/site-packages/my_robot_interfaces/my_robot_interfaces_s__rosidl_typesupport_c.so
[38.560s] -- Set non-toolchain portion of runtime path of "/home/ws/install/my_robot_interfaces/lib/python3.12/site-packages/my_robot_interfaces/my_robot_interfaces_s__rosidl_typesupport_c.so" to ""
[38.584s] -- Installing: /home/ws/install/my_robot_interfaces/lib/libmy_robot_interfaces__rosidl_generator_py.so
[38.584s] -- Set non-toolchain portion of runtime path of "/home/ws/install/my_robot_interfaces/lib/libmy_robot_interfaces__rosidl_generator_py.so" to ""
[38.584s] -- Up-to-date: /home/ws/install/my_robot_interfaces/share/my_robot_interfaces/msg/HardwareStatus.idl
[38.584s] -- Up-to-date: /home/ws/install/my_robot_interfaces/share/my_robot_interfaces/msg/LedStateArray.idl
[38.584s] -- Up-to-date: /home/ws/install/my_robot_interfaces/share/my_robot_interfaces/srv/ComputeRectangleArea.idl
[38.584s] -- Installing: /home/ws/install/my_robot_interfaces/share/my_robot_interfaces/srv/SetLed.idl
[38.584s] -- Up-to-date: /home/ws/install/my_robot_interfaces/share/my_robot_interfaces/msg/HardwareStatus.msg
[38.584s] -- Up-to-date: /home/ws/install/my_robot_interfaces/share/my_robot_interfaces/msg/LedStateArray.msg
[38.585s] -- Up-to-date: /home/ws/install/my_robot_interfaces/share/my_robot_interfaces/srv/ComputeRectangleArea.srv
[38.585s] -- Installing: /home/ws/install/my_robot_interfaces/share/my_robot_interfaces/srv/SetLed.srv
[38.625s] -- Up-to-date: /home/ws/install/my_robot_interfaces/share/ament_index/resource_index/package_run_dependencies/my_robot_interfaces
[38.625s] -- Up-to-date: /home/ws/install/my_robot_interfaces/share/ament_index/resource_index/parent_prefix_path/my_robot_interfaces
[38.625s] -- Up-to-date: /home/ws/install/my_robot_interfaces/share/my_robot_interfaces/environment/ament_prefix_path.sh
[38.626s] -- Up-to-date: /home/ws/install/my_robot_interfaces/share/my_robot_interfaces/environment/ament_prefix_path.dsv
[38.626s] -- Up-to-date: /home/ws/install/my_robot_interfaces/share/my_robot_interfaces/environment/path.sh
[38.626s] -- Up-to-date: /home/ws/install/my_robot_interfaces/share/my_robot_interfaces/environment/path.dsv
[38.626s] -- Up-to-date: /home/ws/install/my_robot_interfaces/share/my_robot_interfaces/local_setup.bash
[38.626s] -- Up-to-date: /home/ws/install/my_robot_interfaces/share/my_robot_interfaces/local_setup.sh
[38.626s] -- Up-to-date: /home/ws/install/my_robot_interfaces/share/my_robot_interfaces/local_setup.zsh
[38.626s] -- Up-to-date: /home/ws/install/my_robot_interfaces/share/my_robot_interfaces/local_setup.dsv
[38.626s] -- Installing: /home/ws/install/my_robot_interfaces/share/my_robot_interfaces/package.dsv
[38.657s] -- Up-to-date: /home/ws/install/my_robot_interfaces/share/ament_index/resource_index/packages/my_robot_interfaces
[38.713s] -- Up-to-date: /home/ws/install/my_robot_interfaces/share/my_robot_interfaces/cmake/export_my_robot_interfaces__rosidl_generator_cExport.cmake
[38.714s] -- Up-to-date: /home/ws/install/my_robot_interfaces/share/my_robot_interfaces/cmake/export_my_robot_interfaces__rosidl_generator_cExport-noconfig.cmake
[38.726s] -- Up-to-date: /home/ws/install/my_robot_interfaces/share/my_robot_interfaces/cmake/export_my_robot_interfaces__rosidl_typesupport_fastrtps_cExport.cmake
[38.726s] -- Up-to-date: /home/ws/install/my_robot_interfaces/share/my_robot_interfaces/cmake/export_my_robot_interfaces__rosidl_typesupport_fastrtps_cExport-noconfig.cmake
[38.761s] -- Up-to-date: /home/ws/install/my_robot_interfaces/share/my_robot_interfaces/cmake/my_robot_interfaces__rosidl_typesupport_introspection_cExport.cmake
[38.762s] -- Up-to-date: /home/ws/install/my_robot_interfaces/share/my_robot_interfaces/cmake/my_robot_interfaces__rosidl_typesupport_introspection_cExport-noconfig.cmake
[38.800s] -- Up-to-date: /home/ws/install/my_robot_interfaces/share/my_robot_interfaces/cmake/my_robot_interfaces__rosidl_typesupport_cExport.cmake
[38.800s] -- Up-to-date: /home/ws/install/my_robot_interfaces/share/my_robot_interfaces/cmake/my_robot_interfaces__rosidl_typesupport_cExport-noconfig.cmake
[38.873s] -- Up-to-date: /home/ws/install/my_robot_interfaces/share/my_robot_interfaces/cmake/export_my_robot_interfaces__rosidl_generator_cppExport.cmake
[38.910s] -- Up-to-date: /home/ws/install/my_robot_interfaces/share/my_robot_interfaces/cmake/export_my_robot_interfaces__rosidl_typesupport_fastrtps_cppExport.cmake
[38.911s] -- Up-to-date: /home/ws/install/my_robot_interfaces/share/my_robot_interfaces/cmake/export_my_robot_interfaces__rosidl_typesupport_fastrtps_cppExport-noconfig.cmake
[38.915s] -- Up-to-date: /home/ws/install/my_robot_interfaces/share/my_robot_interfaces/cmake/my_robot_interfaces__rosidl_typesupport_introspection_cppExport.cmake
[38.915s] -- Up-to-date: /home/ws/install/my_robot_interfaces/share/my_robot_interfaces/cmake/my_robot_interfaces__rosidl_typesupport_introspection_cppExport-noconfig.cmake
[38.941s] -- Up-to-date: /home/ws/install/my_robot_interfaces/share/my_robot_interfaces/cmake/my_robot_interfaces__rosidl_typesupport_cppExport.cmake
[38.942s] -- Up-to-date: /home/ws/install/my_robot_interfaces/share/my_robot_interfaces/cmake/my_robot_interfaces__rosidl_typesupport_cppExport-noconfig.cmake
[39.003s] -- Up-to-date: /home/ws/install/my_robot_interfaces/share/my_robot_interfaces/cmake/export_my_robot_interfaces__rosidl_generator_pyExport.cmake
[39.005s] -- Up-to-date: /home/ws/install/my_robot_interfaces/share/my_robot_interfaces/cmake/export_my_robot_interfaces__rosidl_generator_pyExport-noconfig.cmake
[39.005s] -- Installing: /home/ws/install/my_robot_interfaces/share/my_robot_interfaces/cmake/rosidl_cmake-extras.cmake
[39.005s] -- Installing: /home/ws/install/my_robot_interfaces/share/my_robot_interfaces/cmake/ament_cmake_export_dependencies-extras.cmake
[39.006s] -- Up-to-date: /home/ws/install/my_robot_interfaces/share/my_robot_interfaces/cmake/ament_cmake_export_include_directories-extras.cmake
[39.006s] -- Up-to-date: /home/ws/install/my_robot_interfaces/share/my_robot_interfaces/cmake/ament_cmake_export_libraries-extras.cmake
[39.007s] -- Up-to-date: /home/ws/install/my_robot_interfaces/share/my_robot_interfaces/cmake/ament_cmake_export_targets-extras.cmake
[39.007s] -- Up-to-date: /home/ws/install/my_robot_interfaces/share/my_robot_interfaces/cmake/rosidl_cmake_export_typesupport_targets-extras.cmake
[39.011s] -- Up-to-date: /home/ws/install/my_robot_interfaces/share/my_robot_interfaces/cmake/rosidl_cmake_export_typesupport_libraries-extras.cmake
[39.011s] -- Up-to-date: /home/ws/install/my_robot_interfaces/share/my_robot_interfaces/cmake/my_robot_interfacesConfig.cmake
[39.011s] -- Up-to-date: /home/ws/install/my_robot_interfaces/share/my_robot_interfaces/cmake/my_robot_interfacesConfig-version.cmake
[39.011s] -- Up-to-date: /home/ws/install/my_robot_interfaces/share/my_robot_interfaces/package.xml
[39.016s] Invoked command in '/home/ws/build/my_robot_interfaces' returned '0': CMAKE_PREFIX_PATH=${CMAKE_PREFIX_PATH}:/home/ws/install/my_py_pkg:/opt/ros/jazzy /usr/bin/cmake --install /home/ws/build/my_robot_interfaces
