[4.191s] Invoking command in '/home/ws/build/my_py_pkg': PYTHONPATH=/home/ws/build/my_py_pkg/prefix_override:/usr/lib/python3/dist-packages/colcon_core/task/python/colcon_distutils_commands:/home/ws/install/my_py_pkg/lib/python3.12/site-packages:${PYTHONPATH} /usr/bin/python3 -W ignore:setup.py install is deprecated -W ignore:easy_install command is deprecated setup.py develop --editable --build-directory /home/ws/build/my_py_pkg/build --no-deps symlink_data
[4.619s] running develop
[4.842s] running egg_info
[4.862s] writing my_py_pkg.egg-info/PKG-INFO
[4.862s] writing dependency_links to my_py_pkg.egg-info/dependency_links.txt
[4.862s] writing entry points to my_py_pkg.egg-info/entry_points.txt
[4.915s] writing requirements to my_py_pkg.egg-info/requires.txt
[4.915s] writing top-level names to my_py_pkg.egg-info/top_level.txt
[4.963s] reading manifest file 'my_py_pkg.egg-info/SOURCES.txt'
[4.964s] writing manifest file 'my_py_pkg.egg-info/SOURCES.txt'
[4.985s] running build_ext
[5.091s] Creating /home/ws/install/my_py_pkg/lib/python3.12/site-packages/my-py-pkg.egg-link (link to .)
[5.092s] Installing add_two_ints_client_no_oop script to /home/ws/install/my_py_pkg/lib/my_py_pkg
[5.092s] Installing add_two_ints_client_oop script to /home/ws/install/my_py_pkg/lib/my_py_pkg
[5.092s] Installing add_two_ints_server script to /home/ws/install/my_py_pkg/lib/my_py_pkg
[5.092s] Installing number_counter script to /home/ws/install/my_py_pkg/lib/my_py_pkg
[5.092s] Installing number_publisher script to /home/ws/install/my_py_pkg/lib/my_py_pkg
[5.092s] Installing py_node script to /home/ws/install/my_py_pkg/lib/my_py_pkg
[5.092s] Installing robot_news_station script to /home/ws/install/my_py_pkg/lib/my_py_pkg
[5.093s] Installing smartphone script to /home/ws/install/my_py_pkg/lib/my_py_pkg
[5.093s] 
[5.093s] Installed /home/ws/build/my_py_pkg
[5.093s] running symlink_data
[5.126s] Invoked command in '/home/ws/build/my_py_pkg' returned '0': PYTHONPATH=/home/ws/build/my_py_pkg/prefix_override:/usr/lib/python3/dist-packages/colcon_core/task/python/colcon_distutils_commands:/home/ws/install/my_py_pkg/lib/python3.12/site-packages:${PYTHONPATH} /usr/bin/python3 -W ignore:setup.py install is deprecated -W ignore:easy_install command is deprecated setup.py develop --editable --build-directory /home/ws/build/my_py_pkg/build --no-deps symlink_data
