[0.915s] Invoking command in '/home/ws/src/my_py_pkg': PYTHONPATH=/home/ws/build/my_py_pkg/prefix_override:/usr/lib/python3/dist-packages/colcon_core/task/python/colcon_distutils_commands:/home/ws/install/my_py_pkg/lib/python3.12/site-packages:${PYTHONPATH} /usr/bin/python3 -W ignore:setup.py install is deprecated -W ignore:easy_install command is deprecated setup.py egg_info --egg-base ../../build/my_py_pkg build --build-base /home/ws/build/my_py_pkg/build install --record /home/ws/build/my_py_pkg/install.log --single-version-externally-managed install_data
[1.843s] running egg_info
[1.862s] writing ../../build/my_py_pkg/my_py_pkg.egg-info/PKG-INFO
[1.862s] writing dependency_links to ../../build/my_py_pkg/my_py_pkg.egg-info/dependency_links.txt
[1.863s] writing entry points to ../../build/my_py_pkg/my_py_pkg.egg-info/entry_points.txt
[1.863s] writing requirements to ../../build/my_py_pkg/my_py_pkg.egg-info/requires.txt
[1.863s] writing top-level names to ../../build/my_py_pkg/my_py_pkg.egg-info/top_level.txt
[1.901s] reading manifest file '../../build/my_py_pkg/my_py_pkg.egg-info/SOURCES.txt'
[1.902s] writing manifest file '../../build/my_py_pkg/my_py_pkg.egg-info/SOURCES.txt'
[1.903s] running build
[1.903s] running build_py
[1.903s] copying my_py_pkg/hardware_status_publisher.py -> /home/ws/build/my_py_pkg/build/lib/my_py_pkg
[1.904s] running install
[1.912s] running install_lib
[1.931s] copying /home/ws/build/my_py_pkg/build/lib/my_py_pkg/hardware_status_publisher.py -> /home/ws/install/my_py_pkg/lib/python3.12/site-packages/my_py_pkg
[1.932s] byte-compiling /home/ws/install/my_py_pkg/lib/python3.12/site-packages/my_py_pkg/hardware_status_publisher.py to hardware_status_publisher.cpython-312.pyc
[1.933s] running install_data
[1.933s] copying package.xml -> /home/ws/install/my_py_pkg/share/my_py_pkg
[1.933s] running install_egg_info
[1.954s] removing '/home/ws/install/my_py_pkg/lib/python3.12/site-packages/my_py_pkg-0.0.0-py3.12.egg-info' (and everything under it)
[1.955s] Copying ../../build/my_py_pkg/my_py_pkg.egg-info to /home/ws/install/my_py_pkg/lib/python3.12/site-packages/my_py_pkg-0.0.0-py3.12.egg-info
[1.955s] running install_scripts
[2.229s] Installing add_two_ints_client_no_oop script to /home/ws/install/my_py_pkg/lib/my_py_pkg
[2.229s] Installing add_two_ints_client_oop script to /home/ws/install/my_py_pkg/lib/my_py_pkg
[2.229s] Installing add_two_ints_server script to /home/ws/install/my_py_pkg/lib/my_py_pkg
[2.229s] Installing hw_status_publisher script to /home/ws/install/my_py_pkg/lib/my_py_pkg
[2.230s] Installing number_counter script to /home/ws/install/my_py_pkg/lib/my_py_pkg
[2.230s] Installing number_publisher script to /home/ws/install/my_py_pkg/lib/my_py_pkg
[2.230s] Installing py_node script to /home/ws/install/my_py_pkg/lib/my_py_pkg
[2.230s] Installing robot_news_station script to /home/ws/install/my_py_pkg/lib/my_py_pkg
[2.230s] Installing smartphone script to /home/ws/install/my_py_pkg/lib/my_py_pkg
[2.230s] writing list of installed files to '/home/ws/build/my_py_pkg/install.log'
[2.267s] Invoked command in '/home/ws/src/my_py_pkg' returned '0': PYTHONPATH=/home/ws/build/my_py_pkg/prefix_override:/usr/lib/python3/dist-packages/colcon_core/task/python/colcon_distutils_commands:/home/ws/install/my_py_pkg/lib/python3.12/site-packages:${PYTHONPATH} /usr/bin/python3 -W ignore:setup.py install is deprecated -W ignore:easy_install command is deprecated setup.py egg_info --egg-base ../../build/my_py_pkg build --build-base /home/ws/build/my_py_pkg/build install --record /home/ws/build/my_py_pkg/install.log --single-version-externally-managed install_data
