[5.240s] Invoking command in '/home/ws/build/my_py_pkg': PYTHONPATH=/home/ws/build/my_py_pkg/prefix_override:/usr/lib/python3/dist-packages/colcon_core/task/python/colcon_distutils_commands:/home/ws/install/my_py_pkg/lib/python3.12/site-packages:${PYTHONPATH} /usr/bin/python3 -W ignore:setup.py install is deprecated -W ignore:easy_install command is deprecated setup.py develop --editable --build-directory /home/ws/build/my_py_pkg/build --no-deps symlink_data --force
[5.607s] running develop
[5.819s] running egg_info
[5.844s] writing my_py_pkg.egg-info/PKG-INFO
[5.844s] writing dependency_links to my_py_pkg.egg-info/dependency_links.txt
[5.844s] writing entry points to my_py_pkg.egg-info/entry_points.txt
[6.012s] writing requirements to my_py_pkg.egg-info/requires.txt
[6.014s] writing top-level names to my_py_pkg.egg-info/top_level.txt
[6.115s] reading manifest file 'my_py_pkg.egg-info/SOURCES.txt'
[6.144s] writing manifest file 'my_py_pkg.egg-info/SOURCES.txt'
[6.168s] running build_ext
[6.337s] Creating /home/ws/install/my_py_pkg/lib/python3.12/site-packages/my-py-pkg.egg-link (link to .)
[6.338s] Installing py_node script to /home/ws/install/my_py_pkg/lib/my_py_pkg
[6.338s] Installing robot_news_station script to /home/ws/install/my_py_pkg/lib/my_py_pkg
[6.341s] 
[6.342s] Installed /home/ws/build/my_py_pkg
[6.342s] running symlink_data
[6.342s] symbolically linking /home/ws/build/my_py_pkg/resource/my_py_pkg -> /home/ws/install/my_py_pkg/share/ament_index/resource_index/packages
[6.342s] symbolically linking /home/ws/build/my_py_pkg/package.xml -> /home/ws/install/my_py_pkg/share/my_py_pkg
[6.407s] Invoked command in '/home/ws/build/my_py_pkg' returned '0': PYTHONPATH=/home/ws/build/my_py_pkg/prefix_override:/usr/lib/python3/dist-packages/colcon_core/task/python/colcon_distutils_commands:/home/ws/install/my_py_pkg/lib/python3.12/site-packages:${PYTHONPATH} /usr/bin/python3 -W ignore:setup.py install is deprecated -W ignore:easy_install command is deprecated setup.py develop --editable --build-directory /home/ws/build/my_py_pkg/build --no-deps symlink_data --force
