[0.839s] Invoking command in '/home/ws/build/my_py_pkg': PYTHONPATH=/home/ws/build/my_py_pkg/prefix_override:/usr/lib/python3/dist-packages/colcon_core/task/python/colcon_distutils_commands:/home/ws/install/my_py_pkg/lib/python3.12/site-packages:/home/ws/install/my_robot_interfaces/lib/python3.12/site-packages:/home/ws/build/my_py_pkg:/home/ws/install/my_py_pkg/lib/python3.12/site-packages:/opt/ros/jazzy/lib/python3.12/site-packages /usr/bin/python3 -W ignore:setup.py install is deprecated -W ignore:easy_install command is deprecated setup.py develop --editable --build-directory /home/ws/build/my_py_pkg/build --no-deps symlink_data
[1.181s] running develop
[1.377s] running egg_info
[1.395s] writing my_py_pkg.egg-info/PKG-INFO
[1.396s] writing dependency_links to my_py_pkg.egg-info/dependency_links.txt
[1.396s] writing entry points to my_py_pkg.egg-info/entry_points.txt
[1.396s] writing requirements to my_py_pkg.egg-info/requires.txt
[1.396s] writing top-level names to my_py_pkg.egg-info/top_level.txt
[1.435s] reading manifest file 'my_py_pkg.egg-info/SOURCES.txt'
[1.436s] writing manifest file 'my_py_pkg.egg-info/SOURCES.txt'
[1.456s] running build_ext
[1.457s] Creating /home/ws/install/my_py_pkg/lib/python3.12/site-packages/my-py-pkg.egg-link (link to .)
[1.457s] Installing add_two_ints_client_no_oop script to /home/ws/install/my_py_pkg/lib/my_py_pkg
[1.457s] Installing add_two_ints_client_oop script to /home/ws/install/my_py_pkg/lib/my_py_pkg
[1.458s] Installing add_two_ints_server script to /home/ws/install/my_py_pkg/lib/my_py_pkg
[1.458s] Installing battery script to /home/ws/install/my_py_pkg/lib/my_py_pkg
[1.458s] Installing hw_status_publisher script to /home/ws/install/my_py_pkg/lib/my_py_pkg
[1.458s] Installing led_panel script to /home/ws/install/my_py_pkg/lib/my_py_pkg
[1.458s] Installing number_counter script to /home/ws/install/my_py_pkg/lib/my_py_pkg
[1.459s] Installing number_publisher script to /home/ws/install/my_py_pkg/lib/my_py_pkg
[1.459s] Installing number_publisher_param script to /home/ws/install/my_py_pkg/lib/my_py_pkg
[1.459s] Installing py_node script to /home/ws/install/my_py_pkg/lib/my_py_pkg
[1.459s] Installing robot_news_station script to /home/ws/install/my_py_pkg/lib/my_py_pkg
[1.459s] Installing smartphone script to /home/ws/install/my_py_pkg/lib/my_py_pkg
[1.459s] 
[1.460s] Installed /home/ws/build/my_py_pkg
[1.460s] running symlink_data
[1.493s] Invoked command in '/home/ws/build/my_py_pkg' returned '0': PYTHONPATH=/home/ws/build/my_py_pkg/prefix_override:/usr/lib/python3/dist-packages/colcon_core/task/python/colcon_distutils_commands:/home/ws/install/my_py_pkg/lib/python3.12/site-packages:/home/ws/install/my_robot_interfaces/lib/python3.12/site-packages:/home/ws/build/my_py_pkg:/home/ws/install/my_py_pkg/lib/python3.12/site-packages:/opt/ros/jazzy/lib/python3.12/site-packages /usr/bin/python3 -W ignore:setup.py install is deprecated -W ignore:easy_install command is deprecated setup.py develop --editable --build-directory /home/ws/build/my_py_pkg/build --no-deps symlink_data
