[0.858s] Invoking command in '/home/ws/src/my_py_pkg': PYTHONPATH=/home/ws/build/my_py_pkg/prefix_override:/usr/lib/python3/dist-packages/colcon_core/task/python/colcon_distutils_commands:/home/ws/install/my_py_pkg/lib/python3.12/site-packages:${PYTHONPATH} /usr/bin/python3 -W ignore:setup.py install is deprecated -W ignore:easy_install command is deprecated setup.py egg_info --egg-base ../../build/my_py_pkg build --build-base /home/ws/build/my_py_pkg/build install --record /home/ws/build/my_py_pkg/install.log --single-version-externally-managed install_data
[1.141s] running egg_info
[1.159s] writing ../../build/my_py_pkg/my_py_pkg.egg-info/PKG-INFO
[1.160s] writing dependency_links to ../../build/my_py_pkg/my_py_pkg.egg-info/dependency_links.txt
[1.160s] writing entry points to ../../build/my_py_pkg/my_py_pkg.egg-info/entry_points.txt
[1.161s] writing requirements to ../../build/my_py_pkg/my_py_pkg.egg-info/requires.txt
[1.161s] writing top-level names to ../../build/my_py_pkg/my_py_pkg.egg-info/top_level.txt
[1.198s] reading manifest file '../../build/my_py_pkg/my_py_pkg.egg-info/SOURCES.txt'
[1.199s] writing manifest file '../../build/my_py_pkg/my_py_pkg.egg-info/SOURCES.txt'
[1.199s] running build
[1.199s] running build_py
[1.199s] copying my_py_pkg/hardware_status_publisher.py -> /home/ws/build/my_py_pkg/build/lib/my_py_pkg
[1.200s] running install
[1.207s] running install_lib
[1.226s] copying /home/ws/build/my_py_pkg/build/lib/my_py_pkg/hardware_status_publisher.py -> /home/ws/install/my_py_pkg/lib/python3.12/site-packages/my_py_pkg
[1.228s] byte-compiling /home/ws/install/my_py_pkg/lib/python3.12/site-packages/my_py_pkg/hardware_status_publisher.py to hardware_status_publisher.cpython-312.pyc
[1.228s] running install_data
[1.229s] running install_egg_info
[1.248s] removing '/home/ws/install/my_py_pkg/lib/python3.12/site-packages/my_py_pkg-0.0.0-py3.12.egg-info' (and everything under it)
[1.249s] Copying ../../build/my_py_pkg/my_py_pkg.egg-info to /home/ws/install/my_py_pkg/lib/python3.12/site-packages/my_py_pkg-0.0.0-py3.12.egg-info
[1.250s] running install_scripts
[1.385s] Installing add_two_ints_client_no_oop script to /home/ws/install/my_py_pkg/lib/my_py_pkg
[1.385s] Installing add_two_ints_client_oop script to /home/ws/install/my_py_pkg/lib/my_py_pkg
[1.386s] Installing add_two_ints_server script to /home/ws/install/my_py_pkg/lib/my_py_pkg
[1.386s] Installing hw_status_publisher script to /home/ws/install/my_py_pkg/lib/my_py_pkg
[1.386s] Installing number_counter script to /home/ws/install/my_py_pkg/lib/my_py_pkg
[1.386s] Installing number_publisher script to /home/ws/install/my_py_pkg/lib/my_py_pkg
[1.386s] Installing py_node script to /home/ws/install/my_py_pkg/lib/my_py_pkg
[1.386s] Installing robot_news_station script to /home/ws/install/my_py_pkg/lib/my_py_pkg
[1.386s] Installing smartphone script to /home/ws/install/my_py_pkg/lib/my_py_pkg
[1.386s] writing list of installed files to '/home/ws/build/my_py_pkg/install.log'
[1.425s] Invoked command in '/home/ws/src/my_py_pkg' returned '0': PYTHONPATH=/home/ws/build/my_py_pkg/prefix_override:/usr/lib/python3/dist-packages/colcon_core/task/python/colcon_distutils_commands:/home/ws/install/my_py_pkg/lib/python3.12/site-packages:${PYTHONPATH} /usr/bin/python3 -W ignore:setup.py install is deprecated -W ignore:easy_install command is deprecated setup.py egg_info --egg-base ../../build/my_py_pkg build --build-base /home/ws/build/my_py_pkg/build install --record /home/ws/build/my_py_pkg/install.log --single-version-externally-managed install_data
