[10.874s] Invoking command in '/home/ws/src/my_py_pkg': PYTHONPATH=/home/ws/build/my_py_pkg/prefix_override:/usr/lib/python3/dist-packages/colcon_core/task/python/colcon_distutils_commands:/home/ws/install/my_py_pkg/lib/python3.12/site-packages:${PYTHONPATH} /usr/bin/python3 -W ignore:setup.py install is deprecated -W ignore:easy_install command is deprecated setup.py egg_info --egg-base ../../build/my_py_pkg build --build-base /home/ws/build/my_py_pkg/build install --record /home/ws/build/my_py_pkg/install.log --single-version-externally-managed install_data
[11.149s] running egg_info
[11.165s] writing ../../build/my_py_pkg/my_py_pkg.egg-info/PKG-INFO
[11.166s] writing dependency_links to ../../build/my_py_pkg/my_py_pkg.egg-info/dependency_links.txt
[11.166s] writing entry points to ../../build/my_py_pkg/my_py_pkg.egg-info/entry_points.txt
[11.166s] writing requirements to ../../build/my_py_pkg/my_py_pkg.egg-info/requires.txt
[11.166s] writing top-level names to ../../build/my_py_pkg/my_py_pkg.egg-info/top_level.txt
[11.203s] reading manifest file '../../build/my_py_pkg/my_py_pkg.egg-info/SOURCES.txt'
[11.204s] writing manifest file '../../build/my_py_pkg/my_py_pkg.egg-info/SOURCES.txt'
[11.204s] running build
[11.205s] running build_py
[11.205s] copying my_py_pkg/my_first_node.py -> /home/ws/build/my_py_pkg/build/lib/my_py_pkg
[11.205s] running install
[11.212s] running install_lib
[11.230s] copying /home/ws/build/my_py_pkg/build/lib/my_py_pkg/my_first_node.py -> /home/ws/install/my_py_pkg/lib/python3.12/site-packages/my_py_pkg
[11.231s] byte-compiling /home/ws/install/my_py_pkg/lib/python3.12/site-packages/my_py_pkg/my_first_node.py to my_first_node.cpython-312.pyc
[11.232s] running install_data
[11.232s] running install_egg_info
[11.251s] removing '/home/ws/install/my_py_pkg/lib/python3.12/site-packages/my_py_pkg-0.0.0-py3.12.egg-info' (and everything under it)
[11.252s] Copying ../../build/my_py_pkg/my_py_pkg.egg-info to /home/ws/install/my_py_pkg/lib/python3.12/site-packages/my_py_pkg-0.0.0-py3.12.egg-info
[11.253s] running install_scripts
[11.382s] Installing py_node script to /home/ws/install/my_py_pkg/lib/my_py_pkg
[11.382s] writing list of installed files to '/home/ws/build/my_py_pkg/install.log'
[11.419s] Invoked command in '/home/ws/src/my_py_pkg' returned '0': PYTHONPATH=/home/ws/build/my_py_pkg/prefix_override:/usr/lib/python3/dist-packages/colcon_core/task/python/colcon_distutils_commands:/home/ws/install/my_py_pkg/lib/python3.12/site-packages:${PYTHONPATH} /usr/bin/python3 -W ignore:setup.py install is deprecated -W ignore:easy_install command is deprecated setup.py egg_info --egg-base ../../build/my_py_pkg build --build-base /home/ws/build/my_py_pkg/build install --record /home/ws/build/my_py_pkg/install.log --single-version-externally-managed install_data
