[2.033s] Invoking command in '/home/ws/build/my_py_pkg': PYTHONPATH=/home/ws/build/my_py_pkg/prefix_override:/usr/lib/python3/dist-packages/colcon_core/task/python/colcon_distutils_commands:/home/ws/install/my_py_pkg/lib/python3.12/site-packages:${PYTHONPATH} /usr/bin/python3 -W ignore:setup.py install is deprecated -W ignore:easy_install command is deprecated setup.py develop --editable --build-directory /home/ws/build/my_py_pkg/build --no-deps symlink_data
[2.418s] running develop
[2.632s] running egg_info
[2.651s] writing my_py_pkg.egg-info/PKG-INFO
[2.652s] writing dependency_links to my_py_pkg.egg-info/dependency_links.txt
[2.652s] writing entry points to my_py_pkg.egg-info/entry_points.txt
[2.652s] writing requirements to my_py_pkg.egg-info/requires.txt
[2.652s] writing top-level names to my_py_pkg.egg-info/top_level.txt
[2.692s] reading manifest file 'my_py_pkg.egg-info/SOURCES.txt'
[2.718s] writing manifest file 'my_py_pkg.egg-info/SOURCES.txt'
[2.739s] running build_ext
[2.740s] Creating /home/ws/install/my_py_pkg/lib/python3.12/site-packages/my-py-pkg.egg-link (link to .)
[2.740s] Installing add_two_ints_no_oop script to /home/ws/install/my_py_pkg/lib/my_py_pkg
[2.740s] Installing add_two_ints_server script to /home/ws/install/my_py_pkg/lib/my_py_pkg
[2.740s] Installing number_counter script to /home/ws/install/my_py_pkg/lib/my_py_pkg
[2.740s] Installing number_publisher script to /home/ws/install/my_py_pkg/lib/my_py_pkg
[2.741s] Installing py_node script to /home/ws/install/my_py_pkg/lib/my_py_pkg
[2.741s] Installing robot_news_station script to /home/ws/install/my_py_pkg/lib/my_py_pkg
[2.741s] Installing smartphone script to /home/ws/install/my_py_pkg/lib/my_py_pkg
[2.741s] 
[2.741s] Installed /home/ws/build/my_py_pkg
[2.741s] running symlink_data
[2.788s] Invoked command in '/home/ws/build/my_py_pkg' returned '0': PYTHONPATH=/home/ws/build/my_py_pkg/prefix_override:/usr/lib/python3/dist-packages/colcon_core/task/python/colcon_distutils_commands:/home/ws/install/my_py_pkg/lib/python3.12/site-packages:${PYTHONPATH} /usr/bin/python3 -W ignore:setup.py install is deprecated -W ignore:easy_install command is deprecated setup.py develop --editable --build-directory /home/ws/build/my_py_pkg/build --no-deps symlink_data
