[4.760s] Invoking command in '/home/ws/src/my_py_pkg': PYTHONPATH=/home/ws/build/my_py_pkg/prefix_override:/usr/lib/python3/dist-packages/colcon_core/task/python/colcon_distutils_commands:/home/ws/install/my_py_pkg/lib/python3.12/site-packages:${PYTHONPATH} /usr/bin/python3 -W ignore:setup.py install is deprecated -W ignore:easy_install command is deprecated setup.py egg_info --egg-base ../../build/my_py_pkg build --build-base /home/ws/build/my_py_pkg/build install --record /home/ws/build/my_py_pkg/install.log --single-version-externally-managed install_data
[5.101s] running egg_info
[5.102s] creating ../../build/my_py_pkg/my_py_pkg.egg-info
[5.118s] writing ../../build/my_py_pkg/my_py_pkg.egg-info/PKG-INFO
[5.118s] writing dependency_links to ../../build/my_py_pkg/my_py_pkg.egg-info/dependency_links.txt
[5.119s] writing requirements to ../../build/my_py_pkg/my_py_pkg.egg-info/requires.txt
[5.119s] writing top-level names to ../../build/my_py_pkg/my_py_pkg.egg-info/top_level.txt
[5.119s] writing manifest file '../../build/my_py_pkg/my_py_pkg.egg-info/SOURCES.txt'
[5.155s] reading manifest file '../../build/my_py_pkg/my_py_pkg.egg-info/SOURCES.txt'
[5.156s] writing manifest file '../../build/my_py_pkg/my_py_pkg.egg-info/SOURCES.txt'
[5.156s] running build
[5.156s] running build_py
[5.157s] creating /home/ws/build/my_py_pkg/build
[5.157s] creating /home/ws/build/my_py_pkg/build/lib
[5.157s] creating /home/ws/build/my_py_pkg/build/lib/my_py_pkg
[5.157s] copying my_py_pkg/__init__.py -> /home/ws/build/my_py_pkg/build/lib/my_py_pkg
[5.157s] running install
[5.164s] running install_lib
[5.182s] creating /home/ws/install/my_py_pkg/lib/python3.12/site-packages/my_py_pkg
[5.182s] copying /home/ws/build/my_py_pkg/build/lib/my_py_pkg/__init__.py -> /home/ws/install/my_py_pkg/lib/python3.12/site-packages/my_py_pkg
[5.182s] byte-compiling /home/ws/install/my_py_pkg/lib/python3.12/site-packages/my_py_pkg/__init__.py to __init__.cpython-312.pyc
[5.183s] running install_data
[5.183s] creating /home/ws/install/my_py_pkg/share/ament_index
[5.183s] creating /home/ws/install/my_py_pkg/share/ament_index/resource_index
[5.183s] creating /home/ws/install/my_py_pkg/share/ament_index/resource_index/packages
[5.183s] copying resource/my_py_pkg -> /home/ws/install/my_py_pkg/share/ament_index/resource_index/packages
[5.183s] copying package.xml -> /home/ws/install/my_py_pkg/share/my_py_pkg
[5.183s] running install_egg_info
[5.202s] Copying ../../build/my_py_pkg/my_py_pkg.egg-info to /home/ws/install/my_py_pkg/lib/python3.12/site-packages/my_py_pkg-0.0.0-py3.12.egg-info
[5.203s] running install_scripts
[5.324s] writing list of installed files to '/home/ws/build/my_py_pkg/install.log'
[5.363s] Invoked command in '/home/ws/src/my_py_pkg' returned '0': PYTHONPATH=/home/ws/build/my_py_pkg/prefix_override:/usr/lib/python3/dist-packages/colcon_core/task/python/colcon_distutils_commands:/home/ws/install/my_py_pkg/lib/python3.12/site-packages:${PYTHONPATH} /usr/bin/python3 -W ignore:setup.py install is deprecated -W ignore:easy_install command is deprecated setup.py egg_info --egg-base ../../build/my_py_pkg build --build-base /home/ws/build/my_py_pkg/build install --record /home/ws/build/my_py_pkg/install.log --single-version-externally-managed install_data
