[0.345s] DEBUG:colcon:Command line arguments: ['/usr/bin/colcon', 'build', '--packages-select', 'my_py_pkg', '--symlink-install']
[0.345s] DEBUG:colcon:Parsed command line arguments: Namespace(log_base=None, log_level=None, verb_name='build', build_base='build', install_base='install', merge_install=False, symlink_install=True, test_result_base=None, continue_on_error=False, executor='parallel', parallel_workers=4, event_handlers=None, ignore_user_meta=False, metas=['./colcon.meta'], base_paths=['.'], packages_ignore=None, packages_ignore_regex=None, paths=None, packages_up_to=None, packages_up_to_regex=None, packages_above=None, packages_above_and_dependencies=None, packages_above_depth=None, packages_select_by_dep=None, packages_skip_by_dep=None, packages_skip_up_to=None, packages_select_build_failed=False, packages_skip_build_finished=False, packages_select_test_failures=False, packages_skip_test_passed=False, packages_select=['my_py_pkg'], packages_skip=None, packages_select_regex=None, packages_skip_regex=None, packages_start=None, packages_end=None, cmake_args=None, cmake_target=None, cmake_target_skip_unavailable=False, cmake_clean_cache=False, cmake_clean_first=False, cmake_force_configure=False, ament_cmake_args=None, catkin_cmake_args=None, catkin_skip_building_tests=False, mixin_files=None, mixin=None, verb_parser=<colcon_mixin.mixin.mixin_argument.MixinArgumentDecorator object at 0x78d5d8f67260>, verb_extension=<colcon_core.verb.build.BuildVerb object at 0x78d5d8f66480>, main=<bound method BuildVerb.main of <colcon_core.verb.build.BuildVerb object at 0x78d5d8f66480>>, mixin_verb=('build',))
[1.030s] Level 1:colcon.colcon_core.package_discovery:discover_packages(colcon_meta) check parameters
[1.031s] Level 1:colcon.colcon_core.package_discovery:discover_packages(recursive) check parameters
[1.031s] Level 1:colcon.colcon_core.package_discovery:discover_packages(ignore) check parameters
[1.031s] Level 1:colcon.colcon_core.package_discovery:discover_packages(path) check parameters
[1.031s] Level 1:colcon.colcon_core.package_discovery:discover_packages(colcon_meta) discover
[1.032s] Level 1:colcon.colcon_core.package_discovery:discover_packages(recursive) discover
[1.032s] INFO:colcon.colcon_core.package_discovery:Crawling recursively for packages in '/home/ws'
[1.032s] Level 1:colcon.colcon_core.package_identification:_identify(.) by extensions ['ignore', 'ignore_ament_install']
[1.033s] Level 1:colcon.colcon_core.package_identification:_identify(.) by extension 'ignore'
[1.033s] Level 1:colcon.colcon_core.package_identification:_identify(.) by extension 'ignore_ament_install'
[1.033s] Level 1:colcon.colcon_core.package_identification:_identify(.) by extensions ['colcon_pkg']
[1.033s] Level 1:colcon.colcon_core.package_identification:_identify(.) by extension 'colcon_pkg'
[1.034s] Level 1:colcon.colcon_core.package_identification:_identify(.) by extensions ['colcon_meta']
[1.034s] Level 1:colcon.colcon_core.package_identification:_identify(.) by extension 'colcon_meta'
[1.034s] Level 1:colcon.colcon_core.package_identification:_identify(.) by extensions ['ros']
[1.034s] Level 1:colcon.colcon_core.package_identification:_identify(.) by extension 'ros'
[1.244s] Level 1:colcon.colcon_core.package_identification:_identify(.) by extensions ['cmake', 'python']
[1.244s] Level 1:colcon.colcon_core.package_identification:_identify(.) by extension 'cmake'
[1.244s] Level 1:colcon.colcon_core.package_identification:_identify(.) by extension 'python'
[1.244s] Level 1:colcon.colcon_core.package_identification:_identify(.) by extensions ['python_setup_py']
[1.244s] Level 1:colcon.colcon_core.package_identification:_identify(.) by extension 'python_setup_py'
[1.245s] Level 1:colcon.colcon_core.package_identification:_identify(build) by extensions ['ignore', 'ignore_ament_install']
[1.245s] Level 1:colcon.colcon_core.package_identification:_identify(build) by extension 'ignore'
[1.245s] Level 1:colcon.colcon_core.package_identification:_identify(build) ignored
[1.245s] Level 1:colcon.colcon_core.package_identification:_identify(install) by extensions ['ignore', 'ignore_ament_install']
[1.245s] Level 1:colcon.colcon_core.package_identification:_identify(install) by extension 'ignore'
[1.245s] Level 1:colcon.colcon_core.package_identification:_identify(install) ignored
[1.245s] Level 1:colcon.colcon_core.package_identification:_identify(log) by extensions ['ignore', 'ignore_ament_install']
[1.246s] Level 1:colcon.colcon_core.package_identification:_identify(log) by extension 'ignore'
[1.246s] Level 1:colcon.colcon_core.package_identification:_identify(log) ignored
[1.246s] Level 1:colcon.colcon_core.package_identification:_identify(src) by extensions ['ignore', 'ignore_ament_install']
[1.246s] Level 1:colcon.colcon_core.package_identification:_identify(src) by extension 'ignore'
[1.246s] Level 1:colcon.colcon_core.package_identification:_identify(src) by extension 'ignore_ament_install'
[1.246s] Level 1:colcon.colcon_core.package_identification:_identify(src) by extensions ['colcon_pkg']
[1.246s] Level 1:colcon.colcon_core.package_identification:_identify(src) by extension 'colcon_pkg'
[1.246s] Level 1:colcon.colcon_core.package_identification:_identify(src) by extensions ['colcon_meta']
[1.246s] Level 1:colcon.colcon_core.package_identification:_identify(src) by extension 'colcon_meta'
[1.246s] Level 1:colcon.colcon_core.package_identification:_identify(src) by extensions ['ros']
[1.246s] Level 1:colcon.colcon_core.package_identification:_identify(src) by extension 'ros'
[1.247s] Level 1:colcon.colcon_core.package_identification:_identify(src) by extensions ['cmake', 'python']
[1.247s] Level 1:colcon.colcon_core.package_identification:_identify(src) by extension 'cmake'
[1.247s] Level 1:colcon.colcon_core.package_identification:_identify(src) by extension 'python'
[1.247s] Level 1:colcon.colcon_core.package_identification:_identify(src) by extensions ['python_setup_py']
[1.247s] Level 1:colcon.colcon_core.package_identification:_identify(src) by extension 'python_setup_py'
[1.247s] Level 1:colcon.colcon_core.package_identification:_identify(src/my_py_pkg) by extensions ['ignore', 'ignore_ament_install']
[1.247s] Level 1:colcon.colcon_core.package_identification:_identify(src/my_py_pkg) by extension 'ignore'
[1.247s] Level 1:colcon.colcon_core.package_identification:_identify(src/my_py_pkg) by extension 'ignore_ament_install'
[1.247s] Level 1:colcon.colcon_core.package_identification:_identify(src/my_py_pkg) by extensions ['colcon_pkg']
[1.247s] Level 1:colcon.colcon_core.package_identification:_identify(src/my_py_pkg) by extension 'colcon_pkg'
[1.247s] Level 1:colcon.colcon_core.package_identification:_identify(src/my_py_pkg) by extensions ['colcon_meta']
[1.247s] Level 1:colcon.colcon_core.package_identification:_identify(src/my_py_pkg) by extension 'colcon_meta'
[1.247s] Level 1:colcon.colcon_core.package_identification:_identify(src/my_py_pkg) by extensions ['ros']
[1.247s] Level 1:colcon.colcon_core.package_identification:_identify(src/my_py_pkg) by extension 'ros'
[1.271s] DEBUG:colcon.colcon_core.package_identification:Package 'src/my_py_pkg' with type 'ros.ament_python' and name 'my_py_pkg'
[1.272s] Level 1:colcon.colcon_core.package_identification:_identify(src/my_robot_interfaces) by extensions ['ignore', 'ignore_ament_install']
[1.272s] Level 1:colcon.colcon_core.package_identification:_identify(src/my_robot_interfaces) by extension 'ignore'
[1.272s] Level 1:colcon.colcon_core.package_identification:_identify(src/my_robot_interfaces) by extension 'ignore_ament_install'
[1.272s] Level 1:colcon.colcon_core.package_identification:_identify(src/my_robot_interfaces) by extensions ['colcon_pkg']
[1.272s] Level 1:colcon.colcon_core.package_identification:_identify(src/my_robot_interfaces) by extension 'colcon_pkg'
[1.272s] Level 1:colcon.colcon_core.package_identification:_identify(src/my_robot_interfaces) by extensions ['colcon_meta']
[1.272s] Level 1:colcon.colcon_core.package_identification:_identify(src/my_robot_interfaces) by extension 'colcon_meta'
[1.272s] Level 1:colcon.colcon_core.package_identification:_identify(src/my_robot_interfaces) by extensions ['ros']
[1.272s] Level 1:colcon.colcon_core.package_identification:_identify(src/my_robot_interfaces) by extension 'ros'
[1.286s] DEBUG:colcon.colcon_core.package_identification:Package 'src/my_robot_interfaces' with type 'ros.ament_cmake' and name 'my_robot_interfaces'
[1.286s] Level 1:colcon.colcon_core.package_identification:_identify(test) by extensions ['ignore', 'ignore_ament_install']
[1.286s] Level 1:colcon.colcon_core.package_identification:_identify(test) by extension 'ignore'
[1.286s] Level 1:colcon.colcon_core.package_identification:_identify(test) by extension 'ignore_ament_install'
[1.286s] Level 1:colcon.colcon_core.package_identification:_identify(test) by extensions ['colcon_pkg']
[1.287s] Level 1:colcon.colcon_core.package_identification:_identify(test) by extension 'colcon_pkg'
[1.287s] Level 1:colcon.colcon_core.package_identification:_identify(test) by extensions ['colcon_meta']
[1.287s] Level 1:colcon.colcon_core.package_identification:_identify(test) by extension 'colcon_meta'
[1.287s] Level 1:colcon.colcon_core.package_identification:_identify(test) by extensions ['ros']
[1.287s] Level 1:colcon.colcon_core.package_identification:_identify(test) by extension 'ros'
[1.287s] Level 1:colcon.colcon_core.package_identification:_identify(test) by extensions ['cmake', 'python']
[1.287s] Level 1:colcon.colcon_core.package_identification:_identify(test) by extension 'cmake'
[1.287s] Level 1:colcon.colcon_core.package_identification:_identify(test) by extension 'python'
[1.287s] Level 1:colcon.colcon_core.package_identification:_identify(test) by extensions ['python_setup_py']
[1.287s] Level 1:colcon.colcon_core.package_identification:_identify(test) by extension 'python_setup_py'
[1.287s] Level 1:colcon.colcon_core.package_discovery:discover_packages(recursive) using defaults
[1.287s] Level 1:colcon.colcon_core.package_discovery:discover_packages(ignore) discover
[1.287s] Level 1:colcon.colcon_core.package_discovery:discover_packages(ignore) using defaults
[1.287s] Level 1:colcon.colcon_core.package_discovery:discover_packages(path) discover
[1.287s] Level 1:colcon.colcon_core.package_discovery:discover_packages(path) using defaults
[1.499s] INFO:colcon.colcon_core.package_selection:Skipping not selected package 'my_robot_interfaces' in 'src/my_robot_interfaces'
[1.500s] Level 5:colcon.colcon_core.verb:set package 'my_py_pkg' build argument 'cmake_args' from command line to 'None'
[1.500s] Level 5:colcon.colcon_core.verb:set package 'my_py_pkg' build argument 'cmake_target' from command line to 'None'
[1.500s] Level 5:colcon.colcon_core.verb:set package 'my_py_pkg' build argument 'cmake_target_skip_unavailable' from command line to 'False'
[1.500s] Level 5:colcon.colcon_core.verb:set package 'my_py_pkg' build argument 'cmake_clean_cache' from command line to 'False'
[1.500s] Level 5:colcon.colcon_core.verb:set package 'my_py_pkg' build argument 'cmake_clean_first' from command line to 'False'
[1.500s] Level 5:colcon.colcon_core.verb:set package 'my_py_pkg' build argument 'cmake_force_configure' from command line to 'False'
[1.500s] Level 5:colcon.colcon_core.verb:set package 'my_py_pkg' build argument 'ament_cmake_args' from command line to 'None'
[1.500s] Level 5:colcon.colcon_core.verb:set package 'my_py_pkg' build argument 'catkin_cmake_args' from command line to 'None'
[1.500s] Level 5:colcon.colcon_core.verb:set package 'my_py_pkg' build argument 'catkin_skip_building_tests' from command line to 'False'
[1.501s] DEBUG:colcon.colcon_core.verb:Building package 'my_py_pkg' with the following arguments: {'ament_cmake_args': None, 'build_base': '/home/ws/build/my_py_pkg', 'catkin_cmake_args': None, 'catkin_skip_building_tests': False, 'cmake_args': None, 'cmake_clean_cache': False, 'cmake_clean_first': False, 'cmake_force_configure': False, 'cmake_target': None, 'cmake_target_skip_unavailable': False, 'install_base': '/home/ws/install/my_py_pkg', 'merge_install': False, 'path': '/home/ws/src/my_py_pkg', 'symlink_install': True, 'test_result_base': None}
[1.501s] INFO:colcon.colcon_core.executor:Executing jobs using 'parallel' executor
[1.502s] DEBUG:colcon.colcon_parallel_executor.executor.parallel:run_until_complete
[1.503s] INFO:colcon.colcon_ros.task.ament_python.build:Building ROS package in '/home/ws/src/my_py_pkg' with build type 'ament_python'
[1.503s] Level 1:colcon.colcon_core.shell:create_environment_hook('my_py_pkg', 'ament_prefix_path')
[1.546s] INFO:colcon.colcon_core.plugin_system:Skipping extension 'colcon_core.shell.bat': Not used on non-Windows systems
[1.547s] INFO:colcon.colcon_core.shell:Creating environment hook '/home/ws/install/my_py_pkg/share/my_py_pkg/hook/ament_prefix_path.ps1'
[1.553s] INFO:colcon.colcon_core.shell:Creating environment descriptor '/home/ws/install/my_py_pkg/share/my_py_pkg/hook/ament_prefix_path.dsv'
[1.554s] INFO:colcon.colcon_core.shell:Creating environment hook '/home/ws/install/my_py_pkg/share/my_py_pkg/hook/ament_prefix_path.sh'
[1.556s] INFO:colcon.colcon_core.shell:Skip shell extension 'powershell' for command environment: Not usable outside of PowerShell
[1.556s] DEBUG:colcon.colcon_core.shell:Skip shell extension 'dsv' for command environment
[2.007s] INFO:colcon.colcon_core.task.python.build:Building Python package in '/home/ws/src/my_py_pkg'
[2.007s] INFO:colcon.colcon_core.shell:Skip shell extension 'powershell' for command environment: Not usable outside of PowerShell
[2.007s] DEBUG:colcon.colcon_core.shell:Skip shell extension 'dsv' for command environment
[4.652s] DEBUG:colcon.colcon_core.task.python.build:While undoing a previous installation files outside the Python library path are being ignored: /home/ws/install/my_py_pkg/share/ament_index/resource_index/packages/my_py_pkg
[4.653s] DEBUG:colcon.colcon_core.task.python.build:While undoing a previous installation files outside the Python library path are being ignored: /home/ws/install/my_py_pkg/share/my_py_pkg/package.xml
[4.653s] DEBUG:colcon.colcon_core.task.python.build:While undoing a previous installation files outside the Python library path are being ignored: /home/ws/install/my_py_pkg/lib/my_py_pkg/add_two_ints_client_no_oop
[4.653s] DEBUG:colcon.colcon_core.task.python.build:While undoing a previous installation files outside the Python library path are being ignored: /home/ws/install/my_py_pkg/lib/my_py_pkg/add_two_ints_client_oop
[4.653s] DEBUG:colcon.colcon_core.task.python.build:While undoing a previous installation files outside the Python library path are being ignored: /home/ws/install/my_py_pkg/lib/my_py_pkg/add_two_ints_server
[4.653s] DEBUG:colcon.colcon_core.task.python.build:While undoing a previous installation files outside the Python library path are being ignored: /home/ws/install/my_py_pkg/lib/my_py_pkg/hw_status_publisher
[4.653s] DEBUG:colcon.colcon_core.task.python.build:While undoing a previous installation files outside the Python library path are being ignored: /home/ws/install/my_py_pkg/lib/my_py_pkg/led_panel
[4.653s] DEBUG:colcon.colcon_core.task.python.build:While undoing a previous installation files outside the Python library path are being ignored: /home/ws/install/my_py_pkg/lib/my_py_pkg/number_counter
[4.653s] DEBUG:colcon.colcon_core.task.python.build:While undoing a previous installation files outside the Python library path are being ignored: /home/ws/install/my_py_pkg/lib/my_py_pkg/number_publisher
[4.653s] DEBUG:colcon.colcon_core.task.python.build:While undoing a previous installation files outside the Python library path are being ignored: /home/ws/install/my_py_pkg/lib/my_py_pkg/py_node
[4.653s] DEBUG:colcon.colcon_core.task.python.build:While undoing a previous installation files outside the Python library path are being ignored: /home/ws/install/my_py_pkg/lib/my_py_pkg/robot_news_station
[4.653s] DEBUG:colcon.colcon_core.task.python.build:While undoing a previous installation files outside the Python library path are being ignored: /home/ws/install/my_py_pkg/lib/my_py_pkg/smartphone
[4.655s] DEBUG:colcon.colcon_core.event_handler.log_command:Invoking command in '/home/ws/build/my_py_pkg': PYTHONPATH=/home/ws/build/my_py_pkg/prefix_override:/usr/lib/python3/dist-packages/colcon_core/task/python/colcon_distutils_commands:/home/ws/install/my_py_pkg/lib/python3.12/site-packages:/home/ws/install/my_robot_interfaces/lib/python3.12/site-packages:/home/ws/install/my_py_pkg/lib/python3.12/site-packages:/opt/ros/jazzy/lib/python3.12/site-packages /usr/bin/python3 -W ignore:setup.py install is deprecated -W ignore:easy_install command is deprecated setup.py develop --editable --build-directory /home/ws/build/my_py_pkg/build --no-deps symlink_data --force
[5.345s] Level 1:colcon.colcon_core.shell:create_environment_hook('my_py_pkg', 'pythonpath_develop')
[5.345s] INFO:colcon.colcon_core.shell:Creating environment hook '/home/ws/build/my_py_pkg/share/my_py_pkg/hook/pythonpath_develop.ps1'
[5.346s] DEBUG:colcon.colcon_core.event_handler.log_command:Invoked command in '/home/ws/build/my_py_pkg' returned '0': PYTHONPATH=/home/ws/build/my_py_pkg/prefix_override:/usr/lib/python3/dist-packages/colcon_core/task/python/colcon_distutils_commands:/home/ws/install/my_py_pkg/lib/python3.12/site-packages:/home/ws/install/my_robot_interfaces/lib/python3.12/site-packages:/home/ws/install/my_py_pkg/lib/python3.12/site-packages:/opt/ros/jazzy/lib/python3.12/site-packages /usr/bin/python3 -W ignore:setup.py install is deprecated -W ignore:easy_install command is deprecated setup.py develop --editable --build-directory /home/ws/build/my_py_pkg/build --no-deps symlink_data --force
[5.346s] INFO:colcon.colcon_core.shell:Creating environment descriptor '/home/ws/build/my_py_pkg/share/my_py_pkg/hook/pythonpath_develop.dsv'
[5.347s] INFO:colcon.colcon_core.shell:Creating environment hook '/home/ws/build/my_py_pkg/share/my_py_pkg/hook/pythonpath_develop.sh'
[5.425s] Level 1:colcon.colcon_core.environment:checking '/home/ws/install/my_py_pkg' for CMake module files
[5.428s] Level 1:colcon.colcon_core.environment:checking '/home/ws/install/my_py_pkg' for CMake config files
[5.430s] Level 1:colcon.colcon_core.environment:checking '/home/ws/install/my_py_pkg/lib'
[5.431s] Level 1:colcon.colcon_core.environment:checking '/home/ws/install/my_py_pkg/bin'
[5.432s] Level 1:colcon.colcon_core.environment:checking '/home/ws/install/my_py_pkg/lib/pkgconfig/my_py_pkg.pc'
[5.433s] Level 1:colcon.colcon_core.environment:checking '/home/ws/install/my_py_pkg/lib/python3.12/site-packages'
[5.434s] Level 1:colcon.colcon_core.shell:create_environment_hook('my_py_pkg', 'pythonpath')
[5.435s] INFO:colcon.colcon_core.shell:Creating environment hook '/home/ws/install/my_py_pkg/share/my_py_pkg/hook/pythonpath.ps1'
[5.459s] INFO:colcon.colcon_core.shell:Creating environment descriptor '/home/ws/install/my_py_pkg/share/my_py_pkg/hook/pythonpath.dsv'
[5.460s] INFO:colcon.colcon_core.shell:Creating environment hook '/home/ws/install/my_py_pkg/share/my_py_pkg/hook/pythonpath.sh'
[5.462s] Level 1:colcon.colcon_core.environment:checking '/home/ws/install/my_py_pkg/bin'
[5.462s] Level 1:colcon.colcon_core.environment:create_environment_scripts_only(my_py_pkg)
[5.463s] INFO:colcon.colcon_core.shell:Creating package script '/home/ws/install/my_py_pkg/share/my_py_pkg/package.ps1'
[5.470s] INFO:colcon.colcon_core.shell:Creating package descriptor '/home/ws/install/my_py_pkg/share/my_py_pkg/package.dsv'
[5.474s] INFO:colcon.colcon_core.shell:Creating package script '/home/ws/install/my_py_pkg/share/my_py_pkg/package.sh'
[5.476s] INFO:colcon.colcon_core.shell:Creating package script '/home/ws/install/my_py_pkg/share/my_py_pkg/package.bash'
[5.478s] INFO:colcon.colcon_core.shell:Creating package script '/home/ws/install/my_py_pkg/share/my_py_pkg/package.zsh'
[5.487s] Level 1:colcon.colcon_core.environment:create_file_with_runtime_dependencies(/home/ws/install/my_py_pkg/share/colcon-core/packages/my_py_pkg)
[5.488s] DEBUG:colcon.colcon_parallel_executor.executor.parallel:closing loop
[5.488s] DEBUG:colcon.colcon_parallel_executor.executor.parallel:loop closed
[5.488s] DEBUG:colcon.colcon_parallel_executor.executor.parallel:run_until_complete finished with '0'
[5.488s] DEBUG:colcon.colcon_core.event_reactor:joining thread
[5.532s] INFO:colcon.colcon_core.plugin_system:Skipping extension 'colcon_notification.desktop_notification.notify_send': Could not find 'notify-send'
[5.533s] INFO:colcon.colcon_core.plugin_system:Skipping extension 'colcon_notification.desktop_notification.terminal_notifier': Not used on non-Darwin systems
[5.533s] INFO:colcon.colcon_core.plugin_system:Skipping extension 'colcon_notification.desktop_notification.win32': Not used on non-Windows systems
[5.533s] INFO:colcon.colcon_notification.desktop_notification:Sending desktop notification using 'notify2'
[5.588s] DEBUG:colcon.colcon_notification.desktop_notification.notify2:Failed to initialize notify2: org.freedesktop.DBus.Error.Spawn.ExecFailed: /usr/bin/dbus-launch terminated abnormally without any error message
[5.588s] DEBUG:colcon.colcon_core.event_reactor:joined thread
[5.589s] INFO:colcon.colcon_core.shell:Creating prefix script '/home/ws/install/local_setup.ps1'
[5.590s] INFO:colcon.colcon_core.shell:Creating prefix util module '/home/ws/install/_local_setup_util_ps1.py'
[5.592s] INFO:colcon.colcon_core.shell:Creating prefix chain script '/home/ws/install/setup.ps1'
[5.593s] INFO:colcon.colcon_core.shell:Creating prefix script '/home/ws/install/local_setup.sh'
[5.594s] INFO:colcon.colcon_core.shell:Creating prefix util module '/home/ws/install/_local_setup_util_sh.py'
[5.595s] INFO:colcon.colcon_core.shell:Creating prefix chain script '/home/ws/install/setup.sh'
[5.596s] INFO:colcon.colcon_core.shell:Creating prefix script '/home/ws/install/local_setup.bash'
[5.597s] INFO:colcon.colcon_core.shell:Creating prefix chain script '/home/ws/install/setup.bash'
[5.601s] INFO:colcon.colcon_core.shell:Creating prefix script '/home/ws/install/local_setup.zsh'
[5.602s] INFO:colcon.colcon_core.shell:Creating prefix chain script '/home/ws/install/setup.zsh'
