[4.225s] Invoking command in '/home/ws/build/my_py_pkg': PYTHONPATH=/home/ws/build/my_py_pkg/prefix_override:/usr/lib/python3/dist-packages/colcon_core/task/python/colcon_distutils_commands:/home/ws/install/my_py_pkg/lib/python3.12/site-packages:${PYTHONPATH} /usr/bin/python3 -W ignore:setup.py install is deprecated -W ignore:easy_install command is deprecated setup.py develop --uninstall --editable --build-directory /home/ws/build/my_py_pkg/build
[4.606s] running develop
[4.853s] Removing /home/ws/install/my_py_pkg/lib/python3.12/site-packages/my-py-pkg.egg-link (link to .)
[4.886s] Invoked command in '/home/ws/build/my_py_pkg' returned '0': PYTHONPATH=/home/ws/build/my_py_pkg/prefix_override:/usr/lib/python3/dist-packages/colcon_core/task/python/colcon_distutils_commands:/home/ws/install/my_py_pkg/lib/python3.12/site-packages:${PYTHONPATH} /usr/bin/python3 -W ignore:setup.py install is deprecated -W ignore:easy_install command is deprecated setup.py develop --uninstall --editable --build-directory /home/ws/build/my_py_pkg/build
[4.903s] Invoking command in '/home/ws/src/my_py_pkg': PYTHONPATH=/home/ws/build/my_py_pkg/prefix_override:/usr/lib/python3/dist-packages/colcon_core/task/python/colcon_distutils_commands:/home/ws/install/my_py_pkg/lib/python3.12/site-packages:${PYTHONPATH} /usr/bin/python3 -W ignore:setup.py install is deprecated -W ignore:easy_install command is deprecated setup.py egg_info --egg-base ../../build/my_py_pkg build --build-base /home/ws/build/my_py_pkg/build install --record /home/ws/build/my_py_pkg/install.log --single-version-externally-managed install_data --force
[5.187s] running egg_info
[5.206s] writing ../../build/my_py_pkg/my_py_pkg.egg-info/PKG-INFO
[5.206s] writing dependency_links to ../../build/my_py_pkg/my_py_pkg.egg-info/dependency_links.txt
[5.207s] writing entry points to ../../build/my_py_pkg/my_py_pkg.egg-info/entry_points.txt
[5.222s] writing requirements to ../../build/my_py_pkg/my_py_pkg.egg-info/requires.txt
[5.222s] writing top-level names to ../../build/my_py_pkg/my_py_pkg.egg-info/top_level.txt
[5.270s] reading manifest file '../../build/my_py_pkg/my_py_pkg.egg-info/SOURCES.txt'
[5.277s] writing manifest file '../../build/my_py_pkg/my_py_pkg.egg-info/SOURCES.txt'
[5.277s] running build
[5.278s] running build_py
[5.278s] copying my_py_pkg/robot_news_station.py -> /home/ws/build/my_py_pkg/build/lib/my_py_pkg
[5.278s] copying my_py_pkg/smartphone.py -> /home/ws/build/my_py_pkg/build/lib/my_py_pkg
[5.278s] copying my_py_pkg/number_publisher.py -> /home/ws/build/my_py_pkg/build/lib/my_py_pkg
[5.278s] running install
[5.286s] running install_lib
[5.305s] creating /home/ws/install/my_py_pkg/lib/python3.12/site-packages/my_py_pkg
[5.306s] copying /home/ws/build/my_py_pkg/build/lib/my_py_pkg/robot_news_station.py -> /home/ws/install/my_py_pkg/lib/python3.12/site-packages/my_py_pkg
[5.306s] copying /home/ws/build/my_py_pkg/build/lib/my_py_pkg/smartphone.py -> /home/ws/install/my_py_pkg/lib/python3.12/site-packages/my_py_pkg
[5.306s] copying /home/ws/build/my_py_pkg/build/lib/my_py_pkg/number_publisher.py -> /home/ws/install/my_py_pkg/lib/python3.12/site-packages/my_py_pkg
[5.306s] copying /home/ws/build/my_py_pkg/build/lib/my_py_pkg/__init__.py -> /home/ws/install/my_py_pkg/lib/python3.12/site-packages/my_py_pkg
[5.306s] copying /home/ws/build/my_py_pkg/build/lib/my_py_pkg/my_first_node.py -> /home/ws/install/my_py_pkg/lib/python3.12/site-packages/my_py_pkg
[5.346s] byte-compiling /home/ws/install/my_py_pkg/lib/python3.12/site-packages/my_py_pkg/robot_news_station.py to robot_news_station.cpython-312.pyc
[5.346s] byte-compiling /home/ws/install/my_py_pkg/lib/python3.12/site-packages/my_py_pkg/smartphone.py to smartphone.cpython-312.pyc
[5.347s] byte-compiling /home/ws/install/my_py_pkg/lib/python3.12/site-packages/my_py_pkg/number_publisher.py to number_publisher.cpython-312.pyc
[5.347s] byte-compiling /home/ws/install/my_py_pkg/lib/python3.12/site-packages/my_py_pkg/__init__.py to __init__.cpython-312.pyc
[5.347s] byte-compiling /home/ws/install/my_py_pkg/lib/python3.12/site-packages/my_py_pkg/my_first_node.py to my_first_node.cpython-312.pyc
[5.348s] running install_data
[5.348s] copying resource/my_py_pkg -> /home/ws/install/my_py_pkg/share/ament_index/resource_index/packages
[5.348s] copying package.xml -> /home/ws/install/my_py_pkg/share/my_py_pkg
[5.349s] running install_egg_info
[5.369s] Copying ../../build/my_py_pkg/my_py_pkg.egg-info to /home/ws/install/my_py_pkg/lib/python3.12/site-packages/my_py_pkg-0.0.0-py3.12.egg-info
[5.395s] running install_scripts
[5.528s] Installing number_publisher script to /home/ws/install/my_py_pkg/lib/my_py_pkg
[5.528s] Installing py_node script to /home/ws/install/my_py_pkg/lib/my_py_pkg
[5.528s] Installing robot_news_station script to /home/ws/install/my_py_pkg/lib/my_py_pkg
[5.528s] Installing smartphone script to /home/ws/install/my_py_pkg/lib/my_py_pkg
[5.529s] writing list of installed files to '/home/ws/build/my_py_pkg/install.log'
[5.573s] Invoked command in '/home/ws/src/my_py_pkg' returned '0': PYTHONPATH=/home/ws/build/my_py_pkg/prefix_override:/usr/lib/python3/dist-packages/colcon_core/task/python/colcon_distutils_commands:/home/ws/install/my_py_pkg/lib/python3.12/site-packages:${PYTHONPATH} /usr/bin/python3 -W ignore:setup.py install is deprecated -W ignore:easy_install command is deprecated setup.py egg_info --egg-base ../../build/my_py_pkg build --build-base /home/ws/build/my_py_pkg/build install --record /home/ws/build/my_py_pkg/install.log --single-version-externally-managed install_data --force
