[1.072s] Invoking command in '/home/ws/build/my_py_pkg': PYTHONPATH=/home/ws/build/my_py_pkg/prefix_override:/usr/lib/python3/dist-packages/colcon_core/task/python/colcon_distutils_commands:/home/ws/install/my_py_pkg/lib/python3.12/site-packages:${PYTHONPATH} /usr/bin/python3 -W ignore:setup.py install is deprecated -W ignore:easy_install command is deprecated setup.py develop --editable --build-directory /home/ws/build/my_py_pkg/build --no-deps symlink_data
[1.419s] running develop
[1.620s] running egg_info
[1.639s] writing my_py_pkg.egg-info/PKG-INFO
[1.639s] writing dependency_links to my_py_pkg.egg-info/dependency_links.txt
[1.640s] writing entry points to my_py_pkg.egg-info/entry_points.txt
[1.640s] writing requirements to my_py_pkg.egg-info/requires.txt
[1.640s] writing top-level names to my_py_pkg.egg-info/top_level.txt
[1.679s] reading manifest file 'my_py_pkg.egg-info/SOURCES.txt'
[1.903s] writing manifest file 'my_py_pkg.egg-info/SOURCES.txt'
[1.949s] running build_ext
[1.949s] Creating /home/ws/install/my_py_pkg/lib/python3.12/site-packages/my-py-pkg.egg-link (link to .)
[1.950s] Installing add_two_ints_client_no_oop script to /home/ws/install/my_py_pkg/lib/my_py_pkg
[1.950s] Installing add_two_ints_client_oop script to /home/ws/install/my_py_pkg/lib/my_py_pkg
[1.951s] Installing add_two_ints_server script to /home/ws/install/my_py_pkg/lib/my_py_pkg
[1.951s] Installing number_counter script to /home/ws/install/my_py_pkg/lib/my_py_pkg
[1.951s] Installing number_publisher script to /home/ws/install/my_py_pkg/lib/my_py_pkg
[1.951s] Installing py_node script to /home/ws/install/my_py_pkg/lib/my_py_pkg
[1.951s] Installing robot_news_station script to /home/ws/install/my_py_pkg/lib/my_py_pkg
[1.951s] Installing smartphone script to /home/ws/install/my_py_pkg/lib/my_py_pkg
[1.951s] 
[1.952s] Installed /home/ws/build/my_py_pkg
[1.952s] running symlink_data
[1.991s] Invoked command in '/home/ws/build/my_py_pkg' returned '0': PYTHONPATH=/home/ws/build/my_py_pkg/prefix_override:/usr/lib/python3/dist-packages/colcon_core/task/python/colcon_distutils_commands:/home/ws/install/my_py_pkg/lib/python3.12/site-packages:${PYTHONPATH} /usr/bin/python3 -W ignore:setup.py install is deprecated -W ignore:easy_install command is deprecated setup.py develop --editable --build-directory /home/ws/build/my_py_pkg/build --no-deps symlink_data
