[0.702s] DEBUG:colcon:Command line arguments: ['/usr/bin/colcon', 'build', '--packages-select', 'my_py_pkg']
[0.702s] DEBUG:colcon:Parsed command line arguments: Namespace(log_base=None, log_level=None, verb_name='build', build_base='build', install_base='install', merge_install=False, symlink_install=False, test_result_base=None, continue_on_error=False, executor='parallel', parallel_workers=4, event_handlers=None, ignore_user_meta=False, metas=['./colcon.meta'], base_paths=['.'], packages_ignore=None, packages_ignore_regex=None, paths=None, packages_up_to=None, packages_up_to_regex=None, packages_above=None, packages_above_and_dependencies=None, packages_above_depth=None, packages_select_by_dep=None, packages_skip_by_dep=None, packages_skip_up_to=None, packages_select_build_failed=False, packages_skip_build_finished=False, packages_select_test_failures=False, packages_skip_test_passed=False, packages_select=['my_py_pkg'], packages_skip=None, packages_select_regex=None, packages_skip_regex=None, packages_start=None, packages_end=None, cmake_args=None, cmake_target=None, cmake_target_skip_unavailable=False, cmake_clean_cache=False, cmake_clean_first=False, cmake_force_configure=False, ament_cmake_args=None, catkin_cmake_args=None, catkin_skip_building_tests=False, mixin_files=None, mixin=None, verb_parser=<colcon_mixin.mixin.mixin_argument.MixinArgumentDecorator object at 0x72e1e4953380>, verb_extension=<colcon_core.verb.build.BuildVerb object at 0x72e1e4951ee0>, main=<bound method BuildVerb.main of <colcon_core.verb.build.BuildVerb object at 0x72e1e4951ee0>>, mixin_verb=('build',))
[1.772s] Level 1:colcon.colcon_core.package_discovery:discover_packages(colcon_meta) check parameters
[1.772s] Level 1:colcon.colcon_core.package_discovery:discover_packages(recursive) check parameters
[1.772s] Level 1:colcon.colcon_core.package_discovery:discover_packages(ignore) check parameters
[1.773s] Level 1:colcon.colcon_core.package_discovery:discover_packages(path) check parameters
[1.773s] Level 1:colcon.colcon_core.package_discovery:discover_packages(colcon_meta) discover
[1.773s] Level 1:colcon.colcon_core.package_discovery:discover_packages(recursive) discover
[1.773s] INFO:colcon.colcon_core.package_discovery:Crawling recursively for packages in '/home/ws'
[1.773s] Level 1:colcon.colcon_core.package_identification:_identify(.) by extensions ['ignore', 'ignore_ament_install']
[1.774s] Level 1:colcon.colcon_core.package_identification:_identify(.) by extension 'ignore'
[1.774s] Level 1:colcon.colcon_core.package_identification:_identify(.) by extension 'ignore_ament_install'
[1.775s] Level 1:colcon.colcon_core.package_identification:_identify(.) by extensions ['colcon_pkg']
[1.775s] Level 1:colcon.colcon_core.package_identification:_identify(.) by extension 'colcon_pkg'
[1.775s] Level 1:colcon.colcon_core.package_identification:_identify(.) by extensions ['colcon_meta']
[1.775s] Level 1:colcon.colcon_core.package_identification:_identify(.) by extension 'colcon_meta'
[1.775s] Level 1:colcon.colcon_core.package_identification:_identify(.) by extensions ['ros']
[1.775s] Level 1:colcon.colcon_core.package_identification:_identify(.) by extension 'ros'
[1.945s] Level 1:colcon.colcon_core.package_identification:_identify(.) by extensions ['cmake', 'python']
[1.946s] Level 1:colcon.colcon_core.package_identification:_identify(.) by extension 'cmake'
[1.946s] Level 1:colcon.colcon_core.package_identification:_identify(.) by extension 'python'
[1.946s] Level 1:colcon.colcon_core.package_identification:_identify(.) by extensions ['python_setup_py']
[1.946s] Level 1:colcon.colcon_core.package_identification:_identify(.) by extension 'python_setup_py'
[1.946s] Level 1:colcon.colcon_core.package_identification:_identify(build) by extensions ['ignore', 'ignore_ament_install']
[1.946s] Level 1:colcon.colcon_core.package_identification:_identify(build) by extension 'ignore'
[1.946s] Level 1:colcon.colcon_core.package_identification:_identify(build) ignored
[1.946s] Level 1:colcon.colcon_core.package_identification:_identify(install) by extensions ['ignore', 'ignore_ament_install']
[1.946s] Level 1:colcon.colcon_core.package_identification:_identify(install) by extension 'ignore'
[1.946s] Level 1:colcon.colcon_core.package_identification:_identify(install) ignored
[1.947s] Level 1:colcon.colcon_core.package_identification:_identify(log) by extensions ['ignore', 'ignore_ament_install']
[1.947s] Level 1:colcon.colcon_core.package_identification:_identify(log) by extension 'ignore'
[1.947s] Level 1:colcon.colcon_core.package_identification:_identify(log) ignored
[1.947s] Level 1:colcon.colcon_core.package_identification:_identify(src) by extensions ['ignore', 'ignore_ament_install']
[1.947s] Level 1:colcon.colcon_core.package_identification:_identify(src) by extension 'ignore'
[1.947s] Level 1:colcon.colcon_core.package_identification:_identify(src) by extension 'ignore_ament_install'
[1.947s] Level 1:colcon.colcon_core.package_identification:_identify(src) by extensions ['colcon_pkg']
[1.947s] Level 1:colcon.colcon_core.package_identification:_identify(src) by extension 'colcon_pkg'
[1.947s] Level 1:colcon.colcon_core.package_identification:_identify(src) by extensions ['colcon_meta']
[1.947s] Level 1:colcon.colcon_core.package_identification:_identify(src) by extension 'colcon_meta'
[1.947s] Level 1:colcon.colcon_core.package_identification:_identify(src) by extensions ['ros']
[1.947s] Level 1:colcon.colcon_core.package_identification:_identify(src) by extension 'ros'
[1.948s] Level 1:colcon.colcon_core.package_identification:_identify(src) by extensions ['cmake', 'python']
[1.948s] Level 1:colcon.colcon_core.package_identification:_identify(src) by extension 'cmake'
[1.948s] Level 1:colcon.colcon_core.package_identification:_identify(src) by extension 'python'
[1.948s] Level 1:colcon.colcon_core.package_identification:_identify(src) by extensions ['python_setup_py']
[1.948s] Level 1:colcon.colcon_core.package_identification:_identify(src) by extension 'python_setup_py'
[1.948s] Level 1:colcon.colcon_core.package_identification:_identify(src/my_py_pkg) by extensions ['ignore', 'ignore_ament_install']
[1.948s] Level 1:colcon.colcon_core.package_identification:_identify(src/my_py_pkg) by extension 'ignore'
[1.948s] Level 1:colcon.colcon_core.package_identification:_identify(src/my_py_pkg) by extension 'ignore_ament_install'
[1.948s] Level 1:colcon.colcon_core.package_identification:_identify(src/my_py_pkg) by extensions ['colcon_pkg']
[1.948s] Level 1:colcon.colcon_core.package_identification:_identify(src/my_py_pkg) by extension 'colcon_pkg'
[1.948s] Level 1:colcon.colcon_core.package_identification:_identify(src/my_py_pkg) by extensions ['colcon_meta']
[1.948s] Level 1:colcon.colcon_core.package_identification:_identify(src/my_py_pkg) by extension 'colcon_meta'
[1.948s] Level 1:colcon.colcon_core.package_identification:_identify(src/my_py_pkg) by extensions ['ros']
[1.948s] Level 1:colcon.colcon_core.package_identification:_identify(src/my_py_pkg) by extension 'ros'
[1.976s] DEBUG:colcon.colcon_core.package_identification:Package 'src/my_py_pkg' with type 'ros.ament_python' and name 'my_py_pkg'
[1.976s] Level 1:colcon.colcon_core.package_discovery:discover_packages(recursive) using defaults
[1.976s] Level 1:colcon.colcon_core.package_discovery:discover_packages(ignore) discover
[1.976s] Level 1:colcon.colcon_core.package_discovery:discover_packages(ignore) using defaults
[1.976s] Level 1:colcon.colcon_core.package_discovery:discover_packages(path) discover
[1.976s] Level 1:colcon.colcon_core.package_discovery:discover_packages(path) using defaults
[2.169s] Level 5:colcon.colcon_core.verb:set package 'my_py_pkg' build argument 'cmake_args' from command line to 'None'
[2.169s] Level 5:colcon.colcon_core.verb:set package 'my_py_pkg' build argument 'cmake_target' from command line to 'None'
[2.169s] Level 5:colcon.colcon_core.verb:set package 'my_py_pkg' build argument 'cmake_target_skip_unavailable' from command line to 'False'
[2.169s] Level 5:colcon.colcon_core.verb:set package 'my_py_pkg' build argument 'cmake_clean_cache' from command line to 'False'
[2.169s] Level 5:colcon.colcon_core.verb:set package 'my_py_pkg' build argument 'cmake_clean_first' from command line to 'False'
[2.169s] Level 5:colcon.colcon_core.verb:set package 'my_py_pkg' build argument 'cmake_force_configure' from command line to 'False'
[2.169s] Level 5:colcon.colcon_core.verb:set package 'my_py_pkg' build argument 'ament_cmake_args' from command line to 'None'
[2.169s] Level 5:colcon.colcon_core.verb:set package 'my_py_pkg' build argument 'catkin_cmake_args' from command line to 'None'
[2.169s] Level 5:colcon.colcon_core.verb:set package 'my_py_pkg' build argument 'catkin_skip_building_tests' from command line to 'False'
[2.169s] DEBUG:colcon.colcon_core.verb:Building package 'my_py_pkg' with the following arguments: {'ament_cmake_args': None, 'build_base': '/home/ws/build/my_py_pkg', 'catkin_cmake_args': None, 'catkin_skip_building_tests': False, 'cmake_args': None, 'cmake_clean_cache': False, 'cmake_clean_first': False, 'cmake_force_configure': False, 'cmake_target': None, 'cmake_target_skip_unavailable': False, 'install_base': '/home/ws/install/my_py_pkg', 'merge_install': False, 'path': '/home/ws/src/my_py_pkg', 'symlink_install': False, 'test_result_base': None}
[2.170s] INFO:colcon.colcon_core.executor:Executing jobs using 'parallel' executor
[2.170s] DEBUG:colcon.colcon_parallel_executor.executor.parallel:run_until_complete
[2.171s] INFO:colcon.colcon_ros.task.ament_python.build:Building ROS package in '/home/ws/src/my_py_pkg' with build type 'ament_python'
[2.171s] Level 1:colcon.colcon_core.shell:create_environment_hook('my_py_pkg', 'ament_prefix_path')
[2.208s] INFO:colcon.colcon_core.plugin_system:Skipping extension 'colcon_core.shell.bat': Not used on non-Windows systems
[2.208s] INFO:colcon.colcon_core.shell:Creating environment hook '/home/ws/install/my_py_pkg/share/my_py_pkg/hook/ament_prefix_path.ps1'
[2.219s] INFO:colcon.colcon_core.shell:Creating environment descriptor '/home/ws/install/my_py_pkg/share/my_py_pkg/hook/ament_prefix_path.dsv'
[2.220s] INFO:colcon.colcon_core.shell:Creating environment hook '/home/ws/install/my_py_pkg/share/my_py_pkg/hook/ament_prefix_path.sh'
[2.222s] INFO:colcon.colcon_core.shell:Skip shell extension 'powershell' for command environment: Not usable outside of PowerShell
[2.222s] DEBUG:colcon.colcon_core.shell:Skip shell extension 'dsv' for command environment
[2.716s] INFO:colcon.colcon_core.task.python.build:Building Python package in '/home/ws/src/my_py_pkg'
[2.716s] INFO:colcon.colcon_core.shell:Skip shell extension 'powershell' for command environment: Not usable outside of PowerShell
[2.716s] DEBUG:colcon.colcon_core.shell:Skip shell extension 'dsv' for command environment
[6.396s] DEBUG:colcon.colcon_core.event_handler.log_command:Invoking command in '/home/ws/build/my_py_pkg': PYTHONPATH=/home/ws/build/my_py_pkg/prefix_override:/usr/lib/python3/dist-packages/colcon_core/task/python/colcon_distutils_commands:/home/ws/install/my_py_pkg/lib/python3.12/site-packages:${PYTHONPATH} /usr/bin/python3 -W ignore:setup.py install is deprecated -W ignore:easy_install command is deprecated setup.py develop --uninstall --editable --build-directory /home/ws/build/my_py_pkg/build
[7.058s] DEBUG:colcon.colcon_core.event_handler.log_command:Invoked command in '/home/ws/build/my_py_pkg' returned '0': PYTHONPATH=/home/ws/build/my_py_pkg/prefix_override:/usr/lib/python3/dist-packages/colcon_core/task/python/colcon_distutils_commands:/home/ws/install/my_py_pkg/lib/python3.12/site-packages:${PYTHONPATH} /usr/bin/python3 -W ignore:setup.py install is deprecated -W ignore:easy_install command is deprecated setup.py develop --uninstall --editable --build-directory /home/ws/build/my_py_pkg/build
[7.075s] DEBUG:colcon.colcon_core.event_handler.log_command:Invoking command in '/home/ws/src/my_py_pkg': PYTHONPATH=/home/ws/build/my_py_pkg/prefix_override:/usr/lib/python3/dist-packages/colcon_core/task/python/colcon_distutils_commands:/home/ws/install/my_py_pkg/lib/python3.12/site-packages:${PYTHONPATH} /usr/bin/python3 -W ignore:setup.py install is deprecated -W ignore:easy_install command is deprecated setup.py egg_info --egg-base ../../build/my_py_pkg build --build-base /home/ws/build/my_py_pkg/build install --record /home/ws/build/my_py_pkg/install.log --single-version-externally-managed install_data --force
[7.744s] DEBUG:colcon.colcon_core.event_handler.log_command:Invoked command in '/home/ws/src/my_py_pkg' returned '0': PYTHONPATH=/home/ws/build/my_py_pkg/prefix_override:/usr/lib/python3/dist-packages/colcon_core/task/python/colcon_distutils_commands:/home/ws/install/my_py_pkg/lib/python3.12/site-packages:${PYTHONPATH} /usr/bin/python3 -W ignore:setup.py install is deprecated -W ignore:easy_install command is deprecated setup.py egg_info --egg-base ../../build/my_py_pkg build --build-base /home/ws/build/my_py_pkg/build install --record /home/ws/build/my_py_pkg/install.log --single-version-externally-managed install_data --force
[8.241s] Level 1:colcon.colcon_core.environment:checking '/home/ws/install/my_py_pkg' for CMake module files
[8.241s] Level 1:colcon.colcon_core.environment:checking '/home/ws/install/my_py_pkg' for CMake config files
[8.248s] Level 1:colcon.colcon_core.environment:checking '/home/ws/install/my_py_pkg/lib'
[8.248s] Level 1:colcon.colcon_core.environment:checking '/home/ws/install/my_py_pkg/bin'
[8.248s] Level 1:colcon.colcon_core.environment:checking '/home/ws/install/my_py_pkg/lib/pkgconfig/my_py_pkg.pc'
[8.249s] Level 1:colcon.colcon_core.environment:checking '/home/ws/install/my_py_pkg/lib/python3.12/site-packages'
[8.249s] Level 1:colcon.colcon_core.shell:create_environment_hook('my_py_pkg', 'pythonpath')
[8.249s] INFO:colcon.colcon_core.shell:Creating environment hook '/home/ws/install/my_py_pkg/share/my_py_pkg/hook/pythonpath.ps1'
[8.300s] INFO:colcon.colcon_core.shell:Creating environment descriptor '/home/ws/install/my_py_pkg/share/my_py_pkg/hook/pythonpath.dsv'
[8.301s] INFO:colcon.colcon_core.shell:Creating environment hook '/home/ws/install/my_py_pkg/share/my_py_pkg/hook/pythonpath.sh'
[8.301s] Level 1:colcon.colcon_core.environment:checking '/home/ws/install/my_py_pkg/bin'
[8.301s] Level 1:colcon.colcon_core.environment:create_environment_scripts_only(my_py_pkg)
[8.302s] INFO:colcon.colcon_core.shell:Creating package script '/home/ws/install/my_py_pkg/share/my_py_pkg/package.ps1'
[8.352s] INFO:colcon.colcon_core.shell:Creating package descriptor '/home/ws/install/my_py_pkg/share/my_py_pkg/package.dsv'
[8.393s] INFO:colcon.colcon_core.shell:Creating package script '/home/ws/install/my_py_pkg/share/my_py_pkg/package.sh'
[8.396s] INFO:colcon.colcon_core.shell:Creating package script '/home/ws/install/my_py_pkg/share/my_py_pkg/package.bash'
[8.421s] INFO:colcon.colcon_core.shell:Creating package script '/home/ws/install/my_py_pkg/share/my_py_pkg/package.zsh'
[8.478s] Level 1:colcon.colcon_core.environment:create_file_with_runtime_dependencies(/home/ws/install/my_py_pkg/share/colcon-core/packages/my_py_pkg)
[8.478s] DEBUG:colcon.colcon_parallel_executor.executor.parallel:closing loop
[8.479s] DEBUG:colcon.colcon_parallel_executor.executor.parallel:loop closed
[8.479s] DEBUG:colcon.colcon_parallel_executor.executor.parallel:run_until_complete finished with '0'
[8.479s] DEBUG:colcon.colcon_core.event_reactor:joining thread
[8.692s] INFO:colcon.colcon_core.plugin_system:Skipping extension 'colcon_notification.desktop_notification.notify_send': Could not find 'notify-send'
[8.693s] INFO:colcon.colcon_core.plugin_system:Skipping extension 'colcon_notification.desktop_notification.terminal_notifier': Not used on non-Darwin systems
[8.693s] INFO:colcon.colcon_core.plugin_system:Skipping extension 'colcon_notification.desktop_notification.win32': Not used on non-Windows systems
[8.693s] INFO:colcon.colcon_notification.desktop_notification:Sending desktop notification using 'notify2'
[8.703s] DEBUG:colcon.colcon_notification.desktop_notification.notify2:Failed to initialize notify2: org.freedesktop.DBus.Error.Spawn.ExecFailed: /usr/bin/dbus-launch terminated abnormally without any error message
[8.729s] DEBUG:colcon.colcon_core.event_reactor:joined thread
[8.754s] INFO:colcon.colcon_core.shell:Creating prefix script '/home/ws/install/local_setup.ps1'
[8.788s] INFO:colcon.colcon_core.shell:Creating prefix util module '/home/ws/install/_local_setup_util_ps1.py'
[8.799s] INFO:colcon.colcon_core.shell:Creating prefix chain script '/home/ws/install/setup.ps1'
[8.803s] INFO:colcon.colcon_core.shell:Creating prefix script '/home/ws/install/local_setup.sh'
[8.804s] INFO:colcon.colcon_core.shell:Creating prefix util module '/home/ws/install/_local_setup_util_sh.py'
[8.814s] INFO:colcon.colcon_core.shell:Creating prefix chain script '/home/ws/install/setup.sh'
[8.817s] INFO:colcon.colcon_core.shell:Creating prefix script '/home/ws/install/local_setup.bash'
[8.820s] INFO:colcon.colcon_core.shell:Creating prefix chain script '/home/ws/install/setup.bash'
[8.821s] INFO:colcon.colcon_core.shell:Creating prefix script '/home/ws/install/local_setup.zsh'
[8.824s] INFO:colcon.colcon_core.shell:Creating prefix chain script '/home/ws/install/setup.zsh'
