running develop
Removing /home/ws/install/my_py_pkg/lib/python3.12/site-packages/my-py-pkg.egg-link (link to .)
running egg_info
writing ../../build/my_py_pkg/my_py_pkg.egg-info/PKG-INFO
writing dependency_links to ../../build/my_py_pkg/my_py_pkg.egg-info/dependency_links.txt
writing entry points to ../../build/my_py_pkg/my_py_pkg.egg-info/entry_points.txt
writing requirements to ../../build/my_py_pkg/my_py_pkg.egg-info/requires.txt
writing top-level names to ../../build/my_py_pkg/my_py_pkg.egg-info/top_level.txt
reading manifest file '../../build/my_py_pkg/my_py_pkg.egg-info/SOURCES.txt'
writing manifest file '../../build/my_py_pkg/my_py_pkg.egg-info/SOURCES.txt'
running build
running build_py
copying my_py_pkg/hardware_status_publisher.py -> /home/ws/build/my_py_pkg/build/lib/my_py_pkg
copying my_py_pkg/add_two_ints_client_no_oop.py -> /home/ws/build/my_py_pkg/build/lib/my_py_pkg
copying my_py_pkg/number_publisher.py -> /home/ws/build/my_py_pkg/build/lib/my_py_pkg
copying my_py_pkg/add_two_ints_client_oop.py -> /home/ws/build/my_py_pkg/build/lib/my_py_pkg
copying my_py_pkg/add_two_ints_server.py -> /home/ws/build/my_py_pkg/build/lib/my_py_pkg
copying my_py_pkg/number_counter.py -> /home/ws/build/my_py_pkg/build/lib/my_py_pkg
copying my_py_pkg/template.py -> /home/ws/build/my_py_pkg/build/lib/my_py_pkg
running install
running install_lib
creating /home/ws/install/my_py_pkg/lib/python3.12/site-packages/my_py_pkg
copying /home/ws/build/my_py_pkg/build/lib/my_py_pkg/hardware_status_publisher.py -> /home/ws/install/my_py_pkg/lib/python3.12/site-packages/my_py_pkg
copying /home/ws/build/my_py_pkg/build/lib/my_py_pkg/add_two_ints_client_no_oop.py -> /home/ws/install/my_py_pkg/lib/python3.12/site-packages/my_py_pkg
copying /home/ws/build/my_py_pkg/build/lib/my_py_pkg/robot_news_station.py -> /home/ws/install/my_py_pkg/lib/python3.12/site-packages/my_py_pkg
copying /home/ws/build/my_py_pkg/build/lib/my_py_pkg/smartphone.py -> /home/ws/install/my_py_pkg/lib/python3.12/site-packages/my_py_pkg
copying /home/ws/build/my_py_pkg/build/lib/my_py_pkg/number_publisher.py -> /home/ws/install/my_py_pkg/lib/python3.12/site-packages/my_py_pkg
copying /home/ws/build/my_py_pkg/build/lib/my_py_pkg/add_two_ints_client_oop.py -> /home/ws/install/my_py_pkg/lib/python3.12/site-packages/my_py_pkg
copying /home/ws/build/my_py_pkg/build/lib/my_py_pkg/add_two_ints_server.py -> /home/ws/install/my_py_pkg/lib/python3.12/site-packages/my_py_pkg
copying /home/ws/build/my_py_pkg/build/lib/my_py_pkg/number_counter.py -> /home/ws/install/my_py_pkg/lib/python3.12/site-packages/my_py_pkg
copying /home/ws/build/my_py_pkg/build/lib/my_py_pkg/__init__.py -> /home/ws/install/my_py_pkg/lib/python3.12/site-packages/my_py_pkg
copying /home/ws/build/my_py_pkg/build/lib/my_py_pkg/my_first_node.py -> /home/ws/install/my_py_pkg/lib/python3.12/site-packages/my_py_pkg
copying /home/ws/build/my_py_pkg/build/lib/my_py_pkg/template.py -> /home/ws/install/my_py_pkg/lib/python3.12/site-packages/my_py_pkg
byte-compiling /home/ws/install/my_py_pkg/lib/python3.12/site-packages/my_py_pkg/hardware_status_publisher.py to hardware_status_publisher.cpython-312.pyc
byte-compiling /home/ws/install/my_py_pkg/lib/python3.12/site-packages/my_py_pkg/add_two_ints_client_no_oop.py to add_two_ints_client_no_oop.cpython-312.pyc
byte-compiling /home/ws/install/my_py_pkg/lib/python3.12/site-packages/my_py_pkg/robot_news_station.py to robot_news_station.cpython-312.pyc
byte-compiling /home/ws/install/my_py_pkg/lib/python3.12/site-packages/my_py_pkg/smartphone.py to smartphone.cpython-312.pyc
byte-compiling /home/ws/install/my_py_pkg/lib/python3.12/site-packages/my_py_pkg/number_publisher.py to number_publisher.cpython-312.pyc
byte-compiling /home/ws/install/my_py_pkg/lib/python3.12/site-packages/my_py_pkg/add_two_ints_client_oop.py to add_two_ints_client_oop.cpython-312.pyc
byte-compiling /home/ws/install/my_py_pkg/lib/python3.12/site-packages/my_py_pkg/add_two_ints_server.py to add_two_ints_server.cpython-312.pyc
byte-compiling /home/ws/install/my_py_pkg/lib/python3.12/site-packages/my_py_pkg/number_counter.py to number_counter.cpython-312.pyc
byte-compiling /home/ws/install/my_py_pkg/lib/python3.12/site-packages/my_py_pkg/__init__.py to __init__.cpython-312.pyc
byte-compiling /home/ws/install/my_py_pkg/lib/python3.12/site-packages/my_py_pkg/my_first_node.py to my_first_node.cpython-312.pyc
byte-compiling /home/ws/install/my_py_pkg/lib/python3.12/site-packages/my_py_pkg/template.py to template.cpython-312.pyc
running install_data
copying resource/my_py_pkg -> /home/ws/install/my_py_pkg/share/ament_index/resource_index/packages
copying package.xml -> /home/ws/install/my_py_pkg/share/my_py_pkg
running install_egg_info
Copying ../../build/my_py_pkg/my_py_pkg.egg-info to /home/ws/install/my_py_pkg/lib/python3.12/site-packages/my_py_pkg-0.0.0-py3.12.egg-info
running install_scripts
Installing add_two_ints_client_no_oop script to /home/ws/install/my_py_pkg/lib/my_py_pkg
Installing add_two_ints_client_oop script to /home/ws/install/my_py_pkg/lib/my_py_pkg
Installing add_two_ints_server script to /home/ws/install/my_py_pkg/lib/my_py_pkg
Installing hw_status_publisher script to /home/ws/install/my_py_pkg/lib/my_py_pkg
Installing number_counter script to /home/ws/install/my_py_pkg/lib/my_py_pkg
Installing number_publisher script to /home/ws/install/my_py_pkg/lib/my_py_pkg
Installing py_node script to /home/ws/install/my_py_pkg/lib/my_py_pkg
Installing robot_news_station script to /home/ws/install/my_py_pkg/lib/my_py_pkg
Installing smartphone script to /home/ws/install/my_py_pkg/lib/my_py_pkg
writing list of installed files to '/home/ws/build/my_py_pkg/install.log'
