[0.401s] DEBUG:colcon:Command line arguments: ['/usr/bin/colcon', 'build', '--packages-select', 'my_robot_interfaces']
[0.401s] DEBUG:colcon:Parsed command line arguments: Namespace(log_base=None, log_level=None, verb_name='build', build_base='build', install_base='install', merge_install=False, symlink_install=False, test_result_base=None, continue_on_error=False, executor='parallel', parallel_workers=4, event_handlers=None, ignore_user_meta=False, metas=['./colcon.meta'], base_paths=['.'], packages_ignore=None, packages_ignore_regex=None, paths=None, packages_up_to=None, packages_up_to_regex=None, packages_above=None, packages_above_and_dependencies=None, packages_above_depth=None, packages_select_by_dep=None, packages_skip_by_dep=None, packages_skip_up_to=None, packages_select_build_failed=False, packages_skip_build_finished=False, packages_select_test_failures=False, packages_skip_test_passed=False, packages_select=['my_robot_interfaces'], packages_skip=None, packages_select_regex=None, packages_skip_regex=None, packages_start=None, packages_end=None, cmake_args=None, cmake_target=None, cmake_target_skip_unavailable=False, cmake_clean_cache=False, cmake_clean_first=False, cmake_force_configure=False, ament_cmake_args=None, catkin_cmake_args=None, catkin_skip_building_tests=False, mixin_files=None, mixin=None, verb_parser=<colcon_mixin.mixin.mixin_argument.MixinArgumentDecorator object at 0x7ea418133440>, verb_extension=<colcon_core.verb.build.BuildVerb object at 0x7ea4181326c0>, main=<bound method BuildVerb.main of <colcon_core.verb.build.BuildVerb object at 0x7ea4181326c0>>, mixin_verb=('build',))
[0.855s] Level 1:colcon.colcon_core.package_discovery:discover_packages(colcon_meta) check parameters
[0.855s] Level 1:colcon.colcon_core.package_discovery:discover_packages(recursive) check parameters
[0.855s] Level 1:colcon.colcon_core.package_discovery:discover_packages(ignore) check parameters
[0.855s] Level 1:colcon.colcon_core.package_discovery:discover_packages(path) check parameters
[0.855s] Level 1:colcon.colcon_core.package_discovery:discover_packages(colcon_meta) discover
[0.855s] Level 1:colcon.colcon_core.package_discovery:discover_packages(recursive) discover
[0.856s] INFO:colcon.colcon_core.package_discovery:Crawling recursively for packages in '/home/ws'
[0.856s] Level 1:colcon.colcon_core.package_identification:_identify(.) by extensions ['ignore', 'ignore_ament_install']
[0.856s] Level 1:colcon.colcon_core.package_identification:_identify(.) by extension 'ignore'
[0.856s] Level 1:colcon.colcon_core.package_identification:_identify(.) by extension 'ignore_ament_install'
[0.856s] Level 1:colcon.colcon_core.package_identification:_identify(.) by extensions ['colcon_pkg']
[0.856s] Level 1:colcon.colcon_core.package_identification:_identify(.) by extension 'colcon_pkg'
[0.856s] Level 1:colcon.colcon_core.package_identification:_identify(.) by extensions ['colcon_meta']
[0.856s] Level 1:colcon.colcon_core.package_identification:_identify(.) by extension 'colcon_meta'
[0.856s] Level 1:colcon.colcon_core.package_identification:_identify(.) by extensions ['ros']
[0.856s] Level 1:colcon.colcon_core.package_identification:_identify(.) by extension 'ros'
[1.030s] Level 1:colcon.colcon_core.package_identification:_identify(.) by extensions ['cmake', 'python']
[1.030s] Level 1:colcon.colcon_core.package_identification:_identify(.) by extension 'cmake'
[1.030s] Level 1:colcon.colcon_core.package_identification:_identify(.) by extension 'python'
[1.030s] Level 1:colcon.colcon_core.package_identification:_identify(.) by extensions ['python_setup_py']
[1.030s] Level 1:colcon.colcon_core.package_identification:_identify(.) by extension 'python_setup_py'
[1.030s] Level 1:colcon.colcon_core.package_identification:_identify(build) by extensions ['ignore', 'ignore_ament_install']
[1.030s] Level 1:colcon.colcon_core.package_identification:_identify(build) by extension 'ignore'
[1.030s] Level 1:colcon.colcon_core.package_identification:_identify(build) ignored
[1.030s] Level 1:colcon.colcon_core.package_identification:_identify(install) by extensions ['ignore', 'ignore_ament_install']
[1.030s] Level 1:colcon.colcon_core.package_identification:_identify(install) by extension 'ignore'
[1.030s] Level 1:colcon.colcon_core.package_identification:_identify(install) ignored
[1.031s] Level 1:colcon.colcon_core.package_identification:_identify(log) by extensions ['ignore', 'ignore_ament_install']
[1.031s] Level 1:colcon.colcon_core.package_identification:_identify(log) by extension 'ignore'
[1.031s] Level 1:colcon.colcon_core.package_identification:_identify(log) ignored
[1.031s] Level 1:colcon.colcon_core.package_identification:_identify(src) by extensions ['ignore', 'ignore_ament_install']
[1.031s] Level 1:colcon.colcon_core.package_identification:_identify(src) by extension 'ignore'
[1.032s] Level 1:colcon.colcon_core.package_identification:_identify(src) by extension 'ignore_ament_install'
[1.032s] Level 1:colcon.colcon_core.package_identification:_identify(src) by extensions ['colcon_pkg']
[1.032s] Level 1:colcon.colcon_core.package_identification:_identify(src) by extension 'colcon_pkg'
[1.032s] Level 1:colcon.colcon_core.package_identification:_identify(src) by extensions ['colcon_meta']
[1.032s] Level 1:colcon.colcon_core.package_identification:_identify(src) by extension 'colcon_meta'
[1.032s] Level 1:colcon.colcon_core.package_identification:_identify(src) by extensions ['ros']
[1.032s] Level 1:colcon.colcon_core.package_identification:_identify(src) by extension 'ros'
[1.032s] Level 1:colcon.colcon_core.package_identification:_identify(src) by extensions ['cmake', 'python']
[1.032s] Level 1:colcon.colcon_core.package_identification:_identify(src) by extension 'cmake'
[1.032s] Level 1:colcon.colcon_core.package_identification:_identify(src) by extension 'python'
[1.032s] Level 1:colcon.colcon_core.package_identification:_identify(src) by extensions ['python_setup_py']
[1.032s] Level 1:colcon.colcon_core.package_identification:_identify(src) by extension 'python_setup_py'
[1.033s] Level 1:colcon.colcon_core.package_identification:_identify(src/my_py_pkg) by extensions ['ignore', 'ignore_ament_install']
[1.033s] Level 1:colcon.colcon_core.package_identification:_identify(src/my_py_pkg) by extension 'ignore'
[1.033s] Level 1:colcon.colcon_core.package_identification:_identify(src/my_py_pkg) by extension 'ignore_ament_install'
[1.033s] Level 1:colcon.colcon_core.package_identification:_identify(src/my_py_pkg) by extensions ['colcon_pkg']
[1.033s] Level 1:colcon.colcon_core.package_identification:_identify(src/my_py_pkg) by extension 'colcon_pkg'
[1.033s] Level 1:colcon.colcon_core.package_identification:_identify(src/my_py_pkg) by extensions ['colcon_meta']
[1.033s] Level 1:colcon.colcon_core.package_identification:_identify(src/my_py_pkg) by extension 'colcon_meta'
[1.033s] Level 1:colcon.colcon_core.package_identification:_identify(src/my_py_pkg) by extensions ['ros']
[1.033s] Level 1:colcon.colcon_core.package_identification:_identify(src/my_py_pkg) by extension 'ros'
[1.054s] DEBUG:colcon.colcon_core.package_identification:Package 'src/my_py_pkg' with type 'ros.ament_python' and name 'my_py_pkg'
[1.055s] Level 1:colcon.colcon_core.package_identification:_identify(src/my_robot_interfaces) by extensions ['ignore', 'ignore_ament_install']
[1.055s] Level 1:colcon.colcon_core.package_identification:_identify(src/my_robot_interfaces) by extension 'ignore'
[1.055s] Level 1:colcon.colcon_core.package_identification:_identify(src/my_robot_interfaces) by extension 'ignore_ament_install'
[1.055s] Level 1:colcon.colcon_core.package_identification:_identify(src/my_robot_interfaces) by extensions ['colcon_pkg']
[1.055s] Level 1:colcon.colcon_core.package_identification:_identify(src/my_robot_interfaces) by extension 'colcon_pkg'
[1.055s] Level 1:colcon.colcon_core.package_identification:_identify(src/my_robot_interfaces) by extensions ['colcon_meta']
[1.055s] Level 1:colcon.colcon_core.package_identification:_identify(src/my_robot_interfaces) by extension 'colcon_meta'
[1.055s] Level 1:colcon.colcon_core.package_identification:_identify(src/my_robot_interfaces) by extensions ['ros']
[1.056s] Level 1:colcon.colcon_core.package_identification:_identify(src/my_robot_interfaces) by extension 'ros'
[1.056s] DEBUG:colcon.colcon_core.package_identification:Package 'src/my_robot_interfaces' with type 'ros.ament_cmake' and name 'my_robot_interfaces'
[1.056s] Level 1:colcon.colcon_core.package_identification:_identify(test) by extensions ['ignore', 'ignore_ament_install']
[1.056s] Level 1:colcon.colcon_core.package_identification:_identify(test) by extension 'ignore'
[1.056s] Level 1:colcon.colcon_core.package_identification:_identify(test) by extension 'ignore_ament_install'
[1.057s] Level 1:colcon.colcon_core.package_identification:_identify(test) by extensions ['colcon_pkg']
[1.057s] Level 1:colcon.colcon_core.package_identification:_identify(test) by extension 'colcon_pkg'
[1.057s] Level 1:colcon.colcon_core.package_identification:_identify(test) by extensions ['colcon_meta']
[1.057s] Level 1:colcon.colcon_core.package_identification:_identify(test) by extension 'colcon_meta'
[1.057s] Level 1:colcon.colcon_core.package_identification:_identify(test) by extensions ['ros']
[1.057s] Level 1:colcon.colcon_core.package_identification:_identify(test) by extension 'ros'
[1.057s] Level 1:colcon.colcon_core.package_identification:_identify(test) by extensions ['cmake', 'python']
[1.057s] Level 1:colcon.colcon_core.package_identification:_identify(test) by extension 'cmake'
[1.057s] Level 1:colcon.colcon_core.package_identification:_identify(test) by extension 'python'
[1.057s] Level 1:colcon.colcon_core.package_identification:_identify(test) by extensions ['python_setup_py']
[1.057s] Level 1:colcon.colcon_core.package_identification:_identify(test) by extension 'python_setup_py'
[1.057s] Level 1:colcon.colcon_core.package_discovery:discover_packages(recursive) using defaults
[1.057s] Level 1:colcon.colcon_core.package_discovery:discover_packages(ignore) discover
[1.057s] Level 1:colcon.colcon_core.package_discovery:discover_packages(ignore) using defaults
[1.057s] Level 1:colcon.colcon_core.package_discovery:discover_packages(path) discover
[1.057s] Level 1:colcon.colcon_core.package_discovery:discover_packages(path) using defaults
[1.236s] INFO:colcon.colcon_core.package_selection:Skipping not selected package 'my_py_pkg' in 'src/my_py_pkg'
[1.236s] Level 5:colcon.colcon_core.verb:set package 'my_robot_interfaces' build argument 'cmake_args' from command line to 'None'
[1.236s] Level 5:colcon.colcon_core.verb:set package 'my_robot_interfaces' build argument 'cmake_target' from command line to 'None'
[1.236s] Level 5:colcon.colcon_core.verb:set package 'my_robot_interfaces' build argument 'cmake_target_skip_unavailable' from command line to 'False'
[1.236s] Level 5:colcon.colcon_core.verb:set package 'my_robot_interfaces' build argument 'cmake_clean_cache' from command line to 'False'
[1.236s] Level 5:colcon.colcon_core.verb:set package 'my_robot_interfaces' build argument 'cmake_clean_first' from command line to 'False'
[1.236s] Level 5:colcon.colcon_core.verb:set package 'my_robot_interfaces' build argument 'cmake_force_configure' from command line to 'False'
[1.237s] Level 5:colcon.colcon_core.verb:set package 'my_robot_interfaces' build argument 'ament_cmake_args' from command line to 'None'
[1.237s] Level 5:colcon.colcon_core.verb:set package 'my_robot_interfaces' build argument 'catkin_cmake_args' from command line to 'None'
[1.237s] Level 5:colcon.colcon_core.verb:set package 'my_robot_interfaces' build argument 'catkin_skip_building_tests' from command line to 'False'
[1.237s] DEBUG:colcon.colcon_core.verb:Building package 'my_robot_interfaces' with the following arguments: {'ament_cmake_args': None, 'build_base': '/home/ws/build/my_robot_interfaces', 'catkin_cmake_args': None, 'catkin_skip_building_tests': False, 'cmake_args': None, 'cmake_clean_cache': False, 'cmake_clean_first': False, 'cmake_force_configure': False, 'cmake_target': None, 'cmake_target_skip_unavailable': False, 'install_base': '/home/ws/install/my_robot_interfaces', 'merge_install': False, 'path': '/home/ws/src/my_robot_interfaces', 'symlink_install': False, 'test_result_base': None}
[1.237s] INFO:colcon.colcon_core.executor:Executing jobs using 'parallel' executor
[1.238s] DEBUG:colcon.colcon_parallel_executor.executor.parallel:run_until_complete
[1.238s] INFO:colcon.colcon_ros.task.ament_cmake.build:Building ROS package in '/home/ws/src/my_robot_interfaces' with build type 'ament_cmake'
[1.239s] INFO:colcon.colcon_cmake.task.cmake.build:Building CMake package in '/home/ws/src/my_robot_interfaces'
[1.262s] INFO:colcon.colcon_core.plugin_system:Skipping extension 'colcon_core.shell.bat': Not used on non-Windows systems
[1.262s] INFO:colcon.colcon_core.shell:Skip shell extension 'powershell' for command environment: Not usable outside of PowerShell
[1.262s] DEBUG:colcon.colcon_core.shell:Skip shell extension 'dsv' for command environment
[1.378s] DEBUG:colcon.colcon_core.event_handler.log_command:Invoking command in '/home/ws/build/my_robot_interfaces': CMAKE_PREFIX_PATH=${CMAKE_PREFIX_PATH}:/home/ws/install/my_py_pkg:/opt/ros/jazzy /usr/bin/cmake --build /home/ws/build/my_robot_interfaces -- -j4 -l4
[24.836s] DEBUG:colcon.colcon_core.event_handler.log_command:Invoked command in '/home/ws/build/my_robot_interfaces' returned '0': CMAKE_PREFIX_PATH=${CMAKE_PREFIX_PATH}:/home/ws/install/my_py_pkg:/opt/ros/jazzy /usr/bin/cmake --build /home/ws/build/my_robot_interfaces -- -j4 -l4
[24.849s] DEBUG:colcon.colcon_core.event_handler.log_command:Invoking command in '/home/ws/build/my_robot_interfaces': CMAKE_PREFIX_PATH=${CMAKE_PREFIX_PATH}:/home/ws/install/my_py_pkg:/opt/ros/jazzy /usr/bin/cmake --install /home/ws/build/my_robot_interfaces
[25.258s] Level 1:colcon.colcon_core.environment:create_environment_scripts_only(my_robot_interfaces)
[25.259s] DEBUG:colcon.colcon_core.event_handler.log_command:Invoked command in '/home/ws/build/my_robot_interfaces' returned '0': CMAKE_PREFIX_PATH=${CMAKE_PREFIX_PATH}:/home/ws/install/my_py_pkg:/opt/ros/jazzy /usr/bin/cmake --install /home/ws/build/my_robot_interfaces
[25.424s] Level 1:colcon.colcon_core.environment:checking '/home/ws/install/my_robot_interfaces' for CMake module files
[25.425s] Level 1:colcon.colcon_core.environment:checking '/home/ws/install/my_robot_interfaces' for CMake config files
[25.425s] Level 1:colcon.colcon_core.shell:create_environment_hook('my_robot_interfaces', 'cmake_prefix_path')
[25.426s] INFO:colcon.colcon_core.shell:Creating environment hook '/home/ws/install/my_robot_interfaces/share/my_robot_interfaces/hook/cmake_prefix_path.ps1'
[25.426s] INFO:colcon.colcon_core.shell:Creating environment descriptor '/home/ws/install/my_robot_interfaces/share/my_robot_interfaces/hook/cmake_prefix_path.dsv'
[25.432s] INFO:colcon.colcon_core.shell:Creating environment hook '/home/ws/install/my_robot_interfaces/share/my_robot_interfaces/hook/cmake_prefix_path.sh'
[25.434s] Level 1:colcon.colcon_core.environment:checking '/home/ws/install/my_robot_interfaces/lib'
[25.434s] Level 1:colcon.colcon_core.shell:create_environment_hook('my_robot_interfaces', 'ld_library_path_lib')
[25.434s] INFO:colcon.colcon_core.shell:Creating environment hook '/home/ws/install/my_robot_interfaces/share/my_robot_interfaces/hook/ld_library_path_lib.ps1'
[25.435s] INFO:colcon.colcon_core.shell:Creating environment descriptor '/home/ws/install/my_robot_interfaces/share/my_robot_interfaces/hook/ld_library_path_lib.dsv'
[25.436s] INFO:colcon.colcon_core.shell:Creating environment hook '/home/ws/install/my_robot_interfaces/share/my_robot_interfaces/hook/ld_library_path_lib.sh'
[25.437s] Level 1:colcon.colcon_core.environment:checking '/home/ws/install/my_robot_interfaces/bin'
[25.437s] Level 1:colcon.colcon_core.environment:checking '/home/ws/install/my_robot_interfaces/lib/pkgconfig/my_robot_interfaces.pc'
[25.441s] Level 1:colcon.colcon_core.environment:checking '/home/ws/install/my_robot_interfaces/lib/python3.12/site-packages'
[25.442s] Level 1:colcon.colcon_core.shell:create_environment_hook('my_robot_interfaces', 'pythonpath')
[25.442s] INFO:colcon.colcon_core.shell:Creating environment hook '/home/ws/install/my_robot_interfaces/share/my_robot_interfaces/hook/pythonpath.ps1'
[25.443s] INFO:colcon.colcon_core.shell:Creating environment descriptor '/home/ws/install/my_robot_interfaces/share/my_robot_interfaces/hook/pythonpath.dsv'
[25.444s] INFO:colcon.colcon_core.shell:Creating environment hook '/home/ws/install/my_robot_interfaces/share/my_robot_interfaces/hook/pythonpath.sh'
[25.444s] Level 1:colcon.colcon_core.environment:checking '/home/ws/install/my_robot_interfaces/bin'
[25.445s] INFO:colcon.colcon_core.shell:Creating package script '/home/ws/install/my_robot_interfaces/share/my_robot_interfaces/package.ps1'
[25.472s] INFO:colcon.colcon_core.shell:Creating package descriptor '/home/ws/install/my_robot_interfaces/share/my_robot_interfaces/package.dsv'
[25.486s] INFO:colcon.colcon_core.shell:Creating package script '/home/ws/install/my_robot_interfaces/share/my_robot_interfaces/package.sh'
[25.491s] INFO:colcon.colcon_core.shell:Creating package script '/home/ws/install/my_robot_interfaces/share/my_robot_interfaces/package.bash'
[25.511s] INFO:colcon.colcon_core.shell:Creating package script '/home/ws/install/my_robot_interfaces/share/my_robot_interfaces/package.zsh'
[25.552s] Level 1:colcon.colcon_core.environment:create_file_with_runtime_dependencies(/home/ws/install/my_robot_interfaces/share/colcon-core/packages/my_robot_interfaces)
[25.554s] Level 1:colcon.colcon_core.environment:create_environment_scripts_only(my_robot_interfaces)
[25.558s] Level 1:colcon.colcon_core.environment:checking '/home/ws/install/my_robot_interfaces' for CMake module files
[25.566s] Level 1:colcon.colcon_core.environment:checking '/home/ws/install/my_robot_interfaces' for CMake config files
[25.566s] Level 1:colcon.colcon_core.shell:create_environment_hook('my_robot_interfaces', 'cmake_prefix_path')
[25.570s] INFO:colcon.colcon_core.shell:Creating environment hook '/home/ws/install/my_robot_interfaces/share/my_robot_interfaces/hook/cmake_prefix_path.ps1'
[25.570s] INFO:colcon.colcon_core.shell:Creating environment descriptor '/home/ws/install/my_robot_interfaces/share/my_robot_interfaces/hook/cmake_prefix_path.dsv'
[25.571s] INFO:colcon.colcon_core.shell:Creating environment hook '/home/ws/install/my_robot_interfaces/share/my_robot_interfaces/hook/cmake_prefix_path.sh'
[25.572s] Level 1:colcon.colcon_core.environment:checking '/home/ws/install/my_robot_interfaces/lib'
[25.572s] Level 1:colcon.colcon_core.shell:create_environment_hook('my_robot_interfaces', 'ld_library_path_lib')
[25.572s] INFO:colcon.colcon_core.shell:Creating environment hook '/home/ws/install/my_robot_interfaces/share/my_robot_interfaces/hook/ld_library_path_lib.ps1'
[25.572s] INFO:colcon.colcon_core.shell:Creating environment descriptor '/home/ws/install/my_robot_interfaces/share/my_robot_interfaces/hook/ld_library_path_lib.dsv'
[25.575s] INFO:colcon.colcon_core.shell:Creating environment hook '/home/ws/install/my_robot_interfaces/share/my_robot_interfaces/hook/ld_library_path_lib.sh'
[25.575s] Level 1:colcon.colcon_core.environment:checking '/home/ws/install/my_robot_interfaces/bin'
[25.578s] Level 1:colcon.colcon_core.environment:checking '/home/ws/install/my_robot_interfaces/lib/pkgconfig/my_robot_interfaces.pc'
[25.578s] Level 1:colcon.colcon_core.environment:checking '/home/ws/install/my_robot_interfaces/lib/python3.12/site-packages'
[25.578s] Level 1:colcon.colcon_core.shell:create_environment_hook('my_robot_interfaces', 'pythonpath')
[25.578s] INFO:colcon.colcon_core.shell:Creating environment hook '/home/ws/install/my_robot_interfaces/share/my_robot_interfaces/hook/pythonpath.ps1'
[25.580s] INFO:colcon.colcon_core.shell:Creating environment descriptor '/home/ws/install/my_robot_interfaces/share/my_robot_interfaces/hook/pythonpath.dsv'
[25.580s] INFO:colcon.colcon_core.shell:Creating environment hook '/home/ws/install/my_robot_interfaces/share/my_robot_interfaces/hook/pythonpath.sh'
[25.584s] Level 1:colcon.colcon_core.environment:checking '/home/ws/install/my_robot_interfaces/bin'
[25.585s] INFO:colcon.colcon_core.shell:Creating package script '/home/ws/install/my_robot_interfaces/share/my_robot_interfaces/package.ps1'
[25.585s] INFO:colcon.colcon_core.shell:Creating package descriptor '/home/ws/install/my_robot_interfaces/share/my_robot_interfaces/package.dsv'
[25.586s] INFO:colcon.colcon_core.shell:Creating package script '/home/ws/install/my_robot_interfaces/share/my_robot_interfaces/package.sh'
[25.587s] INFO:colcon.colcon_core.shell:Creating package script '/home/ws/install/my_robot_interfaces/share/my_robot_interfaces/package.bash'
[25.590s] INFO:colcon.colcon_core.shell:Creating package script '/home/ws/install/my_robot_interfaces/share/my_robot_interfaces/package.zsh'
[25.591s] Level 1:colcon.colcon_core.environment:create_file_with_runtime_dependencies(/home/ws/install/my_robot_interfaces/share/colcon-core/packages/my_robot_interfaces)
[25.591s] DEBUG:colcon.colcon_parallel_executor.executor.parallel:closing loop
[25.592s] DEBUG:colcon.colcon_parallel_executor.executor.parallel:loop closed
[25.592s] DEBUG:colcon.colcon_parallel_executor.executor.parallel:run_until_complete finished with '0'
[25.592s] DEBUG:colcon.colcon_core.event_reactor:joining thread
[25.830s] INFO:colcon.colcon_core.plugin_system:Skipping extension 'colcon_notification.desktop_notification.notify_send': Could not find 'notify-send'
[25.830s] INFO:colcon.colcon_core.plugin_system:Skipping extension 'colcon_notification.desktop_notification.terminal_notifier': Not used on non-Darwin systems
[25.830s] INFO:colcon.colcon_core.plugin_system:Skipping extension 'colcon_notification.desktop_notification.win32': Not used on non-Windows systems
[25.831s] INFO:colcon.colcon_notification.desktop_notification:Sending desktop notification using 'notify2'
[25.849s] DEBUG:colcon.colcon_notification.desktop_notification.notify2:Failed to initialize notify2: org.freedesktop.DBus.Error.Spawn.ExecFailed: /usr/bin/dbus-launch terminated abnormally without any error message
[25.852s] DEBUG:colcon.colcon_core.event_reactor:joined thread
[25.853s] INFO:colcon.colcon_core.shell:Creating prefix script '/home/ws/install/local_setup.ps1'
[25.860s] INFO:colcon.colcon_core.shell:Creating prefix util module '/home/ws/install/_local_setup_util_ps1.py'
[25.862s] INFO:colcon.colcon_core.shell:Creating prefix chain script '/home/ws/install/setup.ps1'
[25.881s] INFO:colcon.colcon_core.shell:Creating prefix script '/home/ws/install/local_setup.sh'
[25.897s] INFO:colcon.colcon_core.shell:Creating prefix util module '/home/ws/install/_local_setup_util_sh.py'
[25.900s] INFO:colcon.colcon_core.shell:Creating prefix chain script '/home/ws/install/setup.sh'
[25.905s] INFO:colcon.colcon_core.shell:Creating prefix script '/home/ws/install/local_setup.bash'
[25.920s] INFO:colcon.colcon_core.shell:Creating prefix chain script '/home/ws/install/setup.bash'
[25.944s] INFO:colcon.colcon_core.shell:Creating prefix script '/home/ws/install/local_setup.zsh'
[25.947s] INFO:colcon.colcon_core.shell:Creating prefix chain script '/home/ws/install/setup.zsh'
