[0.860s] Invoking command in '/home/ws/build/my_py_pkg': PYTHONPATH=/home/ws/build/my_py_pkg/prefix_override:/usr/lib/python3/dist-packages/colcon_core/task/python/colcon_distutils_commands:/home/ws/install/my_py_pkg/lib/python3.12/site-packages:${PYTHONPATH} /usr/bin/python3 -W ignore:setup.py install is deprecated -W ignore:easy_install command is deprecated setup.py develop --editable --build-directory /home/ws/build/my_py_pkg/build --no-deps symlink_data
[1.253s] running develop
[1.493s] running egg_info
[1.516s] writing my_py_pkg.egg-info/PKG-INFO
[1.516s] writing dependency_links to my_py_pkg.egg-info/dependency_links.txt
[1.517s] writing entry points to my_py_pkg.egg-info/entry_points.txt
[1.517s] writing requirements to my_py_pkg.egg-info/requires.txt
[1.517s] writing top-level names to my_py_pkg.egg-info/top_level.txt
[1.567s] reading manifest file 'my_py_pkg.egg-info/SOURCES.txt'
[1.568s] writing manifest file 'my_py_pkg.egg-info/SOURCES.txt'
[1.594s] running build_ext
[1.594s] Creating /home/ws/install/my_py_pkg/lib/python3.12/site-packages/my-py-pkg.egg-link (link to .)
[1.595s] Installing add_two_ints_client_no_oop script to /home/ws/install/my_py_pkg/lib/my_py_pkg
[1.596s] Installing add_two_ints_server script to /home/ws/install/my_py_pkg/lib/my_py_pkg
[1.596s] Installing number_counter script to /home/ws/install/my_py_pkg/lib/my_py_pkg
[1.596s] Installing number_publisher script to /home/ws/install/my_py_pkg/lib/my_py_pkg
[1.596s] Installing py_node script to /home/ws/install/my_py_pkg/lib/my_py_pkg
[1.597s] Installing robot_news_station script to /home/ws/install/my_py_pkg/lib/my_py_pkg
[1.597s] Installing smartphone script to /home/ws/install/my_py_pkg/lib/my_py_pkg
[1.597s] 
[1.597s] Installed /home/ws/build/my_py_pkg
[1.597s] running symlink_data
[1.642s] Invoked command in '/home/ws/build/my_py_pkg' returned '0': PYTHONPATH=/home/ws/build/my_py_pkg/prefix_override:/usr/lib/python3/dist-packages/colcon_core/task/python/colcon_distutils_commands:/home/ws/install/my_py_pkg/lib/python3.12/site-packages:${PYTHONPATH} /usr/bin/python3 -W ignore:setup.py install is deprecated -W ignore:easy_install command is deprecated setup.py develop --editable --build-directory /home/ws/build/my_py_pkg/build --no-deps symlink_data
