[0.751s] Invoking command in '/home/ws/src/my_py_pkg': PYTHONPATH=/home/ws/build/my_py_pkg/prefix_override:/usr/lib/python3/dist-packages/colcon_core/task/python/colcon_distutils_commands:/home/ws/install/my_py_pkg/lib/python3.12/site-packages:${PYTHONPATH} /usr/bin/python3 -W ignore:setup.py install is deprecated -W ignore:easy_install command is deprecated setup.py egg_info --egg-base ../../build/my_py_pkg build --build-base /home/ws/build/my_py_pkg/build install --record /home/ws/build/my_py_pkg/install.log --single-version-externally-managed install_data
[0.998s] running egg_info
[1.013s] writing ../../build/my_py_pkg/my_py_pkg.egg-info/PKG-INFO
[1.013s] writing dependency_links to ../../build/my_py_pkg/my_py_pkg.egg-info/dependency_links.txt
[1.014s] writing entry points to ../../build/my_py_pkg/my_py_pkg.egg-info/entry_points.txt
[1.014s] writing requirements to ../../build/my_py_pkg/my_py_pkg.egg-info/requires.txt
[1.014s] writing top-level names to ../../build/my_py_pkg/my_py_pkg.egg-info/top_level.txt
[1.047s] reading manifest file '../../build/my_py_pkg/my_py_pkg.egg-info/SOURCES.txt'
[1.048s] writing manifest file '../../build/my_py_pkg/my_py_pkg.egg-info/SOURCES.txt'
[1.048s] running build
[1.048s] running build_py
[1.048s] running install
[1.055s] running install_lib
[1.071s] running install_data
[1.072s] running install_egg_info
[1.088s] removing '/home/ws/install/my_py_pkg/lib/python3.12/site-packages/my_py_pkg-0.0.0-py3.12.egg-info' (and everything under it)
[1.089s] Copying ../../build/my_py_pkg/my_py_pkg.egg-info to /home/ws/install/my_py_pkg/lib/python3.12/site-packages/my_py_pkg-0.0.0-py3.12.egg-info
[1.089s] running install_scripts
[1.201s] Installing py_node script to /home/ws/install/my_py_pkg/lib/my_py_pkg
[1.201s] writing list of installed files to '/home/ws/build/my_py_pkg/install.log'
[1.243s] Invoked command in '/home/ws/src/my_py_pkg' returned '0': PYTHONPATH=/home/ws/build/my_py_pkg/prefix_override:/usr/lib/python3/dist-packages/colcon_core/task/python/colcon_distutils_commands:/home/ws/install/my_py_pkg/lib/python3.12/site-packages:${PYTHONPATH} /usr/bin/python3 -W ignore:setup.py install is deprecated -W ignore:easy_install command is deprecated setup.py egg_info --egg-base ../../build/my_py_pkg build --build-base /home/ws/build/my_py_pkg/build install --record /home/ws/build/my_py_pkg/install.log --single-version-externally-managed install_data
