[6.094s] Invoking command in '/home/ws/src/my_py_pkg': PYTHONPATH=/home/ws/build/my_py_pkg/prefix_override:/usr/lib/python3/dist-packages/colcon_core/task/python/colcon_distutils_commands:/home/ws/install/my_py_pkg/lib/python3.12/site-packages:${PYTHONPATH} /usr/bin/python3 -W ignore:setup.py install is deprecated -W ignore:easy_install command is deprecated setup.py egg_info --egg-base ../../build/my_py_pkg build --build-base /home/ws/build/my_py_pkg/build install --record /home/ws/build/my_py_pkg/install.log --single-version-externally-managed install_data
[6.432s] running egg_info
[6.450s] writing ../../build/my_py_pkg/my_py_pkg.egg-info/PKG-INFO
[6.451s] writing dependency_links to ../../build/my_py_pkg/my_py_pkg.egg-info/dependency_links.txt
[6.451s] writing entry points to ../../build/my_py_pkg/my_py_pkg.egg-info/entry_points.txt
[6.451s] writing requirements to ../../build/my_py_pkg/my_py_pkg.egg-info/requires.txt
[6.451s] writing top-level names to ../../build/my_py_pkg/my_py_pkg.egg-info/top_level.txt
[6.487s] reading manifest file '../../build/my_py_pkg/my_py_pkg.egg-info/SOURCES.txt'
[6.513s] writing manifest file '../../build/my_py_pkg/my_py_pkg.egg-info/SOURCES.txt'
[6.513s] running build
[6.514s] running build_py
[6.514s] copying my_py_pkg/my_first_node.py -> /home/ws/build/my_py_pkg/build/lib/my_py_pkg
[6.515s] running install
[6.527s] running install_lib
[6.549s] copying /home/ws/build/my_py_pkg/build/lib/my_py_pkg/my_first_node.py -> /home/ws/install/my_py_pkg/lib/python3.12/site-packages/my_py_pkg
[6.549s] byte-compiling /home/ws/install/my_py_pkg/lib/python3.12/site-packages/my_py_pkg/my_first_node.py to my_first_node.cpython-312.pyc
[6.550s] running install_data
[6.550s] running install_egg_info
[6.569s] removing '/home/ws/install/my_py_pkg/lib/python3.12/site-packages/my_py_pkg-0.0.0-py3.12.egg-info' (and everything under it)
[6.641s] Copying ../../build/my_py_pkg/my_py_pkg.egg-info to /home/ws/install/my_py_pkg/lib/python3.12/site-packages/my_py_pkg-0.0.0-py3.12.egg-info
[6.702s] running install_scripts
[6.855s] Installing py_node script to /home/ws/install/my_py_pkg/lib/my_py_pkg
[6.855s] writing list of installed files to '/home/ws/build/my_py_pkg/install.log'
[6.889s] Invoked command in '/home/ws/src/my_py_pkg' returned '0': PYTHONPATH=/home/ws/build/my_py_pkg/prefix_override:/usr/lib/python3/dist-packages/colcon_core/task/python/colcon_distutils_commands:/home/ws/install/my_py_pkg/lib/python3.12/site-packages:${PYTHONPATH} /usr/bin/python3 -W ignore:setup.py install is deprecated -W ignore:easy_install command is deprecated setup.py egg_info --egg-base ../../build/my_py_pkg build --build-base /home/ws/build/my_py_pkg/build install --record /home/ws/build/my_py_pkg/install.log --single-version-externally-managed install_data
