[0.901s] Invoking command in '/home/ws/build/my_py_pkg': PYTHONPATH=/home/ws/build/my_py_pkg/prefix_override:/usr/lib/python3/dist-packages/colcon_core/task/python/colcon_distutils_commands:/home/ws/install/my_py_pkg/lib/python3.12/site-packages:${PYTHONPATH} /usr/bin/python3 -W ignore:setup.py install is deprecated -W ignore:easy_install command is deprecated setup.py develop --editable --build-directory /home/ws/build/my_py_pkg/build --no-deps symlink_data
[1.227s] running develop
[1.430s] running egg_info
[1.449s] writing my_py_pkg.egg-info/PKG-INFO
[1.450s] writing dependency_links to my_py_pkg.egg-info/dependency_links.txt
[1.450s] writing entry points to my_py_pkg.egg-info/entry_points.txt
[1.450s] writing requirements to my_py_pkg.egg-info/requires.txt
[1.450s] writing top-level names to my_py_pkg.egg-info/top_level.txt
[1.489s] reading manifest file 'my_py_pkg.egg-info/SOURCES.txt'
[1.489s] writing manifest file 'my_py_pkg.egg-info/SOURCES.txt'
[1.511s] running build_ext
[1.511s] Creating /home/ws/install/my_py_pkg/lib/python3.12/site-packages/my-py-pkg.egg-link (link to .)
[1.513s] Installing add_two_ints_server script to /home/ws/install/my_py_pkg/lib/my_py_pkg
[1.513s] Installing number_counter script to /home/ws/install/my_py_pkg/lib/my_py_pkg
[1.513s] Installing number_publisher script to /home/ws/install/my_py_pkg/lib/my_py_pkg
[1.513s] Installing py_node script to /home/ws/install/my_py_pkg/lib/my_py_pkg
[1.513s] Installing robot_news_station script to /home/ws/install/my_py_pkg/lib/my_py_pkg
[1.513s] Installing smartphone script to /home/ws/install/my_py_pkg/lib/my_py_pkg
[1.513s] 
[1.514s] Installed /home/ws/build/my_py_pkg
[1.514s] running symlink_data
[1.555s] Invoked command in '/home/ws/build/my_py_pkg' returned '0': PYTHONPATH=/home/ws/build/my_py_pkg/prefix_override:/usr/lib/python3/dist-packages/colcon_core/task/python/colcon_distutils_commands:/home/ws/install/my_py_pkg/lib/python3.12/site-packages:${PYTHONPATH} /usr/bin/python3 -W ignore:setup.py install is deprecated -W ignore:easy_install command is deprecated setup.py develop --editable --build-directory /home/ws/build/my_py_pkg/build --no-deps symlink_data
