[0.998s] DEBUG:colcon:Command line arguments: ['/usr/bin/colcon', 'build', '--packages-select', 'my_robot_interfaces']
[0.999s] DEBUG:colcon:Parsed command line arguments: Namespace(log_base=None, log_level=None, verb_name='build', build_base='build', install_base='install', merge_install=False, symlink_install=False, test_result_base=None, continue_on_error=False, executor='parallel', parallel_workers=4, event_handlers=None, ignore_user_meta=False, metas=['./colcon.meta'], base_paths=['.'], packages_ignore=None, packages_ignore_regex=None, paths=None, packages_up_to=None, packages_up_to_regex=None, packages_above=None, packages_above_and_dependencies=None, packages_above_depth=None, packages_select_by_dep=None, packages_skip_by_dep=None, packages_skip_up_to=None, packages_select_build_failed=False, packages_skip_build_finished=False, packages_select_test_failures=False, packages_skip_test_passed=False, packages_select=['my_robot_interfaces'], packages_skip=None, packages_select_regex=None, packages_skip_regex=None, packages_start=None, packages_end=None, cmake_args=None, cmake_target=None, cmake_target_skip_unavailable=False, cmake_clean_cache=False, cmake_clean_first=False, cmake_force_configure=False, ament_cmake_args=None, catkin_cmake_args=None, catkin_skip_building_tests=False, mixin_files=None, mixin=None, verb_parser=<colcon_mixin.mixin.mixin_argument.MixinArgumentDecorator object at 0x752a2b9df200>, verb_extension=<colcon_core.verb.build.BuildVerb object at 0x752a2bb64da0>, main=<bound method BuildVerb.main of <colcon_core.verb.build.BuildVerb object at 0x752a2bb64da0>>, mixin_verb=('build',))
[1.806s] Level 1:colcon.colcon_core.package_discovery:discover_packages(colcon_meta) check parameters
[1.806s] Level 1:colcon.colcon_core.package_discovery:discover_packages(recursive) check parameters
[1.806s] Level 1:colcon.colcon_core.package_discovery:discover_packages(ignore) check parameters
[1.807s] Level 1:colcon.colcon_core.package_discovery:discover_packages(path) check parameters
[1.807s] Level 1:colcon.colcon_core.package_discovery:discover_packages(colcon_meta) discover
[1.807s] Level 1:colcon.colcon_core.package_discovery:discover_packages(recursive) discover
[1.807s] INFO:colcon.colcon_core.package_discovery:Crawling recursively for packages in '/home/ws'
[1.807s] Level 1:colcon.colcon_core.package_identification:_identify(.) by extensions ['ignore', 'ignore_ament_install']
[1.807s] Level 1:colcon.colcon_core.package_identification:_identify(.) by extension 'ignore'
[1.807s] Level 1:colcon.colcon_core.package_identification:_identify(.) by extension 'ignore_ament_install'
[1.807s] Level 1:colcon.colcon_core.package_identification:_identify(.) by extensions ['colcon_pkg']
[1.807s] Level 1:colcon.colcon_core.package_identification:_identify(.) by extension 'colcon_pkg'
[1.807s] Level 1:colcon.colcon_core.package_identification:_identify(.) by extensions ['colcon_meta']
[1.807s] Level 1:colcon.colcon_core.package_identification:_identify(.) by extension 'colcon_meta'
[1.807s] Level 1:colcon.colcon_core.package_identification:_identify(.) by extensions ['ros']
[1.807s] Level 1:colcon.colcon_core.package_identification:_identify(.) by extension 'ros'
[1.839s] Level 1:colcon.colcon_core.package_identification:_identify(.) by extensions ['cmake', 'python']
[1.839s] Level 1:colcon.colcon_core.package_identification:_identify(.) by extension 'cmake'
[1.839s] Level 1:colcon.colcon_core.package_identification:_identify(.) by extension 'python'
[1.839s] Level 1:colcon.colcon_core.package_identification:_identify(.) by extensions ['python_setup_py']
[1.839s] Level 1:colcon.colcon_core.package_identification:_identify(.) by extension 'python_setup_py'
[1.839s] Level 1:colcon.colcon_core.package_identification:_identify(build) by extensions ['ignore', 'ignore_ament_install']
[1.839s] Level 1:colcon.colcon_core.package_identification:_identify(build) by extension 'ignore'
[1.840s] Level 1:colcon.colcon_core.package_identification:_identify(build) ignored
[1.840s] Level 1:colcon.colcon_core.package_identification:_identify(install) by extensions ['ignore', 'ignore_ament_install']
[1.840s] Level 1:colcon.colcon_core.package_identification:_identify(install) by extension 'ignore'
[1.840s] Level 1:colcon.colcon_core.package_identification:_identify(install) ignored
[1.840s] Level 1:colcon.colcon_core.package_identification:_identify(log) by extensions ['ignore', 'ignore_ament_install']
[1.840s] Level 1:colcon.colcon_core.package_identification:_identify(log) by extension 'ignore'
[1.840s] Level 1:colcon.colcon_core.package_identification:_identify(log) ignored
[1.840s] Level 1:colcon.colcon_core.package_identification:_identify(src) by extensions ['ignore', 'ignore_ament_install']
[1.840s] Level 1:colcon.colcon_core.package_identification:_identify(src) by extension 'ignore'
[1.840s] Level 1:colcon.colcon_core.package_identification:_identify(src) by extension 'ignore_ament_install'
[1.840s] Level 1:colcon.colcon_core.package_identification:_identify(src) by extensions ['colcon_pkg']
[1.840s] Level 1:colcon.colcon_core.package_identification:_identify(src) by extension 'colcon_pkg'
[1.841s] Level 1:colcon.colcon_core.package_identification:_identify(src) by extensions ['colcon_meta']
[1.841s] Level 1:colcon.colcon_core.package_identification:_identify(src) by extension 'colcon_meta'
[1.841s] Level 1:colcon.colcon_core.package_identification:_identify(src) by extensions ['ros']
[1.841s] Level 1:colcon.colcon_core.package_identification:_identify(src) by extension 'ros'
[1.841s] Level 1:colcon.colcon_core.package_identification:_identify(src) by extensions ['cmake', 'python']
[1.841s] Level 1:colcon.colcon_core.package_identification:_identify(src) by extension 'cmake'
[1.841s] Level 1:colcon.colcon_core.package_identification:_identify(src) by extension 'python'
[1.841s] Level 1:colcon.colcon_core.package_identification:_identify(src) by extensions ['python_setup_py']
[1.841s] Level 1:colcon.colcon_core.package_identification:_identify(src) by extension 'python_setup_py'
[1.841s] Level 1:colcon.colcon_core.package_identification:_identify(src/my_py_pkg) by extensions ['ignore', 'ignore_ament_install']
[1.841s] Level 1:colcon.colcon_core.package_identification:_identify(src/my_py_pkg) by extension 'ignore'
[1.841s] Level 1:colcon.colcon_core.package_identification:_identify(src/my_py_pkg) by extension 'ignore_ament_install'
[1.841s] Level 1:colcon.colcon_core.package_identification:_identify(src/my_py_pkg) by extensions ['colcon_pkg']
[1.841s] Level 1:colcon.colcon_core.package_identification:_identify(src/my_py_pkg) by extension 'colcon_pkg'
[1.841s] Level 1:colcon.colcon_core.package_identification:_identify(src/my_py_pkg) by extensions ['colcon_meta']
[1.841s] Level 1:colcon.colcon_core.package_identification:_identify(src/my_py_pkg) by extension 'colcon_meta'
[1.841s] Level 1:colcon.colcon_core.package_identification:_identify(src/my_py_pkg) by extensions ['ros']
[1.841s] Level 1:colcon.colcon_core.package_identification:_identify(src/my_py_pkg) by extension 'ros'
[1.931s] DEBUG:colcon.colcon_core.package_identification:Package 'src/my_py_pkg' with type 'ros.ament_python' and name 'my_py_pkg'
[1.932s] Level 1:colcon.colcon_core.package_identification:_identify(src/my_robot_interfaces) by extensions ['ignore', 'ignore_ament_install']
[1.932s] Level 1:colcon.colcon_core.package_identification:_identify(src/my_robot_interfaces) by extension 'ignore'
[1.932s] Level 1:colcon.colcon_core.package_identification:_identify(src/my_robot_interfaces) by extension 'ignore_ament_install'
[1.933s] Level 1:colcon.colcon_core.package_identification:_identify(src/my_robot_interfaces) by extensions ['colcon_pkg']
[1.933s] Level 1:colcon.colcon_core.package_identification:_identify(src/my_robot_interfaces) by extension 'colcon_pkg'
[1.933s] Level 1:colcon.colcon_core.package_identification:_identify(src/my_robot_interfaces) by extensions ['colcon_meta']
[1.933s] Level 1:colcon.colcon_core.package_identification:_identify(src/my_robot_interfaces) by extension 'colcon_meta'
[1.934s] Level 1:colcon.colcon_core.package_identification:_identify(src/my_robot_interfaces) by extensions ['ros']
[1.934s] Level 1:colcon.colcon_core.package_identification:_identify(src/my_robot_interfaces) by extension 'ros'
[1.936s] DEBUG:colcon.colcon_core.package_identification:Package 'src/my_robot_interfaces' with type 'ros.ament_cmake' and name 'my_robot_interfaces'
[1.936s] Level 1:colcon.colcon_core.package_identification:_identify(test) by extensions ['ignore', 'ignore_ament_install']
[1.937s] Level 1:colcon.colcon_core.package_identification:_identify(test) by extension 'ignore'
[1.937s] Level 1:colcon.colcon_core.package_identification:_identify(test) by extension 'ignore_ament_install'
[1.938s] Level 1:colcon.colcon_core.package_identification:_identify(test) by extensions ['colcon_pkg']
[1.938s] Level 1:colcon.colcon_core.package_identification:_identify(test) by extension 'colcon_pkg'
[1.938s] Level 1:colcon.colcon_core.package_identification:_identify(test) by extensions ['colcon_meta']
[1.939s] Level 1:colcon.colcon_core.package_identification:_identify(test) by extension 'colcon_meta'
[1.939s] Level 1:colcon.colcon_core.package_identification:_identify(test) by extensions ['ros']
[1.939s] Level 1:colcon.colcon_core.package_identification:_identify(test) by extension 'ros'
[1.940s] Level 1:colcon.colcon_core.package_identification:_identify(test) by extensions ['cmake', 'python']
[1.940s] Level 1:colcon.colcon_core.package_identification:_identify(test) by extension 'cmake'
[1.940s] Level 1:colcon.colcon_core.package_identification:_identify(test) by extension 'python'
[1.941s] Level 1:colcon.colcon_core.package_identification:_identify(test) by extensions ['python_setup_py']
[1.941s] Level 1:colcon.colcon_core.package_identification:_identify(test) by extension 'python_setup_py'
[1.941s] Level 1:colcon.colcon_core.package_discovery:discover_packages(recursive) using defaults
[1.941s] Level 1:colcon.colcon_core.package_discovery:discover_packages(ignore) discover
[1.942s] Level 1:colcon.colcon_core.package_discovery:discover_packages(ignore) using defaults
[1.942s] Level 1:colcon.colcon_core.package_discovery:discover_packages(path) discover
[1.942s] Level 1:colcon.colcon_core.package_discovery:discover_packages(path) using defaults
[2.523s] INFO:colcon.colcon_core.package_selection:Skipping not selected package 'my_py_pkg' in 'src/my_py_pkg'
[2.524s] Level 5:colcon.colcon_core.verb:set package 'my_robot_interfaces' build argument 'cmake_args' from command line to 'None'
[2.525s] Level 5:colcon.colcon_core.verb:set package 'my_robot_interfaces' build argument 'cmake_target' from command line to 'None'
[2.525s] Level 5:colcon.colcon_core.verb:set package 'my_robot_interfaces' build argument 'cmake_target_skip_unavailable' from command line to 'False'
[2.525s] Level 5:colcon.colcon_core.verb:set package 'my_robot_interfaces' build argument 'cmake_clean_cache' from command line to 'False'
[2.525s] Level 5:colcon.colcon_core.verb:set package 'my_robot_interfaces' build argument 'cmake_clean_first' from command line to 'False'
[2.525s] Level 5:colcon.colcon_core.verb:set package 'my_robot_interfaces' build argument 'cmake_force_configure' from command line to 'False'
[2.526s] Level 5:colcon.colcon_core.verb:set package 'my_robot_interfaces' build argument 'ament_cmake_args' from command line to 'None'
[2.526s] Level 5:colcon.colcon_core.verb:set package 'my_robot_interfaces' build argument 'catkin_cmake_args' from command line to 'None'
[2.526s] Level 5:colcon.colcon_core.verb:set package 'my_robot_interfaces' build argument 'catkin_skip_building_tests' from command line to 'False'
[2.526s] DEBUG:colcon.colcon_core.verb:Building package 'my_robot_interfaces' with the following arguments: {'ament_cmake_args': None, 'build_base': '/home/ws/build/my_robot_interfaces', 'catkin_cmake_args': None, 'catkin_skip_building_tests': False, 'cmake_args': None, 'cmake_clean_cache': False, 'cmake_clean_first': False, 'cmake_force_configure': False, 'cmake_target': None, 'cmake_target_skip_unavailable': False, 'install_base': '/home/ws/install/my_robot_interfaces', 'merge_install': False, 'path': '/home/ws/src/my_robot_interfaces', 'symlink_install': False, 'test_result_base': None}
[2.527s] INFO:colcon.colcon_core.executor:Executing jobs using 'parallel' executor
[2.550s] DEBUG:colcon.colcon_parallel_executor.executor.parallel:run_until_complete
[2.551s] INFO:colcon.colcon_ros.task.ament_cmake.build:Building ROS package in '/home/ws/src/my_robot_interfaces' with build type 'ament_cmake'
[2.551s] INFO:colcon.colcon_cmake.task.cmake.build:Building CMake package in '/home/ws/src/my_robot_interfaces'
[2.617s] INFO:colcon.colcon_core.plugin_system:Skipping extension 'colcon_core.shell.bat': Not used on non-Windows systems
[2.618s] INFO:colcon.colcon_core.shell:Skip shell extension 'powershell' for command environment: Not usable outside of PowerShell
[2.618s] DEBUG:colcon.colcon_core.shell:Skip shell extension 'dsv' for command environment
[2.876s] DEBUG:colcon.colcon_core.event_handler.log_command:Invoking command in '/home/ws/build/my_robot_interfaces': CMAKE_PREFIX_PATH=${CMAKE_PREFIX_PATH}:/home/ws/install/my_py_pkg:/opt/ros/jazzy /usr/bin/cmake /home/ws/src/my_robot_interfaces -DCMAKE_INSTALL_PREFIX=/home/ws/install/my_robot_interfaces
[24.255s] DEBUG:colcon.colcon_core.event_handler.log_command:Invoked command in '/home/ws/build/my_robot_interfaces' returned '0': CMAKE_PREFIX_PATH=${CMAKE_PREFIX_PATH}:/home/ws/install/my_py_pkg:/opt/ros/jazzy /usr/bin/cmake /home/ws/src/my_robot_interfaces -DCMAKE_INSTALL_PREFIX=/home/ws/install/my_robot_interfaces
[24.256s] DEBUG:colcon.colcon_core.event_handler.log_command:Invoking command in '/home/ws/build/my_robot_interfaces': CMAKE_PREFIX_PATH=${CMAKE_PREFIX_PATH}:/home/ws/install/my_py_pkg:/opt/ros/jazzy /usr/bin/cmake --build /home/ws/build/my_robot_interfaces -- -j4 -l4
[33.064s] DEBUG:colcon.colcon_core.event_handler.log_command:Invoked command in '/home/ws/build/my_robot_interfaces' returned '0': CMAKE_PREFIX_PATH=${CMAKE_PREFIX_PATH}:/home/ws/install/my_py_pkg:/opt/ros/jazzy /usr/bin/cmake --build /home/ws/build/my_robot_interfaces -- -j4 -l4
[33.100s] DEBUG:colcon.colcon_core.event_handler.log_command:Invoking command in '/home/ws/build/my_robot_interfaces': CMAKE_PREFIX_PATH=${CMAKE_PREFIX_PATH}:/home/ws/install/my_py_pkg:/opt/ros/jazzy /usr/bin/cmake --install /home/ws/build/my_robot_interfaces
[34.020s] Level 1:colcon.colcon_core.environment:create_environment_scripts_only(my_robot_interfaces)
[34.020s] DEBUG:colcon.colcon_core.event_handler.log_command:Invoked command in '/home/ws/build/my_robot_interfaces' returned '0': CMAKE_PREFIX_PATH=${CMAKE_PREFIX_PATH}:/home/ws/install/my_py_pkg:/opt/ros/jazzy /usr/bin/cmake --install /home/ws/build/my_robot_interfaces
[34.661s] Level 1:colcon.colcon_core.environment:checking '/home/ws/install/my_robot_interfaces' for CMake module files
[34.665s] Level 1:colcon.colcon_core.environment:checking '/home/ws/install/my_robot_interfaces' for CMake config files
[34.666s] Level 1:colcon.colcon_core.shell:create_environment_hook('my_robot_interfaces', 'cmake_prefix_path')
[34.667s] INFO:colcon.colcon_core.shell:Creating environment hook '/home/ws/install/my_robot_interfaces/share/my_robot_interfaces/hook/cmake_prefix_path.ps1'
[34.689s] INFO:colcon.colcon_core.shell:Creating environment descriptor '/home/ws/install/my_robot_interfaces/share/my_robot_interfaces/hook/cmake_prefix_path.dsv'
[34.722s] INFO:colcon.colcon_core.shell:Creating environment hook '/home/ws/install/my_robot_interfaces/share/my_robot_interfaces/hook/cmake_prefix_path.sh'
[34.727s] Level 1:colcon.colcon_core.environment:checking '/home/ws/install/my_robot_interfaces/lib'
[34.728s] Level 1:colcon.colcon_core.shell:create_environment_hook('my_robot_interfaces', 'ld_library_path_lib')
[34.728s] INFO:colcon.colcon_core.shell:Creating environment hook '/home/ws/install/my_robot_interfaces/share/my_robot_interfaces/hook/ld_library_path_lib.ps1'
[34.730s] INFO:colcon.colcon_core.shell:Creating environment descriptor '/home/ws/install/my_robot_interfaces/share/my_robot_interfaces/hook/ld_library_path_lib.dsv'
[34.731s] INFO:colcon.colcon_core.shell:Creating environment hook '/home/ws/install/my_robot_interfaces/share/my_robot_interfaces/hook/ld_library_path_lib.sh'
[34.733s] Level 1:colcon.colcon_core.environment:checking '/home/ws/install/my_robot_interfaces/bin'
[34.733s] Level 1:colcon.colcon_core.environment:checking '/home/ws/install/my_robot_interfaces/lib/pkgconfig/my_robot_interfaces.pc'
[34.743s] Level 1:colcon.colcon_core.environment:checking '/home/ws/install/my_robot_interfaces/lib/python3.12/site-packages'
[34.744s] Level 1:colcon.colcon_core.shell:create_environment_hook('my_robot_interfaces', 'pythonpath')
[34.744s] INFO:colcon.colcon_core.shell:Creating environment hook '/home/ws/install/my_robot_interfaces/share/my_robot_interfaces/hook/pythonpath.ps1'
[34.746s] INFO:colcon.colcon_core.shell:Creating environment descriptor '/home/ws/install/my_robot_interfaces/share/my_robot_interfaces/hook/pythonpath.dsv'
[34.747s] INFO:colcon.colcon_core.shell:Creating environment hook '/home/ws/install/my_robot_interfaces/share/my_robot_interfaces/hook/pythonpath.sh'
[34.750s] Level 1:colcon.colcon_core.environment:checking '/home/ws/install/my_robot_interfaces/bin'
[34.751s] INFO:colcon.colcon_core.shell:Creating package script '/home/ws/install/my_robot_interfaces/share/my_robot_interfaces/package.ps1'
[34.762s] INFO:colcon.colcon_core.shell:Creating package descriptor '/home/ws/install/my_robot_interfaces/share/my_robot_interfaces/package.dsv'
[34.780s] INFO:colcon.colcon_core.shell:Creating package script '/home/ws/install/my_robot_interfaces/share/my_robot_interfaces/package.sh'
[34.786s] INFO:colcon.colcon_core.shell:Creating package script '/home/ws/install/my_robot_interfaces/share/my_robot_interfaces/package.bash'
[34.791s] INFO:colcon.colcon_core.shell:Creating package script '/home/ws/install/my_robot_interfaces/share/my_robot_interfaces/package.zsh'
[34.794s] Level 1:colcon.colcon_core.environment:create_file_with_runtime_dependencies(/home/ws/install/my_robot_interfaces/share/colcon-core/packages/my_robot_interfaces)
[34.795s] Level 1:colcon.colcon_core.environment:create_environment_scripts_only(my_robot_interfaces)
[34.796s] Level 1:colcon.colcon_core.environment:checking '/home/ws/install/my_robot_interfaces' for CMake module files
[34.797s] Level 1:colcon.colcon_core.environment:checking '/home/ws/install/my_robot_interfaces' for CMake config files
[34.798s] Level 1:colcon.colcon_core.shell:create_environment_hook('my_robot_interfaces', 'cmake_prefix_path')
[34.799s] INFO:colcon.colcon_core.shell:Creating environment hook '/home/ws/install/my_robot_interfaces/share/my_robot_interfaces/hook/cmake_prefix_path.ps1'
[34.800s] INFO:colcon.colcon_core.shell:Creating environment descriptor '/home/ws/install/my_robot_interfaces/share/my_robot_interfaces/hook/cmake_prefix_path.dsv'
[34.803s] INFO:colcon.colcon_core.shell:Creating environment hook '/home/ws/install/my_robot_interfaces/share/my_robot_interfaces/hook/cmake_prefix_path.sh'
[34.806s] Level 1:colcon.colcon_core.environment:checking '/home/ws/install/my_robot_interfaces/lib'
[34.806s] Level 1:colcon.colcon_core.shell:create_environment_hook('my_robot_interfaces', 'ld_library_path_lib')
[34.807s] INFO:colcon.colcon_core.shell:Creating environment hook '/home/ws/install/my_robot_interfaces/share/my_robot_interfaces/hook/ld_library_path_lib.ps1'
[34.808s] INFO:colcon.colcon_core.shell:Creating environment descriptor '/home/ws/install/my_robot_interfaces/share/my_robot_interfaces/hook/ld_library_path_lib.dsv'
[34.809s] INFO:colcon.colcon_core.shell:Creating environment hook '/home/ws/install/my_robot_interfaces/share/my_robot_interfaces/hook/ld_library_path_lib.sh'
[34.810s] Level 1:colcon.colcon_core.environment:checking '/home/ws/install/my_robot_interfaces/bin'
[34.810s] Level 1:colcon.colcon_core.environment:checking '/home/ws/install/my_robot_interfaces/lib/pkgconfig/my_robot_interfaces.pc'
[34.811s] Level 1:colcon.colcon_core.environment:checking '/home/ws/install/my_robot_interfaces/lib/python3.12/site-packages'
[34.811s] Level 1:colcon.colcon_core.shell:create_environment_hook('my_robot_interfaces', 'pythonpath')
[34.811s] INFO:colcon.colcon_core.shell:Creating environment hook '/home/ws/install/my_robot_interfaces/share/my_robot_interfaces/hook/pythonpath.ps1'
[34.812s] INFO:colcon.colcon_core.shell:Creating environment descriptor '/home/ws/install/my_robot_interfaces/share/my_robot_interfaces/hook/pythonpath.dsv'
[34.813s] INFO:colcon.colcon_core.shell:Creating environment hook '/home/ws/install/my_robot_interfaces/share/my_robot_interfaces/hook/pythonpath.sh'
[34.814s] Level 1:colcon.colcon_core.environment:checking '/home/ws/install/my_robot_interfaces/bin'
[34.815s] INFO:colcon.colcon_core.shell:Creating package script '/home/ws/install/my_robot_interfaces/share/my_robot_interfaces/package.ps1'
[34.816s] INFO:colcon.colcon_core.shell:Creating package descriptor '/home/ws/install/my_robot_interfaces/share/my_robot_interfaces/package.dsv'
[34.819s] INFO:colcon.colcon_core.shell:Creating package script '/home/ws/install/my_robot_interfaces/share/my_robot_interfaces/package.sh'
[34.823s] INFO:colcon.colcon_core.shell:Creating package script '/home/ws/install/my_robot_interfaces/share/my_robot_interfaces/package.bash'
[34.824s] INFO:colcon.colcon_core.shell:Creating package script '/home/ws/install/my_robot_interfaces/share/my_robot_interfaces/package.zsh'
[34.824s] Level 1:colcon.colcon_core.environment:create_file_with_runtime_dependencies(/home/ws/install/my_robot_interfaces/share/colcon-core/packages/my_robot_interfaces)
[34.825s] DEBUG:colcon.colcon_parallel_executor.executor.parallel:closing loop
[34.825s] DEBUG:colcon.colcon_parallel_executor.executor.parallel:loop closed
[34.825s] DEBUG:colcon.colcon_parallel_executor.executor.parallel:run_until_complete finished with '0'
[34.825s] DEBUG:colcon.colcon_core.event_reactor:joining thread
[35.504s] INFO:colcon.colcon_core.plugin_system:Skipping extension 'colcon_notification.desktop_notification.notify_send': Could not find 'notify-send'
[35.504s] INFO:colcon.colcon_core.plugin_system:Skipping extension 'colcon_notification.desktop_notification.terminal_notifier': Not used on non-Darwin systems
[35.505s] INFO:colcon.colcon_core.plugin_system:Skipping extension 'colcon_notification.desktop_notification.win32': Not used on non-Windows systems
[35.505s] INFO:colcon.colcon_notification.desktop_notification:Sending desktop notification using 'notify2'
[35.998s] DEBUG:colcon.colcon_notification.desktop_notification.notify2:Failed to initialize notify2: org.freedesktop.DBus.Error.Spawn.ExecFailed: /usr/bin/dbus-launch terminated abnormally without any error message
[35.998s] DEBUG:colcon.colcon_core.event_reactor:joined thread
[35.999s] INFO:colcon.colcon_core.shell:Creating prefix script '/home/ws/install/local_setup.ps1'
[36.018s] INFO:colcon.colcon_core.shell:Creating prefix util module '/home/ws/install/_local_setup_util_ps1.py'
[36.043s] INFO:colcon.colcon_core.shell:Creating prefix chain script '/home/ws/install/setup.ps1'
[36.119s] INFO:colcon.colcon_core.shell:Creating prefix script '/home/ws/install/local_setup.sh'
[36.168s] INFO:colcon.colcon_core.shell:Creating prefix util module '/home/ws/install/_local_setup_util_sh.py'
[36.168s] INFO:colcon.colcon_core.shell:Creating prefix chain script '/home/ws/install/setup.sh'
[36.273s] INFO:colcon.colcon_core.shell:Creating prefix script '/home/ws/install/local_setup.bash'
[36.313s] INFO:colcon.colcon_core.shell:Creating prefix chain script '/home/ws/install/setup.bash'
[36.354s] INFO:colcon.colcon_core.shell:Creating prefix script '/home/ws/install/local_setup.zsh'
[36.416s] INFO:colcon.colcon_core.shell:Creating prefix chain script '/home/ws/install/setup.zsh'
