[1.640s] DEBUG:colcon:Command line arguments: ['/usr/bin/colcon', 'build', '--packages-select', 'my_robot_interfaces']
[1.640s] DEBUG:colcon:Parsed command line arguments: Namespace(log_base=None, log_level=None, verb_name='build', build_base='build', install_base='install', merge_install=False, symlink_install=False, test_result_base=None, continue_on_error=False, executor='parallel', parallel_workers=4, event_handlers=None, ignore_user_meta=False, metas=['./colcon.meta'], base_paths=['.'], packages_ignore=None, packages_ignore_regex=None, paths=None, packages_up_to=None, packages_up_to_regex=None, packages_above=None, packages_above_and_dependencies=None, packages_above_depth=None, packages_select_by_dep=None, packages_skip_by_dep=None, packages_skip_up_to=None, packages_select_build_failed=False, packages_skip_build_finished=False, packages_select_test_failures=False, packages_skip_test_passed=False, packages_select=['my_robot_interfaces'], packages_skip=None, packages_select_regex=None, packages_skip_regex=None, packages_start=None, packages_end=None, cmake_args=None, cmake_target=None, cmake_target_skip_unavailable=False, cmake_clean_cache=False, cmake_clean_first=False, cmake_force_configure=False, ament_cmake_args=None, catkin_cmake_args=None, catkin_skip_building_tests=False, mixin_files=None, mixin=None, verb_parser=<colcon_mixin.mixin.mixin_argument.MixinArgumentDecorator object at 0x7502ff6735c0>, verb_extension=<colcon_core.verb.build.BuildVerb object at 0x7502ff671a60>, main=<bound method BuildVerb.main of <colcon_core.verb.build.BuildVerb object at 0x7502ff671a60>>, mixin_verb=('build',))
[2.097s] Level 1:colcon.colcon_core.package_discovery:discover_packages(colcon_meta) check parameters
[2.097s] Level 1:colcon.colcon_core.package_discovery:discover_packages(recursive) check parameters
[2.097s] Level 1:colcon.colcon_core.package_discovery:discover_packages(ignore) check parameters
[2.097s] Level 1:colcon.colcon_core.package_discovery:discover_packages(path) check parameters
[2.098s] Level 1:colcon.colcon_core.package_discovery:discover_packages(colcon_meta) discover
[2.098s] Level 1:colcon.colcon_core.package_discovery:discover_packages(recursive) discover
[2.098s] INFO:colcon.colcon_core.package_discovery:Crawling recursively for packages in '/home/ws'
[2.098s] Level 1:colcon.colcon_core.package_identification:_identify(.) by extensions ['ignore', 'ignore_ament_install']
[2.099s] Level 1:colcon.colcon_core.package_identification:_identify(.) by extension 'ignore'
[2.099s] Level 1:colcon.colcon_core.package_identification:_identify(.) by extension 'ignore_ament_install'
[2.099s] Level 1:colcon.colcon_core.package_identification:_identify(.) by extensions ['colcon_pkg']
[2.099s] Level 1:colcon.colcon_core.package_identification:_identify(.) by extension 'colcon_pkg'
[2.099s] Level 1:colcon.colcon_core.package_identification:_identify(.) by extensions ['colcon_meta']
[2.100s] Level 1:colcon.colcon_core.package_identification:_identify(.) by extension 'colcon_meta'
[2.100s] Level 1:colcon.colcon_core.package_identification:_identify(.) by extensions ['ros']
[2.100s] Level 1:colcon.colcon_core.package_identification:_identify(.) by extension 'ros'
[2.363s] Level 1:colcon.colcon_core.package_identification:_identify(.) by extensions ['cmake', 'python']
[2.363s] Level 1:colcon.colcon_core.package_identification:_identify(.) by extension 'cmake'
[2.363s] Level 1:colcon.colcon_core.package_identification:_identify(.) by extension 'python'
[2.363s] Level 1:colcon.colcon_core.package_identification:_identify(.) by extensions ['python_setup_py']
[2.363s] Level 1:colcon.colcon_core.package_identification:_identify(.) by extension 'python_setup_py'
[2.363s] Level 1:colcon.colcon_core.package_identification:_identify(build) by extensions ['ignore', 'ignore_ament_install']
[2.363s] Level 1:colcon.colcon_core.package_identification:_identify(build) by extension 'ignore'
[2.363s] Level 1:colcon.colcon_core.package_identification:_identify(build) ignored
[2.363s] Level 1:colcon.colcon_core.package_identification:_identify(install) by extensions ['ignore', 'ignore_ament_install']
[2.364s] Level 1:colcon.colcon_core.package_identification:_identify(install) by extension 'ignore'
[2.364s] Level 1:colcon.colcon_core.package_identification:_identify(install) ignored
[2.364s] Level 1:colcon.colcon_core.package_identification:_identify(log) by extensions ['ignore', 'ignore_ament_install']
[2.364s] Level 1:colcon.colcon_core.package_identification:_identify(log) by extension 'ignore'
[2.364s] Level 1:colcon.colcon_core.package_identification:_identify(log) ignored
[2.364s] Level 1:colcon.colcon_core.package_identification:_identify(src) by extensions ['ignore', 'ignore_ament_install']
[2.364s] Level 1:colcon.colcon_core.package_identification:_identify(src) by extension 'ignore'
[2.364s] Level 1:colcon.colcon_core.package_identification:_identify(src) by extension 'ignore_ament_install'
[2.364s] Level 1:colcon.colcon_core.package_identification:_identify(src) by extensions ['colcon_pkg']
[2.364s] Level 1:colcon.colcon_core.package_identification:_identify(src) by extension 'colcon_pkg'
[2.364s] Level 1:colcon.colcon_core.package_identification:_identify(src) by extensions ['colcon_meta']
[2.364s] Level 1:colcon.colcon_core.package_identification:_identify(src) by extension 'colcon_meta'
[2.364s] Level 1:colcon.colcon_core.package_identification:_identify(src) by extensions ['ros']
[2.364s] Level 1:colcon.colcon_core.package_identification:_identify(src) by extension 'ros'
[2.364s] Level 1:colcon.colcon_core.package_identification:_identify(src) by extensions ['cmake', 'python']
[2.365s] Level 1:colcon.colcon_core.package_identification:_identify(src) by extension 'cmake'
[2.365s] Level 1:colcon.colcon_core.package_identification:_identify(src) by extension 'python'
[2.365s] Level 1:colcon.colcon_core.package_identification:_identify(src) by extensions ['python_setup_py']
[2.365s] Level 1:colcon.colcon_core.package_identification:_identify(src) by extension 'python_setup_py'
[2.365s] Level 1:colcon.colcon_core.package_identification:_identify(src/my_py_pkg) by extensions ['ignore', 'ignore_ament_install']
[2.365s] Level 1:colcon.colcon_core.package_identification:_identify(src/my_py_pkg) by extension 'ignore'
[2.365s] Level 1:colcon.colcon_core.package_identification:_identify(src/my_py_pkg) by extension 'ignore_ament_install'
[2.365s] Level 1:colcon.colcon_core.package_identification:_identify(src/my_py_pkg) by extensions ['colcon_pkg']
[2.365s] Level 1:colcon.colcon_core.package_identification:_identify(src/my_py_pkg) by extension 'colcon_pkg'
[2.365s] Level 1:colcon.colcon_core.package_identification:_identify(src/my_py_pkg) by extensions ['colcon_meta']
[2.365s] Level 1:colcon.colcon_core.package_identification:_identify(src/my_py_pkg) by extension 'colcon_meta'
[2.365s] Level 1:colcon.colcon_core.package_identification:_identify(src/my_py_pkg) by extensions ['ros']
[2.365s] Level 1:colcon.colcon_core.package_identification:_identify(src/my_py_pkg) by extension 'ros'
[2.388s] DEBUG:colcon.colcon_core.package_identification:Package 'src/my_py_pkg' with type 'ros.ament_python' and name 'my_py_pkg'
[2.388s] Level 1:colcon.colcon_core.package_identification:_identify(src/my_robot_interfaces) by extensions ['ignore', 'ignore_ament_install']
[2.388s] Level 1:colcon.colcon_core.package_identification:_identify(src/my_robot_interfaces) by extension 'ignore'
[2.388s] Level 1:colcon.colcon_core.package_identification:_identify(src/my_robot_interfaces) by extension 'ignore_ament_install'
[2.388s] Level 1:colcon.colcon_core.package_identification:_identify(src/my_robot_interfaces) by extensions ['colcon_pkg']
[2.388s] Level 1:colcon.colcon_core.package_identification:_identify(src/my_robot_interfaces) by extension 'colcon_pkg'
[2.389s] Level 1:colcon.colcon_core.package_identification:_identify(src/my_robot_interfaces) by extensions ['colcon_meta']
[2.389s] Level 1:colcon.colcon_core.package_identification:_identify(src/my_robot_interfaces) by extension 'colcon_meta'
[2.389s] Level 1:colcon.colcon_core.package_identification:_identify(src/my_robot_interfaces) by extensions ['ros']
[2.389s] Level 1:colcon.colcon_core.package_identification:_identify(src/my_robot_interfaces) by extension 'ros'
[2.403s] DEBUG:colcon.colcon_core.package_identification:Package 'src/my_robot_interfaces' with type 'ros.ament_cmake' and name 'my_robot_interfaces'
[2.403s] Level 1:colcon.colcon_core.package_identification:_identify(test) by extensions ['ignore', 'ignore_ament_install']
[2.403s] Level 1:colcon.colcon_core.package_identification:_identify(test) by extension 'ignore'
[2.404s] Level 1:colcon.colcon_core.package_identification:_identify(test) by extension 'ignore_ament_install'
[2.404s] Level 1:colcon.colcon_core.package_identification:_identify(test) by extensions ['colcon_pkg']
[2.404s] Level 1:colcon.colcon_core.package_identification:_identify(test) by extension 'colcon_pkg'
[2.404s] Level 1:colcon.colcon_core.package_identification:_identify(test) by extensions ['colcon_meta']
[2.404s] Level 1:colcon.colcon_core.package_identification:_identify(test) by extension 'colcon_meta'
[2.404s] Level 1:colcon.colcon_core.package_identification:_identify(test) by extensions ['ros']
[2.404s] Level 1:colcon.colcon_core.package_identification:_identify(test) by extension 'ros'
[2.404s] Level 1:colcon.colcon_core.package_identification:_identify(test) by extensions ['cmake', 'python']
[2.404s] Level 1:colcon.colcon_core.package_identification:_identify(test) by extension 'cmake'
[2.404s] Level 1:colcon.colcon_core.package_identification:_identify(test) by extension 'python'
[2.404s] Level 1:colcon.colcon_core.package_identification:_identify(test) by extensions ['python_setup_py']
[2.404s] Level 1:colcon.colcon_core.package_identification:_identify(test) by extension 'python_setup_py'
[2.405s] Level 1:colcon.colcon_core.package_discovery:discover_packages(recursive) using defaults
[2.405s] Level 1:colcon.colcon_core.package_discovery:discover_packages(ignore) discover
[2.405s] Level 1:colcon.colcon_core.package_discovery:discover_packages(ignore) using defaults
[2.405s] Level 1:colcon.colcon_core.package_discovery:discover_packages(path) discover
[2.405s] Level 1:colcon.colcon_core.package_discovery:discover_packages(path) using defaults
[2.704s] INFO:colcon.colcon_core.package_selection:Skipping not selected package 'my_py_pkg' in 'src/my_py_pkg'
[2.705s] Level 5:colcon.colcon_core.verb:set package 'my_robot_interfaces' build argument 'cmake_args' from command line to 'None'
[2.705s] Level 5:colcon.colcon_core.verb:set package 'my_robot_interfaces' build argument 'cmake_target' from command line to 'None'
[2.705s] Level 5:colcon.colcon_core.verb:set package 'my_robot_interfaces' build argument 'cmake_target_skip_unavailable' from command line to 'False'
[2.705s] Level 5:colcon.colcon_core.verb:set package 'my_robot_interfaces' build argument 'cmake_clean_cache' from command line to 'False'
[2.705s] Level 5:colcon.colcon_core.verb:set package 'my_robot_interfaces' build argument 'cmake_clean_first' from command line to 'False'
[2.705s] Level 5:colcon.colcon_core.verb:set package 'my_robot_interfaces' build argument 'cmake_force_configure' from command line to 'False'
[2.705s] Level 5:colcon.colcon_core.verb:set package 'my_robot_interfaces' build argument 'ament_cmake_args' from command line to 'None'
[2.705s] Level 5:colcon.colcon_core.verb:set package 'my_robot_interfaces' build argument 'catkin_cmake_args' from command line to 'None'
[2.705s] Level 5:colcon.colcon_core.verb:set package 'my_robot_interfaces' build argument 'catkin_skip_building_tests' from command line to 'False'
[2.706s] DEBUG:colcon.colcon_core.verb:Building package 'my_robot_interfaces' with the following arguments: {'ament_cmake_args': None, 'build_base': '/home/ws/build/my_robot_interfaces', 'catkin_cmake_args': None, 'catkin_skip_building_tests': False, 'cmake_args': None, 'cmake_clean_cache': False, 'cmake_clean_first': False, 'cmake_force_configure': False, 'cmake_target': None, 'cmake_target_skip_unavailable': False, 'install_base': '/home/ws/install/my_robot_interfaces', 'merge_install': False, 'path': '/home/ws/src/my_robot_interfaces', 'symlink_install': False, 'test_result_base': None}
[2.706s] INFO:colcon.colcon_core.executor:Executing jobs using 'parallel' executor
[2.721s] DEBUG:colcon.colcon_parallel_executor.executor.parallel:run_until_complete
[2.722s] INFO:colcon.colcon_ros.task.ament_cmake.build:Building ROS package in '/home/ws/src/my_robot_interfaces' with build type 'ament_cmake'
[2.722s] INFO:colcon.colcon_cmake.task.cmake.build:Building CMake package in '/home/ws/src/my_robot_interfaces'
[2.743s] INFO:colcon.colcon_core.plugin_system:Skipping extension 'colcon_core.shell.bat': Not used on non-Windows systems
[2.744s] INFO:colcon.colcon_core.shell:Skip shell extension 'powershell' for command environment: Not usable outside of PowerShell
[2.744s] DEBUG:colcon.colcon_core.shell:Skip shell extension 'dsv' for command environment
[2.917s] DEBUG:colcon.colcon_core.event_handler.log_command:Invoking command in '/home/ws/build/my_robot_interfaces': CMAKE_PREFIX_PATH=${CMAKE_PREFIX_PATH}:/home/ws/install/my_py_pkg:/opt/ros/jazzy /usr/bin/cmake --build /home/ws/build/my_robot_interfaces -- -j4 -l4
[30.580s] DEBUG:colcon.colcon_core.event_handler.log_command:Invoked command in '/home/ws/build/my_robot_interfaces' returned '0': CMAKE_PREFIX_PATH=${CMAKE_PREFIX_PATH}:/home/ws/install/my_py_pkg:/opt/ros/jazzy /usr/bin/cmake --build /home/ws/build/my_robot_interfaces -- -j4 -l4
[30.629s] DEBUG:colcon.colcon_core.event_handler.log_command:Invoking command in '/home/ws/build/my_robot_interfaces': CMAKE_PREFIX_PATH=${CMAKE_PREFIX_PATH}:/home/ws/install/my_py_pkg:/opt/ros/jazzy /usr/bin/cmake --install /home/ws/build/my_robot_interfaces
[31.492s] Level 1:colcon.colcon_core.environment:create_environment_scripts_only(my_robot_interfaces)
[31.493s] DEBUG:colcon.colcon_core.event_handler.log_command:Invoked command in '/home/ws/build/my_robot_interfaces' returned '0': CMAKE_PREFIX_PATH=${CMAKE_PREFIX_PATH}:/home/ws/install/my_py_pkg:/opt/ros/jazzy /usr/bin/cmake --install /home/ws/build/my_robot_interfaces
[31.716s] Level 1:colcon.colcon_core.environment:checking '/home/ws/install/my_robot_interfaces' for CMake module files
[31.719s] Level 1:colcon.colcon_core.environment:checking '/home/ws/install/my_robot_interfaces' for CMake config files
[31.721s] Level 1:colcon.colcon_core.shell:create_environment_hook('my_robot_interfaces', 'cmake_prefix_path')
[31.722s] INFO:colcon.colcon_core.shell:Creating environment hook '/home/ws/install/my_robot_interfaces/share/my_robot_interfaces/hook/cmake_prefix_path.ps1'
[31.778s] INFO:colcon.colcon_core.shell:Creating environment descriptor '/home/ws/install/my_robot_interfaces/share/my_robot_interfaces/hook/cmake_prefix_path.dsv'
[31.836s] INFO:colcon.colcon_core.shell:Creating environment hook '/home/ws/install/my_robot_interfaces/share/my_robot_interfaces/hook/cmake_prefix_path.sh'
[31.854s] Level 1:colcon.colcon_core.environment:checking '/home/ws/install/my_robot_interfaces/lib'
[31.854s] Level 1:colcon.colcon_core.shell:create_environment_hook('my_robot_interfaces', 'ld_library_path_lib')
[31.855s] INFO:colcon.colcon_core.shell:Creating environment hook '/home/ws/install/my_robot_interfaces/share/my_robot_interfaces/hook/ld_library_path_lib.ps1'
[31.856s] INFO:colcon.colcon_core.shell:Creating environment descriptor '/home/ws/install/my_robot_interfaces/share/my_robot_interfaces/hook/ld_library_path_lib.dsv'
[31.856s] INFO:colcon.colcon_core.shell:Creating environment hook '/home/ws/install/my_robot_interfaces/share/my_robot_interfaces/hook/ld_library_path_lib.sh'
[31.857s] Level 1:colcon.colcon_core.environment:checking '/home/ws/install/my_robot_interfaces/bin'
[31.858s] Level 1:colcon.colcon_core.environment:checking '/home/ws/install/my_robot_interfaces/lib/pkgconfig/my_robot_interfaces.pc'
[31.884s] Level 1:colcon.colcon_core.environment:checking '/home/ws/install/my_robot_interfaces/lib/python3.12/site-packages'
[31.885s] Level 1:colcon.colcon_core.shell:create_environment_hook('my_robot_interfaces', 'pythonpath')
[31.885s] INFO:colcon.colcon_core.shell:Creating environment hook '/home/ws/install/my_robot_interfaces/share/my_robot_interfaces/hook/pythonpath.ps1'
[31.885s] INFO:colcon.colcon_core.shell:Creating environment descriptor '/home/ws/install/my_robot_interfaces/share/my_robot_interfaces/hook/pythonpath.dsv'
[31.886s] INFO:colcon.colcon_core.shell:Creating environment hook '/home/ws/install/my_robot_interfaces/share/my_robot_interfaces/hook/pythonpath.sh'
[31.887s] Level 1:colcon.colcon_core.environment:checking '/home/ws/install/my_robot_interfaces/bin'
[31.887s] INFO:colcon.colcon_core.shell:Creating package script '/home/ws/install/my_robot_interfaces/share/my_robot_interfaces/package.ps1'
[31.896s] INFO:colcon.colcon_core.shell:Creating package descriptor '/home/ws/install/my_robot_interfaces/share/my_robot_interfaces/package.dsv'
[31.909s] INFO:colcon.colcon_core.shell:Creating package script '/home/ws/install/my_robot_interfaces/share/my_robot_interfaces/package.sh'
[31.914s] INFO:colcon.colcon_core.shell:Creating package script '/home/ws/install/my_robot_interfaces/share/my_robot_interfaces/package.bash'
[31.918s] INFO:colcon.colcon_core.shell:Creating package script '/home/ws/install/my_robot_interfaces/share/my_robot_interfaces/package.zsh'
[31.937s] Level 1:colcon.colcon_core.environment:create_file_with_runtime_dependencies(/home/ws/install/my_robot_interfaces/share/colcon-core/packages/my_robot_interfaces)
[31.938s] Level 1:colcon.colcon_core.environment:create_environment_scripts_only(my_robot_interfaces)
[31.939s] Level 1:colcon.colcon_core.environment:checking '/home/ws/install/my_robot_interfaces' for CMake module files
[31.940s] Level 1:colcon.colcon_core.environment:checking '/home/ws/install/my_robot_interfaces' for CMake config files
[31.941s] Level 1:colcon.colcon_core.shell:create_environment_hook('my_robot_interfaces', 'cmake_prefix_path')
[31.941s] INFO:colcon.colcon_core.shell:Creating environment hook '/home/ws/install/my_robot_interfaces/share/my_robot_interfaces/hook/cmake_prefix_path.ps1'
[31.942s] INFO:colcon.colcon_core.shell:Creating environment descriptor '/home/ws/install/my_robot_interfaces/share/my_robot_interfaces/hook/cmake_prefix_path.dsv'
[31.942s] INFO:colcon.colcon_core.shell:Creating environment hook '/home/ws/install/my_robot_interfaces/share/my_robot_interfaces/hook/cmake_prefix_path.sh'
[31.943s] Level 1:colcon.colcon_core.environment:checking '/home/ws/install/my_robot_interfaces/lib'
[31.943s] Level 1:colcon.colcon_core.shell:create_environment_hook('my_robot_interfaces', 'ld_library_path_lib')
[31.943s] INFO:colcon.colcon_core.shell:Creating environment hook '/home/ws/install/my_robot_interfaces/share/my_robot_interfaces/hook/ld_library_path_lib.ps1'
[31.944s] INFO:colcon.colcon_core.shell:Creating environment descriptor '/home/ws/install/my_robot_interfaces/share/my_robot_interfaces/hook/ld_library_path_lib.dsv'
[31.944s] INFO:colcon.colcon_core.shell:Creating environment hook '/home/ws/install/my_robot_interfaces/share/my_robot_interfaces/hook/ld_library_path_lib.sh'
[31.944s] Level 1:colcon.colcon_core.environment:checking '/home/ws/install/my_robot_interfaces/bin'
[31.945s] Level 1:colcon.colcon_core.environment:checking '/home/ws/install/my_robot_interfaces/lib/pkgconfig/my_robot_interfaces.pc'
[31.945s] Level 1:colcon.colcon_core.environment:checking '/home/ws/install/my_robot_interfaces/lib/python3.12/site-packages'
[31.945s] Level 1:colcon.colcon_core.shell:create_environment_hook('my_robot_interfaces', 'pythonpath')
[31.945s] INFO:colcon.colcon_core.shell:Creating environment hook '/home/ws/install/my_robot_interfaces/share/my_robot_interfaces/hook/pythonpath.ps1'
[31.946s] INFO:colcon.colcon_core.shell:Creating environment descriptor '/home/ws/install/my_robot_interfaces/share/my_robot_interfaces/hook/pythonpath.dsv'
[31.946s] INFO:colcon.colcon_core.shell:Creating environment hook '/home/ws/install/my_robot_interfaces/share/my_robot_interfaces/hook/pythonpath.sh'
[31.947s] Level 1:colcon.colcon_core.environment:checking '/home/ws/install/my_robot_interfaces/bin'
[31.947s] INFO:colcon.colcon_core.shell:Creating package script '/home/ws/install/my_robot_interfaces/share/my_robot_interfaces/package.ps1'
[31.947s] INFO:colcon.colcon_core.shell:Creating package descriptor '/home/ws/install/my_robot_interfaces/share/my_robot_interfaces/package.dsv'
[31.948s] INFO:colcon.colcon_core.shell:Creating package script '/home/ws/install/my_robot_interfaces/share/my_robot_interfaces/package.sh'
[31.949s] INFO:colcon.colcon_core.shell:Creating package script '/home/ws/install/my_robot_interfaces/share/my_robot_interfaces/package.bash'
[31.949s] INFO:colcon.colcon_core.shell:Creating package script '/home/ws/install/my_robot_interfaces/share/my_robot_interfaces/package.zsh'
[31.950s] Level 1:colcon.colcon_core.environment:create_file_with_runtime_dependencies(/home/ws/install/my_robot_interfaces/share/colcon-core/packages/my_robot_interfaces)
[31.950s] DEBUG:colcon.colcon_parallel_executor.executor.parallel:closing loop
[31.950s] DEBUG:colcon.colcon_parallel_executor.executor.parallel:loop closed
[31.950s] DEBUG:colcon.colcon_parallel_executor.executor.parallel:run_until_complete finished with '0'
[31.950s] DEBUG:colcon.colcon_core.event_reactor:joining thread
[32.127s] INFO:colcon.colcon_core.plugin_system:Skipping extension 'colcon_notification.desktop_notification.notify_send': Could not find 'notify-send'
[32.127s] INFO:colcon.colcon_core.plugin_system:Skipping extension 'colcon_notification.desktop_notification.terminal_notifier': Not used on non-Darwin systems
[32.128s] INFO:colcon.colcon_core.plugin_system:Skipping extension 'colcon_notification.desktop_notification.win32': Not used on non-Windows systems
[32.128s] INFO:colcon.colcon_notification.desktop_notification:Sending desktop notification using 'notify2'
[32.258s] DEBUG:colcon.colcon_notification.desktop_notification.notify2:Failed to initialize notify2: org.freedesktop.DBus.Error.Spawn.ExecFailed: /usr/bin/dbus-launch terminated abnormally without any error message
[32.259s] DEBUG:colcon.colcon_core.event_reactor:joined thread
[32.261s] INFO:colcon.colcon_core.shell:Creating prefix script '/home/ws/install/local_setup.ps1'
[32.276s] INFO:colcon.colcon_core.shell:Creating prefix util module '/home/ws/install/_local_setup_util_ps1.py'
[32.296s] INFO:colcon.colcon_core.shell:Creating prefix chain script '/home/ws/install/setup.ps1'
[32.315s] INFO:colcon.colcon_core.shell:Creating prefix script '/home/ws/install/local_setup.sh'
[32.318s] INFO:colcon.colcon_core.shell:Creating prefix util module '/home/ws/install/_local_setup_util_sh.py'
[32.320s] INFO:colcon.colcon_core.shell:Creating prefix chain script '/home/ws/install/setup.sh'
[32.329s] INFO:colcon.colcon_core.shell:Creating prefix script '/home/ws/install/local_setup.bash'
[32.345s] INFO:colcon.colcon_core.shell:Creating prefix chain script '/home/ws/install/setup.bash'
[32.375s] INFO:colcon.colcon_core.shell:Creating prefix script '/home/ws/install/local_setup.zsh'
[32.379s] INFO:colcon.colcon_core.shell:Creating prefix chain script '/home/ws/install/setup.zsh'
