[4.681s] Invoking command in '/home/ws/src/my_py_pkg': PYTHONPATH=/home/ws/build/my_py_pkg/prefix_override:/usr/lib/python3/dist-packages/colcon_core/task/python/colcon_distutils_commands:/home/ws/install/my_py_pkg/lib/python3.12/site-packages:${PYTHONPATH} /usr/bin/python3 -W ignore:setup.py install is deprecated -W ignore:easy_install command is deprecated setup.py egg_info --egg-base ../../build/my_py_pkg build --build-base /home/ws/build/my_py_pkg/build install --record /home/ws/build/my_py_pkg/install.log --single-version-externally-managed install_data
[4.959s] running egg_info
[4.975s] writing ../../build/my_py_pkg/my_py_pkg.egg-info/PKG-INFO
[4.976s] writing dependency_links to ../../build/my_py_pkg/my_py_pkg.egg-info/dependency_links.txt
[4.976s] writing entry points to ../../build/my_py_pkg/my_py_pkg.egg-info/entry_points.txt
[4.976s] writing requirements to ../../build/my_py_pkg/my_py_pkg.egg-info/requires.txt
[4.976s] writing top-level names to ../../build/my_py_pkg/my_py_pkg.egg-info/top_level.txt
[5.011s] reading manifest file '../../build/my_py_pkg/my_py_pkg.egg-info/SOURCES.txt'
[5.048s] writing manifest file '../../build/my_py_pkg/my_py_pkg.egg-info/SOURCES.txt'
[5.048s] running build
[5.048s] running build_py
[5.048s] copying my_py_pkg/my_first_node.py -> /home/ws/build/my_py_pkg/build/lib/my_py_pkg
[5.048s] running install
[5.055s] running install_lib
[5.074s] copying /home/ws/build/my_py_pkg/build/lib/my_py_pkg/my_first_node.py -> /home/ws/install/my_py_pkg/lib/python3.12/site-packages/my_py_pkg
[5.074s] byte-compiling /home/ws/install/my_py_pkg/lib/python3.12/site-packages/my_py_pkg/my_first_node.py to my_first_node.cpython-312.pyc
[5.075s] running install_data
[5.075s] running install_egg_info
[5.094s] removing '/home/ws/install/my_py_pkg/lib/python3.12/site-packages/my_py_pkg-0.0.0-py3.12.egg-info' (and everything under it)
[5.094s] Copying ../../build/my_py_pkg/my_py_pkg.egg-info to /home/ws/install/my_py_pkg/lib/python3.12/site-packages/my_py_pkg-0.0.0-py3.12.egg-info
[5.118s] running install_scripts
[5.246s] Installing py_node script to /home/ws/install/my_py_pkg/lib/my_py_pkg
[5.246s] writing list of installed files to '/home/ws/build/my_py_pkg/install.log'
[5.280s] Invoked command in '/home/ws/src/my_py_pkg' returned '0': PYTHONPATH=/home/ws/build/my_py_pkg/prefix_override:/usr/lib/python3/dist-packages/colcon_core/task/python/colcon_distutils_commands:/home/ws/install/my_py_pkg/lib/python3.12/site-packages:${PYTHONPATH} /usr/bin/python3 -W ignore:setup.py install is deprecated -W ignore:easy_install command is deprecated setup.py egg_info --egg-base ../../build/my_py_pkg build --build-base /home/ws/build/my_py_pkg/build install --record /home/ws/build/my_py_pkg/install.log --single-version-externally-managed install_data
